{"/Users/a001860/Desktop/kuc/kintone-ui-component/src/constant/Message.ts": {"path":"/Users/a001860/Desktop/kuc/kintone-ui-component/src/constant/Message.ts","statementMap":{"0":{"start":{"line":2,"column":0},"end":{"line":2,"column":62}},"1":{"start":{"line":3,"column":25},"end":{"line":3,"column":81}},"2":{"start":{"line":4,"column":14},"end":{"line":34,"column":1}},"3":{"start":{"line":35,"column":0},"end":{"line":35,"column":26}}},"fnMap":{},"branchMap":{},"s":{"0":107,"1":107,"2":107,"3":107},"f":{},"b":{},"_coverageSchema":"1a1c01bbd47fc00a2c39e90264f33305004495a9","hash":"3c5e8ccc8c5ccf6d4355fb1724c1fa4b4ecbc959"}
,"/Users/a001860/Desktop/kuc/kintone-ui-component/src/css/Alert.css": {"path":"/Users/a001860/Desktop/kuc/kintone-ui-component/src/css/Alert.css","statementMap":{"0":{"start":{"line":1,"column":20},"end":{"line":1,"column":43}},"1":{"start":{"line":3,"column":0},"end":{"line":3,"column":277}},"2":{"start":{"line":4,"column":0},"end":{"line":4,"column":20}}},"fnMap":{},"branchMap":{},"s":{"0":21,"1":21,"2":21},"f":{},"b":{},"_coverageSchema":"1a1c01bbd47fc00a2c39e90264f33305004495a9","hash":"e79eff4e46aa7bbbbb4449c4585f936242c93c2a"}
,"/Users/a001860/Desktop/kuc/kintone-ui-component/src/css/Attachment.css": {"path":"/Users/a001860/Desktop/kuc/kintone-ui-component/src/css/Attachment.css","statementMap":{"0":{"start":{"line":1,"column":20},"end":{"line":1,"column":43}},"1":{"start":{"line":3,"column":0},"end":{"line":3,"column":5109}},"2":{"start":{"line":4,"column":0},"end":{"line":4,"column":20}}},"fnMap":{},"branchMap":{},"s":{"0":28,"1":28,"2":28},"f":{},"b":{},"_coverageSchema":"1a1c01bbd47fc00a2c39e90264f33305004495a9","hash":"71875c63d9597e80989a427f2ef79f29a1e7ab3a"}
,"/Users/a001860/Desktop/kuc/kintone-ui-component/src/css/Button.css": {"path":"/Users/a001860/Desktop/kuc/kintone-ui-component/src/css/Button.css","statementMap":{"0":{"start":{"line":1,"column":20},"end":{"line":1,"column":43}},"1":{"start":{"line":3,"column":0},"end":{"line":3,"column":1326}},"2":{"start":{"line":4,"column":0},"end":{"line":4,"column":20}}},"fnMap":{},"branchMap":{},"s":{"0":23,"1":23,"2":23},"f":{},"b":{},"_coverageSchema":"1a1c01bbd47fc00a2c39e90264f33305004495a9","hash":"98338bf7cfa2f5d0f3fbdc08a9ff29f8826f1ed0"}
,"/Users/a001860/Desktop/kuc/kintone-ui-component/src/css/CheckBox.css": {"path":"/Users/a001860/Desktop/kuc/kintone-ui-component/src/css/CheckBox.css","statementMap":{"0":{"start":{"line":1,"column":20},"end":{"line":1,"column":43}},"1":{"start":{"line":3,"column":0},"end":{"line":3,"column":25329}},"2":{"start":{"line":4,"column":0},"end":{"line":4,"column":20}}},"fnMap":{},"branchMap":{},"s":{"0":28,"1":28,"2":28},"f":{},"b":{},"_coverageSchema":"1a1c01bbd47fc00a2c39e90264f33305004495a9","hash":"ec933bff17f772ef91633dd01db7401992adba58"}
,"/Users/a001860/Desktop/kuc/kintone-ui-component/src/css/DateTime.css": {"path":"/Users/a001860/Desktop/kuc/kintone-ui-component/src/css/DateTime.css","statementMap":{"0":{"start":{"line":1,"column":20},"end":{"line":1,"column":43}},"1":{"start":{"line":3,"column":0},"end":{"line":3,"column":4630}},"2":{"start":{"line":4,"column":0},"end":{"line":4,"column":20}}},"fnMap":{},"branchMap":{},"s":{"0":13,"1":13,"2":13},"f":{},"b":{},"_coverageSchema":"1a1c01bbd47fc00a2c39e90264f33305004495a9","hash":"988ab915dd3abffcd27fb15729c6e073d8484a4e"}
,"/Users/a001860/Desktop/kuc/kintone-ui-component/src/css/Dialog.css": {"path":"/Users/a001860/Desktop/kuc/kintone-ui-component/src/css/Dialog.css","statementMap":{"0":{"start":{"line":1,"column":20},"end":{"line":1,"column":43}},"1":{"start":{"line":3,"column":0},"end":{"line":3,"column":968}},"2":{"start":{"line":4,"column":0},"end":{"line":4,"column":20}}},"fnMap":{},"branchMap":{},"s":{"0":13,"1":13,"2":13},"f":{},"b":{},"_coverageSchema":"1a1c01bbd47fc00a2c39e90264f33305004495a9","hash":"c0b2b224c8923c6c3af31ab4b64478f83577f8e7"}
,"/Users/a001860/Desktop/kuc/kintone-ui-component/src/css/Dropdown.css": {"path":"/Users/a001860/Desktop/kuc/kintone-ui-component/src/css/Dropdown.css","statementMap":{"0":{"start":{"line":1,"column":20},"end":{"line":1,"column":43}},"1":{"start":{"line":3,"column":0},"end":{"line":3,"column":2062}},"2":{"start":{"line":4,"column":0},"end":{"line":4,"column":20}}},"fnMap":{},"branchMap":{},"s":{"0":34,"1":34,"2":34},"f":{},"b":{},"_coverageSchema":"1a1c01bbd47fc00a2c39e90264f33305004495a9","hash":"09099e7b88bc4fb212d4d17c6c57ebe4271667ab"}
,"/Users/a001860/Desktop/kuc/kintone-ui-component/src/css/DropdownCalendar.css": {"path":"/Users/a001860/Desktop/kuc/kintone-ui-component/src/css/DropdownCalendar.css","statementMap":{"0":{"start":{"line":1,"column":20},"end":{"line":1,"column":43}},"1":{"start":{"line":3,"column":0},"end":{"line":3,"column":1598}},"2":{"start":{"line":4,"column":0},"end":{"line":4,"column":20}}},"fnMap":{},"branchMap":{},"s":{"0":14,"1":14,"2":14},"f":{},"b":{},"_coverageSchema":"1a1c01bbd47fc00a2c39e90264f33305004495a9","hash":"6422295c31ac8e7a2ab16ebb1f7a5299ea191e1a"}
,"/Users/a001860/Desktop/kuc/kintone-ui-component/src/css/FieldGroup.css": {"path":"/Users/a001860/Desktop/kuc/kintone-ui-component/src/css/FieldGroup.css","statementMap":{"0":{"start":{"line":1,"column":20},"end":{"line":1,"column":43}},"1":{"start":{"line":3,"column":0},"end":{"line":3,"column":840}},"2":{"start":{"line":4,"column":0},"end":{"line":4,"column":20}}},"fnMap":{},"branchMap":{},"s":{"0":13,"1":13,"2":13},"f":{},"b":{},"_coverageSchema":"1a1c01bbd47fc00a2c39e90264f33305004495a9","hash":"219f31cea4f4e8bf7dd02853fe20837c72e52d34"}
,"/Users/a001860/Desktop/kuc/kintone-ui-component/src/css/IconButton.css": {"path":"/Users/a001860/Desktop/kuc/kintone-ui-component/src/css/IconButton.css","statementMap":{"0":{"start":{"line":1,"column":20},"end":{"line":1,"column":43}},"1":{"start":{"line":3,"column":0},"end":{"line":3,"column":1952}},"2":{"start":{"line":4,"column":0},"end":{"line":4,"column":20}}},"fnMap":{},"branchMap":{},"s":{"0":42,"1":42,"2":42},"f":{},"b":{},"_coverageSchema":"1a1c01bbd47fc00a2c39e90264f33305004495a9","hash":"c212332b75871d60a05d831476169e8f11b2e2c2"}
,"/Users/a001860/Desktop/kuc/kintone-ui-component/src/css/Item.css": {"path":"/Users/a001860/Desktop/kuc/kintone-ui-component/src/css/Item.css","statementMap":{"0":{"start":{"line":1,"column":20},"end":{"line":1,"column":43}},"1":{"start":{"line":3,"column":0},"end":{"line":3,"column":2084}},"2":{"start":{"line":4,"column":0},"end":{"line":4,"column":20}}},"fnMap":{},"branchMap":{},"s":{"0":75,"1":75,"2":75},"f":{},"b":{},"_coverageSchema":"1a1c01bbd47fc00a2c39e90264f33305004495a9","hash":"8901f55f71a74c9b057ed2c1c8311f21fea92486"}
,"/Users/a001860/Desktop/kuc/kintone-ui-component/src/css/Label.css": {"path":"/Users/a001860/Desktop/kuc/kintone-ui-component/src/css/Label.css","statementMap":{"0":{"start":{"line":1,"column":20},"end":{"line":1,"column":43}},"1":{"start":{"line":3,"column":0},"end":{"line":3,"column":308}},"2":{"start":{"line":4,"column":0},"end":{"line":4,"column":20}}},"fnMap":{},"branchMap":{},"s":{"0":23,"1":23,"2":23},"f":{},"b":{},"_coverageSchema":"1a1c01bbd47fc00a2c39e90264f33305004495a9","hash":"50eb5be7691ec64ae281ae50790830e5b6ad2b60"}
,"/Users/a001860/Desktop/kuc/kintone-ui-component/src/css/MultipleChoice.css": {"path":"/Users/a001860/Desktop/kuc/kintone-ui-component/src/css/MultipleChoice.css","statementMap":{"0":{"start":{"line":1,"column":20},"end":{"line":1,"column":43}},"1":{"start":{"line":3,"column":0},"end":{"line":3,"column":405}},"2":{"start":{"line":4,"column":0},"end":{"line":4,"column":20}}},"fnMap":{},"branchMap":{},"s":{"0":28,"1":28,"2":28},"f":{},"b":{},"_coverageSchema":"1a1c01bbd47fc00a2c39e90264f33305004495a9","hash":"4db759bb2b1a810cb473969781e0231a23821ed6"}
,"/Users/a001860/Desktop/kuc/kintone-ui-component/src/css/NotifyPopup.css": {"path":"/Users/a001860/Desktop/kuc/kintone-ui-component/src/css/NotifyPopup.css","statementMap":{"0":{"start":{"line":1,"column":20},"end":{"line":1,"column":43}},"1":{"start":{"line":3,"column":0},"end":{"line":3,"column":1341}},"2":{"start":{"line":4,"column":0},"end":{"line":4,"column":20}}},"fnMap":{},"branchMap":{},"s":{"0":14,"1":14,"2":14},"f":{},"b":{},"_coverageSchema":"1a1c01bbd47fc00a2c39e90264f33305004495a9","hash":"021e78ef3e79f2f12c2b84a9ca086bd2779ed2bc"}
,"/Users/a001860/Desktop/kuc/kintone-ui-component/src/css/RadioButton.css": {"path":"/Users/a001860/Desktop/kuc/kintone-ui-component/src/css/RadioButton.css","statementMap":{"0":{"start":{"line":1,"column":20},"end":{"line":1,"column":43}},"1":{"start":{"line":3,"column":0},"end":{"line":3,"column":1308}},"2":{"start":{"line":4,"column":0},"end":{"line":4,"column":20}}},"fnMap":{},"branchMap":{},"s":{"0":27,"1":27,"2":27},"f":{},"b":{},"_coverageSchema":"1a1c01bbd47fc00a2c39e90264f33305004495a9","hash":"9e20198cec9cb6c58fe7cfb8f2272819ee29cf66"}
,"/Users/a001860/Desktop/kuc/kintone-ui-component/src/css/Spinner.css": {"path":"/Users/a001860/Desktop/kuc/kintone-ui-component/src/css/Spinner.css","statementMap":{"0":{"start":{"line":1,"column":20},"end":{"line":1,"column":43}},"1":{"start":{"line":3,"column":0},"end":{"line":3,"column":4599}},"2":{"start":{"line":4,"column":0},"end":{"line":4,"column":20}}},"fnMap":{},"branchMap":{},"s":{"0":9,"1":9,"2":9},"f":{},"b":{},"_coverageSchema":"1a1c01bbd47fc00a2c39e90264f33305004495a9","hash":"87c5070c39072aff333d10aea49fc5a8df06a5d6"}
,"/Users/a001860/Desktop/kuc/kintone-ui-component/src/css/Table.css": {"path":"/Users/a001860/Desktop/kuc/kintone-ui-component/src/css/Table.css","statementMap":{"0":{"start":{"line":1,"column":20},"end":{"line":1,"column":43}},"1":{"start":{"line":3,"column":0},"end":{"line":3,"column":935}},"2":{"start":{"line":4,"column":0},"end":{"line":4,"column":20}}},"fnMap":{},"branchMap":{},"s":{"0":18,"1":18,"2":18},"f":{},"b":{},"_coverageSchema":"1a1c01bbd47fc00a2c39e90264f33305004495a9","hash":"1335f90b0a424815c6f9a85f72dc150aa554368f"}
,"/Users/a001860/Desktop/kuc/kintone-ui-component/src/css/Tabs.css": {"path":"/Users/a001860/Desktop/kuc/kintone-ui-component/src/css/Tabs.css","statementMap":{"0":{"start":{"line":1,"column":20},"end":{"line":1,"column":43}},"1":{"start":{"line":3,"column":0},"end":{"line":3,"column":1195}},"2":{"start":{"line":4,"column":0},"end":{"line":4,"column":20}}},"fnMap":{},"branchMap":{},"s":{"0":15,"1":15,"2":15},"f":{},"b":{},"_coverageSchema":"1a1c01bbd47fc00a2c39e90264f33305004495a9","hash":"db11f6e0fd0bd141f880c79f57308fb72833c8fc"}
,"/Users/a001860/Desktop/kuc/kintone-ui-component/src/css/Text.css": {"path":"/Users/a001860/Desktop/kuc/kintone-ui-component/src/css/Text.css","statementMap":{"0":{"start":{"line":1,"column":20},"end":{"line":1,"column":43}},"1":{"start":{"line":3,"column":0},"end":{"line":3,"column":557}},"2":{"start":{"line":4,"column":0},"end":{"line":4,"column":20}}},"fnMap":{},"branchMap":{},"s":{"0":28,"1":28,"2":28},"f":{},"b":{},"_coverageSchema":"1a1c01bbd47fc00a2c39e90264f33305004495a9","hash":"67bac9132808b8753062add58b8e312e46a72097"}
,"/Users/a001860/Desktop/kuc/kintone-ui-component/src/css/TextArea.css": {"path":"/Users/a001860/Desktop/kuc/kintone-ui-component/src/css/TextArea.css","statementMap":{"0":{"start":{"line":1,"column":20},"end":{"line":1,"column":43}},"1":{"start":{"line":3,"column":0},"end":{"line":3,"column":2164}},"2":{"start":{"line":4,"column":0},"end":{"line":4,"column":20}}},"fnMap":{},"branchMap":{},"s":{"0":18,"1":18,"2":18},"f":{},"b":{},"_coverageSchema":"1a1c01bbd47fc00a2c39e90264f33305004495a9","hash":"204f3d2e7cb3267845938d799f12223d3526ce25"}
,"/Users/a001860/Desktop/kuc/kintone-ui-component/src/css/font.css": {"path":"/Users/a001860/Desktop/kuc/kintone-ui-component/src/css/font.css","statementMap":{"0":{"start":{"line":1,"column":20},"end":{"line":1,"column":43}},"1":{"start":{"line":3,"column":0},"end":{"line":3,"column":808}},"2":{"start":{"line":4,"column":0},"end":{"line":4,"column":20}}},"fnMap":{},"branchMap":{},"s":{"0":29,"1":29,"2":29},"f":{},"b":{},"_coverageSchema":"1a1c01bbd47fc00a2c39e90264f33305004495a9","hash":"d55aafbe5abdfd2ad536b28a83d4cb19254c7d6e"}
,"/Users/a001860/Desktop/kuc/kintone-ui-component/src/js/polyfill.ts": {"path":"/Users/a001860/Desktop/kuc/kintone-ui-component/src/js/polyfill.ts","statementMap":{"0":{"start":{"line":1,"column":0},"end":{"line":53,"column":72}},"1":{"start":{"line":2,"column":4},"end":{"line":52,"column":7}},"2":{"start":{"line":3,"column":8},"end":{"line":21,"column":9}},"3":{"start":{"line":4,"column":12},"end":{"line":20,"column":15}},"4":{"start":{"line":9,"column":31},"end":{"line":9,"column":33}},"5":{"start":{"line":10,"column":20},"end":{"line":12,"column":21}},"6":{"start":{"line":10,"column":34},"end":{"line":10,"column":35}},"7":{"start":{"line":11,"column":24},"end":{"line":11,"column":49}},"8":{"start":{"line":13,"column":34},"end":{"line":13,"column":67}},"9":{"start":{"line":14,"column":20},"end":{"line":17,"column":23}},"10":{"start":{"line":15,"column":37},"end":{"line":15,"column":60}},"11":{"start":{"line":16,"column":24},"end":{"line":16,"column":105}},"12":{"start":{"line":18,"column":20},"end":{"line":18,"column":46}},"13":{"start":{"line":22,"column":8},"end":{"line":32,"column":9}},"14":{"start":{"line":23,"column":12},"end":{"line":31,"column":15}},"15":{"start":{"line":28,"column":20},"end":{"line":29,"column":58}},"16":{"start":{"line":29,"column":24},"end":{"line":29,"column":58}},"17":{"start":{"line":33,"column":8},"end":{"line":51,"column":9}},"18":{"start":{"line":34,"column":12},"end":{"line":50,"column":15}},"19":{"start":{"line":39,"column":31},"end":{"line":39,"column":33}},"20":{"start":{"line":40,"column":20},"end":{"line":42,"column":21}},"21":{"start":{"line":40,"column":34},"end":{"line":40,"column":35}},"22":{"start":{"line":41,"column":24},"end":{"line":41,"column":49}},"23":{"start":{"line":43,"column":34},"end":{"line":43,"column":67}},"24":{"start":{"line":44,"column":20},"end":{"line":47,"column":23}},"25":{"start":{"line":45,"column":37},"end":{"line":45,"column":60}},"26":{"start":{"line":46,"column":24},"end":{"line":46,"column":105}},"27":{"start":{"line":48,"column":20},"end":{"line":48,"column":64}},"28":{"start":{"line":54,"column":0},"end":{"line":57,"column":1}},"29":{"start":{"line":55,"column":4},"end":{"line":56,"column":48}},"30":{"start":{"line":58,"column":0},"end":{"line":69,"column":1}},"31":{"start":{"line":59,"column":4},"end":{"line":68,"column":6}},"32":{"start":{"line":61,"column":17},"end":{"line":61,"column":21}},"33":{"start":{"line":62,"column":8},"end":{"line":66,"column":51}},"34":{"start":{"line":63,"column":12},"end":{"line":64,"column":26}},"35":{"start":{"line":64,"column":16},"end":{"line":64,"column":26}},"36":{"start":{"line":65,"column":12},"end":{"line":65,"column":51}},"37":{"start":{"line":67,"column":8},"end":{"line":67,"column":20}}},"fnMap":{"0":{"name":"(anonymous_0)","decl":{"start":{"line":1,"column":1},"end":{"line":1,"column":2}},"loc":{"start":{"line":1,"column":16},"end":{"line":53,"column":1}},"line":1},"1":{"name":"(anonymous_1)","decl":{"start":{"line":2,"column":16},"end":{"line":2,"column":17}},"loc":{"start":{"line":2,"column":32},"end":{"line":52,"column":5}},"line":2},"2":{"name":"append","decl":{"start":{"line":8,"column":32},"end":{"line":8,"column":38}},"loc":{"start":{"line":8,"column":41},"end":{"line":19,"column":17}},"line":8},"3":{"name":"(anonymous_3)","decl":{"start":{"line":14,"column":33},"end":{"line":14,"column":34}},"loc":{"start":{"line":14,"column":52},"end":{"line":17,"column":21}},"line":14},"4":{"name":"remove","decl":{"start":{"line":27,"column":32},"end":{"line":27,"column":38}},"loc":{"start":{"line":27,"column":41},"end":{"line":30,"column":17}},"line":27},"5":{"name":"prepend","decl":{"start":{"line":38,"column":32},"end":{"line":38,"column":39}},"loc":{"start":{"line":38,"column":42},"end":{"line":49,"column":17}},"line":38},"6":{"name":"(anonymous_6)","decl":{"start":{"line":44,"column":33},"end":{"line":44,"column":34}},"loc":{"start":{"line":44,"column":52},"end":{"line":47,"column":21}},"line":44},"7":{"name":"(anonymous_7)","decl":{"start":{"line":59,"column":32},"end":{"line":59,"column":33}},"loc":{"start":{"line":59,"column":45},"end":{"line":68,"column":5}},"line":59}},"branchMap":{"0":{"loc":{"start":{"line":3,"column":8},"end":{"line":21,"column":9}},"type":"if","locations":[{"start":{"line":3,"column":8},"end":{"line":21,"column":9}},{"start":{},"end":{}}],"line":3},"1":{"loc":{"start":{"line":16,"column":44},"end":{"line":16,"column":103}},"type":"cond-expr","locations":[{"start":{"line":16,"column":53},"end":{"line":16,"column":60}},{"start":{"line":16,"column":63},"end":{"line":16,"column":103}}],"line":16},"2":{"loc":{"start":{"line":22,"column":8},"end":{"line":32,"column":9}},"type":"if","locations":[{"start":{"line":22,"column":8},"end":{"line":32,"column":9}},{"start":{},"end":{}}],"line":22},"3":{"loc":{"start":{"line":28,"column":20},"end":{"line":29,"column":58}},"type":"if","locations":[{"start":{"line":28,"column":20},"end":{"line":29,"column":58}},{"start":{},"end":{}}],"line":28},"4":{"loc":{"start":{"line":33,"column":8},"end":{"line":51,"column":9}},"type":"if","locations":[{"start":{"line":33,"column":8},"end":{"line":51,"column":9}},{"start":{},"end":{}}],"line":33},"5":{"loc":{"start":{"line":46,"column":44},"end":{"line":46,"column":103}},"type":"cond-expr","locations":[{"start":{"line":46,"column":53},"end":{"line":46,"column":60}},{"start":{"line":46,"column":63},"end":{"line":46,"column":103}}],"line":46},"6":{"loc":{"start":{"line":54,"column":0},"end":{"line":57,"column":1}},"type":"if","locations":[{"start":{"line":54,"column":0},"end":{"line":57,"column":1}},{"start":{},"end":{}}],"line":54},"7":{"loc":{"start":{"line":55,"column":32},"end":{"line":56,"column":47}},"type":"binary-expr","locations":[{"start":{"line":55,"column":32},"end":{"line":55,"column":67}},{"start":{"line":56,"column":8},"end":{"line":56,"column":47}}],"line":55},"8":{"loc":{"start":{"line":58,"column":0},"end":{"line":69,"column":1}},"type":"if","locations":[{"start":{"line":58,"column":0},"end":{"line":69,"column":1}},{"start":{},"end":{}}],"line":58},"9":{"loc":{"start":{"line":66,"column":17},"end":{"line":66,"column":49}},"type":"binary-expr","locations":[{"start":{"line":66,"column":17},"end":{"line":66,"column":28}},{"start":{"line":66,"column":32},"end":{"line":66,"column":49}}],"line":66},"10":{"loc":{"start":{"line":63,"column":12},"end":{"line":64,"column":26}},"type":"if","locations":[{"start":{"line":63,"column":12},"end":{"line":64,"column":26}},{"start":{},"end":{}}],"line":63},"11":{"loc":{"start":{"line":63,"column":16},"end":{"line":63,"column":43}},"type":"binary-expr","locations":[{"start":{"line":63,"column":16},"end":{"line":63,"column":26}},{"start":{"line":63,"column":30},"end":{"line":63,"column":43}}],"line":63},"12":{"loc":{"start":{"line":65,"column":17},"end":{"line":65,"column":50}},"type":"binary-expr","locations":[{"start":{"line":65,"column":17},"end":{"line":65,"column":33}},{"start":{"line":65,"column":37},"end":{"line":65,"column":50}}],"line":65}},"s":{"0":159,"1":159,"2":477,"3":0,"4":0,"5":0,"6":0,"7":0,"8":0,"9":0,"10":0,"11":0,"12":0,"13":477,"14":318,"15":0,"16":0,"17":477,"18":0,"19":0,"20":0,"21":0,"22":0,"23":0,"24":0,"25":0,"26":0,"27":0,"28":159,"29":0,"30":159,"31":0,"32":0,"33":0,"34":0,"35":0,"36":0,"37":0},"f":{"0":159,"1":477,"2":0,"3":0,"4":0,"5":0,"6":0,"7":0},"b":{"0":[0,477],"1":[0,0],"2":[318,159],"3":[0,0],"4":[0,477],"5":[0,0],"6":[0,159],"7":[0,0],"8":[0,159],"9":[0,0],"10":[0,0],"11":[0,0],"12":[0,0]},"_coverageSchema":"1a1c01bbd47fc00a2c39e90264f33305004495a9","hash":"ead4a87eb19c27e70b1d300e7fef5e82594880bf"}
,"/Users/a001860/Desktop/kuc/kintone-ui-component/src/js/Alert/index.ts": {"path":"/Users/a001860/Desktop/kuc/kintone-ui-component/src/js/Alert/index.ts","statementMap":{"0":{"start":{"line":2,"column":0},"end":{"line":2,"column":62}},"1":{"start":{"line":3,"column":14},"end":{"line":3,"column":30}},"2":{"start":{"line":4,"column":0},"end":{"line":4,"column":23}},"3":{"start":{"line":5,"column":16},"end":{"line":5,"column":62}},"4":{"start":{"line":6,"column":0},"end":{"line":6,"column":31}},"5":{"start":{"line":7,"column":27},"end":{"line":60,"column":20}},"6":{"start":{"line":8,"column":4},"end":{"line":8,"column":37}},"7":{"start":{"line":10,"column":20},"end":{"line":10,"column":45}},"8":{"start":{"line":11,"column":8},"end":{"line":14,"column":11}},"9":{"start":{"line":15,"column":8},"end":{"line":18,"column":9}},"10":{"start":{"line":16,"column":12},"end":{"line":16,"column":88}},"11":{"start":{"line":17,"column":12},"end":{"line":17,"column":100}},"12":{"start":{"line":21,"column":8},"end":{"line":21,"column":40}},"13":{"start":{"line":22,"column":8},"end":{"line":22,"column":54}},"14":{"start":{"line":23,"column":8},"end":{"line":23,"column":56}},"15":{"start":{"line":24,"column":8},"end":{"line":24,"column":41}},"16":{"start":{"line":25,"column":8},"end":{"line":25,"column":21}},"17":{"start":{"line":27,"column":4},"end":{"line":37,"column":6}},"18":{"start":{"line":28,"column":8},"end":{"line":28,"column":45}},"19":{"start":{"line":29,"column":8},"end":{"line":30,"column":19}},"20":{"start":{"line":30,"column":12},"end":{"line":30,"column":19}},"21":{"start":{"line":31,"column":8},"end":{"line":33,"column":9}},"22":{"start":{"line":32,"column":12},"end":{"line":32,"column":60}},"23":{"start":{"line":34,"column":8},"end":{"line":36,"column":9}},"24":{"start":{"line":35,"column":12},"end":{"line":35,"column":58}},"25":{"start":{"line":38,"column":4},"end":{"line":44,"column":6}},"26":{"start":{"line":39,"column":24},"end":{"line":42,"column":9}},"27":{"start":{"line":43,"column":8},"end":{"line":43,"column":35}},"28":{"start":{"line":45,"column":4},"end":{"line":48,"column":6}},"29":{"start":{"line":46,"column":8},"end":{"line":46,"column":66}},"30":{"start":{"line":47,"column":8},"end":{"line":47,"column":32}},"31":{"start":{"line":49,"column":4},"end":{"line":52,"column":6}},"32":{"start":{"line":50,"column":8},"end":{"line":50,"column":32}},"33":{"start":{"line":51,"column":8},"end":{"line":51,"column":32}},"34":{"start":{"line":53,"column":4},"end":{"line":55,"column":6}},"35":{"start":{"line":56,"column":4},"end":{"line":58,"column":6}},"36":{"start":{"line":59,"column":4},"end":{"line":59,"column":17}},"37":{"start":{"line":61,"column":0},"end":{"line":61,"column":24}}},"fnMap":{"0":{"name":"(anonymous_0)","decl":{"start":{"line":7,"column":27},"end":{"line":7,"column":28}},"loc":{"start":{"line":7,"column":45},"end":{"line":60,"column":1}},"line":7},"1":{"name":"Alert","decl":{"start":{"line":9,"column":13},"end":{"line":9,"column":18}},"loc":{"start":{"line":9,"column":27},"end":{"line":26,"column":5}},"line":9},"2":{"name":"(anonymous_2)","decl":{"start":{"line":27,"column":31},"end":{"line":27,"column":32}},"loc":{"start":{"line":27,"column":54},"end":{"line":37,"column":5}},"line":27},"3":{"name":"(anonymous_3)","decl":{"start":{"line":38,"column":36},"end":{"line":38,"column":37}},"loc":{"start":{"line":38,"column":48},"end":{"line":44,"column":5}},"line":38},"4":{"name":"(anonymous_4)","decl":{"start":{"line":45,"column":30},"end":{"line":45,"column":31}},"loc":{"start":{"line":45,"column":46},"end":{"line":48,"column":5}},"line":45},"5":{"name":"(anonymous_5)","decl":{"start":{"line":49,"column":30},"end":{"line":49,"column":31}},"loc":{"start":{"line":49,"column":46},"end":{"line":52,"column":5}},"line":49},"6":{"name":"(anonymous_6)","decl":{"start":{"line":53,"column":30},"end":{"line":53,"column":31}},"loc":{"start":{"line":53,"column":42},"end":{"line":55,"column":5}},"line":53},"7":{"name":"(anonymous_7)","decl":{"start":{"line":56,"column":29},"end":{"line":56,"column":30}},"loc":{"start":{"line":56,"column":41},"end":{"line":58,"column":5}},"line":56}},"branchMap":{"0":{"loc":{"start":{"line":10,"column":20},"end":{"line":10,"column":45}},"type":"binary-expr","locations":[{"start":{"line":10,"column":20},"end":{"line":10,"column":37}},{"start":{"line":10,"column":41},"end":{"line":10,"column":45}}],"line":10},"1":{"loc":{"start":{"line":15,"column":8},"end":{"line":18,"column":9}},"type":"if","locations":[{"start":{"line":15,"column":8},"end":{"line":18,"column":9}},{"start":{},"end":{}}],"line":15},"2":{"loc":{"start":{"line":17,"column":32},"end":{"line":17,"column":99}},"type":"cond-expr","locations":[{"start":{"line":17,"column":83},"end":{"line":17,"column":94}},{"start":{"line":17,"column":97},"end":{"line":17,"column":99}}],"line":17},"3":{"loc":{"start":{"line":17,"column":33},"end":{"line":17,"column":79}},"type":"binary-expr","locations":[{"start":{"line":17,"column":33},"end":{"line":17,"column":44}},{"start":{"line":17,"column":48},"end":{"line":17,"column":79}}],"line":17},"4":{"loc":{"start":{"line":29,"column":8},"end":{"line":30,"column":19}},"type":"if","locations":[{"start":{"line":29,"column":8},"end":{"line":30,"column":19}},{"start":{},"end":{}}],"line":29},"5":{"loc":{"start":{"line":31,"column":8},"end":{"line":33,"column":9}},"type":"if","locations":[{"start":{"line":31,"column":8},"end":{"line":33,"column":9}},{"start":{},"end":{}}],"line":31},"6":{"loc":{"start":{"line":32,"column":37},"end":{"line":32,"column":59}},"type":"binary-expr","locations":[{"start":{"line":32,"column":37},"end":{"line":32,"column":53}},{"start":{"line":32,"column":57},"end":{"line":32,"column":59}}],"line":32},"7":{"loc":{"start":{"line":34,"column":8},"end":{"line":36,"column":9}},"type":"if","locations":[{"start":{"line":34,"column":8},"end":{"line":36,"column":9}},{"start":{},"end":{}}],"line":34},"8":{"loc":{"start":{"line":41,"column":12},"end":{"line":41,"column":71}},"type":"cond-expr","locations":[{"start":{"line":41,"column":45},"end":{"line":41,"column":57}},{"start":{"line":41,"column":60},"end":{"line":41,"column":71}}],"line":41},"9":{"loc":{"start":{"line":46,"column":27},"end":{"line":46,"column":65}},"type":"cond-expr","locations":[{"start":{"line":46,"column":56},"end":{"line":46,"column":60}},{"start":{"line":46,"column":63},"end":{"line":46,"column":65}}],"line":46}},"s":{"0":12,"1":12,"2":12,"3":12,"4":12,"5":12,"6":12,"7":9,"8":9,"9":9,"10":5,"11":5,"12":9,"13":9,"14":9,"15":9,"16":9,"17":12,"18":15,"19":15,"20":1,"21":14,"22":12,"23":14,"24":11,"25":12,"26":20,"27":20,"28":12,"29":3,"30":3,"31":12,"32":2,"33":2,"34":12,"35":12,"36":12,"37":12},"f":{"0":12,"1":9,"2":15,"3":20,"4":3,"5":2,"6":0,"7":1},"b":{"0":[9,9],"1":[5,4],"2":[3,2],"3":[5,3],"4":[1,14],"5":[12,2],"6":[12,7],"7":[11,3],"8":[4,16],"9":[2,1]},"_coverageSchema":"1a1c01bbd47fc00a2c39e90264f33305004495a9","hash":"cf0f30d3f172f9c95f6264598880208e716a18d2"}
,"/Users/a001860/Desktop/kuc/kintone-ui-component/src/js/Attachment/AttachmentFileItem.ts": {"path":"/Users/a001860/Desktop/kuc/kintone-ui-component/src/js/Attachment/AttachmentFileItem.ts","statementMap":{"0":{"start":{"line":2,"column":0},"end":{"line":2,"column":62}},"1":{"start":{"line":3,"column":14},"end":{"line":3,"column":30}},"2":{"start":{"line":5,"column":16},"end":{"line":5,"column":62}},"3":{"start":{"line":6,"column":0},"end":{"line":6,"column":36}},"4":{"start":{"line":7,"column":40},"end":{"line":75,"column":20}},"5":{"start":{"line":8,"column":4},"end":{"line":8,"column":50}},"6":{"start":{"line":10,"column":20},"end":{"line":10,"column":45}},"7":{"start":{"line":11,"column":8},"end":{"line":11,"column":34}},"8":{"start":{"line":12,"column":8},"end":{"line":12,"column":31}},"9":{"start":{"line":13,"column":8},"end":{"line":13,"column":28}},"10":{"start":{"line":14,"column":8},"end":{"line":16,"column":9}},"11":{"start":{"line":15,"column":12},"end":{"line":15,"column":56}},"12":{"start":{"line":17,"column":8},"end":{"line":19,"column":9}},"13":{"start":{"line":18,"column":12},"end":{"line":18,"column":56}},"14":{"start":{"line":20,"column":8},"end":{"line":20,"column":54}},"15":{"start":{"line":21,"column":8},"end":{"line":21,"column":21}},"16":{"start":{"line":23,"column":4},"end":{"line":34,"column":6}},"17":{"start":{"line":24,"column":8},"end":{"line":32,"column":9}},"18":{"start":{"line":25,"column":12},"end":{"line":25,"column":58}},"19":{"start":{"line":27,"column":13},"end":{"line":32,"column":9}},"20":{"start":{"line":28,"column":12},"end":{"line":28,"column":58}},"21":{"start":{"line":30,"column":13},"end":{"line":32,"column":9}},"22":{"start":{"line":31,"column":12},"end":{"line":31,"column":58}},"23":{"start":{"line":33,"column":8},"end":{"line":33,"column":43}},"24":{"start":{"line":35,"column":4},"end":{"line":67,"column":6}},"25":{"start":{"line":36,"column":20},"end":{"line":36,"column":24}},"26":{"start":{"line":37,"column":24},"end":{"line":37,"column":53}},"27":{"start":{"line":38,"column":8},"end":{"line":38,"column":57}},"28":{"start":{"line":39,"column":8},"end":{"line":39,"column":60}},"29":{"start":{"line":40,"column":25},"end":{"line":40,"column":54}},"30":{"start":{"line":41,"column":8},"end":{"line":41,"column":61}},"31":{"start":{"line":42,"column":8},"end":{"line":42,"column":69}},"32":{"start":{"line":43,"column":8},"end":{"line":43,"column":58}},"33":{"start":{"line":44,"column":8},"end":{"line":44,"column":42}},"34":{"start":{"line":45,"column":32},"end":{"line":45,"column":61}},"35":{"start":{"line":46,"column":8},"end":{"line":46,"column":70}},"36":{"start":{"line":47,"column":28},"end":{"line":47,"column":60}},"37":{"start":{"line":48,"column":8},"end":{"line":48,"column":53}},"38":{"start":{"line":49,"column":8},"end":{"line":51,"column":10}},"39":{"start":{"line":50,"column":12},"end":{"line":50,"column":29}},"40":{"start":{"line":52,"column":8},"end":{"line":52,"column":53}},"41":{"start":{"line":53,"column":8},"end":{"line":53,"column":49}},"42":{"start":{"line":54,"column":25},"end":{"line":54,"column":54}},"43":{"start":{"line":55,"column":8},"end":{"line":55,"column":61}},"44":{"start":{"line":56,"column":8},"end":{"line":61,"column":9}},"45":{"start":{"line":57,"column":12},"end":{"line":57,"column":78}},"46":{"start":{"line":60,"column":12},"end":{"line":60,"column":47}},"47":{"start":{"line":62,"column":8},"end":{"line":62,"column":42}},"48":{"start":{"line":63,"column":22},"end":{"line":63,"column":51}},"49":{"start":{"line":64,"column":8},"end":{"line":64,"column":56}},"50":{"start":{"line":65,"column":8},"end":{"line":65,"column":49}},"51":{"start":{"line":66,"column":8},"end":{"line":66,"column":25}},"52":{"start":{"line":68,"column":4},"end":{"line":73,"column":6}},"53":{"start":{"line":69,"column":8},"end":{"line":72,"column":9}},"54":{"start":{"line":70,"column":12},"end":{"line":70,"column":61}},"55":{"start":{"line":71,"column":12},"end":{"line":71,"column":34}},"56":{"start":{"line":74,"column":4},"end":{"line":74,"column":30}},"57":{"start":{"line":76,"column":0},"end":{"line":76,"column":37}}},"fnMap":{"0":{"name":"(anonymous_0)","decl":{"start":{"line":7,"column":40},"end":{"line":7,"column":41}},"loc":{"start":{"line":7,"column":58},"end":{"line":75,"column":1}},"line":7},"1":{"name":"AttachmentFileItem","decl":{"start":{"line":9,"column":13},"end":{"line":9,"column":31}},"loc":{"start":{"line":9,"column":40},"end":{"line":22,"column":5}},"line":9},"2":{"name":"(anonymous_2)","decl":{"start":{"line":18,"column":40},"end":{"line":18,"column":41}},"loc":{"start":{"line":18,"column":52},"end":{"line":18,"column":55}},"line":18},"3":{"name":"(anonymous_3)","decl":{"start":{"line":23,"column":51},"end":{"line":23,"column":52}},"loc":{"start":{"line":23,"column":67},"end":{"line":34,"column":5}},"line":23},"4":{"name":"(anonymous_4)","decl":{"start":{"line":35,"column":57},"end":{"line":35,"column":58}},"loc":{"start":{"line":35,"column":69},"end":{"line":67,"column":5}},"line":35},"5":{"name":"(anonymous_5)","decl":{"start":{"line":49,"column":32},"end":{"line":49,"column":33}},"loc":{"start":{"line":49,"column":44},"end":{"line":51,"column":9}},"line":49},"6":{"name":"(anonymous_6)","decl":{"start":{"line":68,"column":44},"end":{"line":68,"column":45}},"loc":{"start":{"line":68,"column":56},"end":{"line":73,"column":5}},"line":68}},"branchMap":{"0":{"loc":{"start":{"line":10,"column":20},"end":{"line":10,"column":45}},"type":"binary-expr","locations":[{"start":{"line":10,"column":20},"end":{"line":10,"column":37}},{"start":{"line":10,"column":41},"end":{"line":10,"column":45}}],"line":10},"1":{"loc":{"start":{"line":14,"column":8},"end":{"line":16,"column":9}},"type":"if","locations":[{"start":{"line":14,"column":8},"end":{"line":16,"column":9}},{"start":{},"end":{}}],"line":14},"2":{"loc":{"start":{"line":17,"column":8},"end":{"line":19,"column":9}},"type":"if","locations":[{"start":{"line":17,"column":8},"end":{"line":19,"column":9}},{"start":{},"end":{}}],"line":17},"3":{"loc":{"start":{"line":17,"column":12},"end":{"line":17,"column":89}},"type":"binary-expr","locations":[{"start":{"line":17,"column":12},"end":{"line":17,"column":38}},{"start":{"line":17,"column":42},"end":{"line":17,"column":89}}],"line":17},"4":{"loc":{"start":{"line":24,"column":8},"end":{"line":32,"column":9}},"type":"if","locations":[{"start":{"line":24,"column":8},"end":{"line":32,"column":9}},{"start":{"line":27,"column":13},"end":{"line":32,"column":9}}],"line":24},"5":{"loc":{"start":{"line":27,"column":13},"end":{"line":32,"column":9}},"type":"if","locations":[{"start":{"line":27,"column":13},"end":{"line":32,"column":9}},{"start":{"line":30,"column":13},"end":{"line":32,"column":9}}],"line":27},"6":{"loc":{"start":{"line":30,"column":13},"end":{"line":32,"column":9}},"type":"if","locations":[{"start":{"line":30,"column":13},"end":{"line":32,"column":9}},{"start":{},"end":{}}],"line":30},"7":{"loc":{"start":{"line":42,"column":41},"end":{"line":42,"column":67}},"type":"binary-expr","locations":[{"start":{"line":42,"column":41},"end":{"line":42,"column":61}},{"start":{"line":42,"column":65},"end":{"line":42,"column":67}}],"line":42},"8":{"loc":{"start":{"line":43,"column":31},"end":{"line":43,"column":57}},"type":"binary-expr","locations":[{"start":{"line":43,"column":31},"end":{"line":43,"column":51}},{"start":{"line":43,"column":55},"end":{"line":43,"column":57}}],"line":43},"9":{"loc":{"start":{"line":56,"column":8},"end":{"line":61,"column":9}},"type":"if","locations":[{"start":{"line":56,"column":8},"end":{"line":61,"column":9}},{"start":{"line":59,"column":13},"end":{"line":61,"column":9}}],"line":56},"10":{"loc":{"start":{"line":69,"column":8},"end":{"line":72,"column":9}},"type":"if","locations":[{"start":{"line":69,"column":8},"end":{"line":72,"column":9}},{"start":{},"end":{}}],"line":69},"11":{"loc":{"start":{"line":70,"column":37},"end":{"line":70,"column":59}},"type":"binary-expr","locations":[{"start":{"line":70,"column":37},"end":{"line":70,"column":54}},{"start":{"line":70,"column":58},"end":{"line":70,"column":59}}],"line":70}},"s":{"0":15,"1":15,"2":15,"3":15,"4":15,"5":15,"6":12,"7":12,"8":12,"9":12,"10":12,"11":11,"12":12,"13":3,"14":12,"15":12,"16":15,"17":10,"18":1,"19":9,"20":1,"21":8,"22":1,"23":7,"24":15,"25":12,"26":12,"27":12,"28":12,"29":12,"30":12,"31":12,"32":12,"33":12,"34":12,"35":12,"36":12,"37":12,"38":12,"39":1,"40":12,"41":12,"42":12,"43":12,"44":12,"45":10,"46":2,"47":12,"48":12,"49":12,"50":12,"51":12,"52":15,"53":1,"54":1,"55":1,"56":15,"57":15},"f":{"0":15,"1":12,"2":0,"3":10,"4":12,"5":1,"6":1},"b":{"0":[12,12],"1":[11,1],"2":[3,9],"3":[12,9],"4":[1,9],"5":[1,8],"6":[1,7],"7":[12,1],"8":[12,1],"9":[10,2],"10":[1,0],"11":[1,1]},"_coverageSchema":"1a1c01bbd47fc00a2c39e90264f33305004495a9","hash":"114070334b5a177d72c130b22c07df58bf76e4aa"}
,"/Users/a001860/Desktop/kuc/kintone-ui-component/src/js/Attachment/index.ts": {"path":"/Users/a001860/Desktop/kuc/kintone-ui-component/src/js/Attachment/index.ts","statementMap":{"0":{"start":{"line":2,"column":0},"end":{"line":2,"column":62}},"1":{"start":{"line":3,"column":14},"end":{"line":3,"column":30}},"2":{"start":{"line":6,"column":0},"end":{"line":6,"column":23}},"3":{"start":{"line":7,"column":16},"end":{"line":7,"column":62}},"4":{"start":{"line":8,"column":27},"end":{"line":8,"column":83}},"5":{"start":{"line":9,"column":0},"end":{"line":9,"column":36}},"6":{"start":{"line":10,"column":32},"end":{"line":287,"column":20}},"7":{"start":{"line":11,"column":4},"end":{"line":11,"column":42}},"8":{"start":{"line":13,"column":20},"end":{"line":13,"column":45}},"9":{"start":{"line":14,"column":8},"end":{"line":14,"column":46}},"10":{"start":{"line":15,"column":8},"end":{"line":15,"column":43}},"11":{"start":{"line":16,"column":8},"end":{"line":16,"column":35}},"12":{"start":{"line":17,"column":8},"end":{"line":33,"column":10}},"13":{"start":{"line":18,"column":12},"end":{"line":24,"column":13}},"14":{"start":{"line":19,"column":16},"end":{"line":23,"column":17}},"15":{"start":{"line":19,"column":29},"end":{"line":19,"column":30}},"16":{"start":{"line":20,"column":20},"end":{"line":22,"column":21}},"17":{"start":{"line":21,"column":24},"end":{"line":21,"column":36}},"18":{"start":{"line":25,"column":12},"end":{"line":31,"column":13}},"19":{"start":{"line":26,"column":16},"end":{"line":30,"column":17}},"20":{"start":{"line":26,"column":29},"end":{"line":26,"column":30}},"21":{"start":{"line":27,"column":20},"end":{"line":29,"column":21}},"22":{"start":{"line":28,"column":24},"end":{"line":28,"column":36}},"23":{"start":{"line":32,"column":12},"end":{"line":32,"column":25}},"24":{"start":{"line":34,"column":8},"end":{"line":49,"column":10}},"25":{"start":{"line":36,"column":12},"end":{"line":38,"column":13}},"26":{"start":{"line":37,"column":16},"end":{"line":37,"column":29}},"27":{"start":{"line":40,"column":12},"end":{"line":47,"column":13}},"28":{"start":{"line":41,"column":16},"end":{"line":46,"column":17}},"29":{"start":{"line":41,"column":29},"end":{"line":41,"column":30}},"30":{"start":{"line":42,"column":20},"end":{"line":45,"column":21}},"31":{"start":{"line":44,"column":24},"end":{"line":44,"column":37}},"32":{"start":{"line":48,"column":12},"end":{"line":48,"column":24}},"33":{"start":{"line":50,"column":8},"end":{"line":55,"column":11}},"34":{"start":{"line":56,"column":8},"end":{"line":58,"column":9}},"35":{"start":{"line":57,"column":12},"end":{"line":57,"column":88}},"36":{"start":{"line":59,"column":8},"end":{"line":59,"column":50}},"37":{"start":{"line":60,"column":8},"end":{"line":60,"column":50}},"38":{"start":{"line":61,"column":8},"end":{"line":61,"column":21}},"39":{"start":{"line":63,"column":4},"end":{"line":100,"column":6}},"40":{"start":{"line":64,"column":20},"end":{"line":64,"column":24}},"41":{"start":{"line":65,"column":8},"end":{"line":65,"column":45}},"42":{"start":{"line":66,"column":8},"end":{"line":67,"column":19}},"43":{"start":{"line":67,"column":12},"end":{"line":67,"column":19}},"44":{"start":{"line":68,"column":8},"end":{"line":70,"column":9}},"45":{"start":{"line":69,"column":12},"end":{"line":69,"column":82}},"46":{"start":{"line":71,"column":8},"end":{"line":73,"column":9}},"47":{"start":{"line":72,"column":12},"end":{"line":72,"column":79}},"48":{"start":{"line":74,"column":8},"end":{"line":76,"column":9}},"49":{"start":{"line":75,"column":12},"end":{"line":75,"column":76}},"50":{"start":{"line":77,"column":8},"end":{"line":90,"column":9}},"51":{"start":{"line":78,"column":12},"end":{"line":78,"column":43}},"52":{"start":{"line":79,"column":12},"end":{"line":89,"column":15}},"53":{"start":{"line":80,"column":31},"end":{"line":87,"column":18}},"54":{"start":{"line":85,"column":24},"end":{"line":85,"column":45}},"55":{"start":{"line":88,"column":16},"end":{"line":88,"column":64}},"56":{"start":{"line":91,"column":8},"end":{"line":96,"column":9}},"57":{"start":{"line":92,"column":12},"end":{"line":92,"column":52}},"58":{"start":{"line":93,"column":12},"end":{"line":95,"column":13}},"59":{"start":{"line":94,"column":16},"end":{"line":94,"column":57}},"60":{"start":{"line":97,"column":8},"end":{"line":99,"column":9}},"61":{"start":{"line":98,"column":12},"end":{"line":98,"column":72}},"62":{"start":{"line":101,"column":4},"end":{"line":122,"column":6}},"63":{"start":{"line":102,"column":20},"end":{"line":102,"column":24}},"64":{"start":{"line":103,"column":25},"end":{"line":103,"column":91}},"65":{"start":{"line":104,"column":8},"end":{"line":106,"column":11}},"66":{"start":{"line":105,"column":12},"end":{"line":105,"column":33}},"67":{"start":{"line":107,"column":8},"end":{"line":117,"column":11}},"68":{"start":{"line":108,"column":27},"end":{"line":115,"column":14}},"69":{"start":{"line":113,"column":20},"end":{"line":113,"column":41}},"70":{"start":{"line":116,"column":12},"end":{"line":116,"column":60}},"71":{"start":{"line":118,"column":8},"end":{"line":120,"column":9}},"72":{"start":{"line":119,"column":12},"end":{"line":119,"column":124}},"73":{"start":{"line":121,"column":8},"end":{"line":121,"column":43}},"74":{"start":{"line":123,"column":4},"end":{"line":126,"column":6}},"75":{"start":{"line":124,"column":8},"end":{"line":124,"column":34}},"76":{"start":{"line":125,"column":8},"end":{"line":125,"column":33}},"77":{"start":{"line":127,"column":4},"end":{"line":129,"column":6}},"78":{"start":{"line":128,"column":8},"end":{"line":128,"column":33}},"79":{"start":{"line":130,"column":4},"end":{"line":133,"column":6}},"80":{"start":{"line":131,"column":8},"end":{"line":131,"column":40}},"81":{"start":{"line":132,"column":8},"end":{"line":132,"column":40}},"82":{"start":{"line":134,"column":4},"end":{"line":137,"column":6}},"83":{"start":{"line":135,"column":8},"end":{"line":135,"column":44}},"84":{"start":{"line":136,"column":8},"end":{"line":136,"column":44}},"85":{"start":{"line":138,"column":4},"end":{"line":141,"column":6}},"86":{"start":{"line":139,"column":8},"end":{"line":139,"column":41}},"87":{"start":{"line":140,"column":8},"end":{"line":140,"column":41}},"88":{"start":{"line":142,"column":4},"end":{"line":145,"column":6}},"89":{"start":{"line":143,"column":8},"end":{"line":143,"column":40}},"90":{"start":{"line":144,"column":8},"end":{"line":144,"column":40}},"91":{"start":{"line":146,"column":4},"end":{"line":149,"column":6}},"92":{"start":{"line":147,"column":8},"end":{"line":147,"column":42}},"93":{"start":{"line":148,"column":8},"end":{"line":148,"column":42}},"94":{"start":{"line":150,"column":4},"end":{"line":153,"column":6}},"95":{"start":{"line":151,"column":8},"end":{"line":151,"column":43}},"96":{"start":{"line":152,"column":8},"end":{"line":152,"column":42}},"97":{"start":{"line":154,"column":4},"end":{"line":161,"column":6}},"98":{"start":{"line":155,"column":8},"end":{"line":157,"column":9}},"99":{"start":{"line":156,"column":12},"end":{"line":156,"column":39}},"100":{"start":{"line":158,"column":8},"end":{"line":160,"column":9}},"101":{"start":{"line":159,"column":12},"end":{"line":159,"column":42}},"102":{"start":{"line":162,"column":4},"end":{"line":166,"column":6}},"103":{"start":{"line":163,"column":8},"end":{"line":163,"column":64}},"104":{"start":{"line":164,"column":8},"end":{"line":164,"column":33}},"105":{"start":{"line":165,"column":8},"end":{"line":165,"column":46}},"106":{"start":{"line":167,"column":4},"end":{"line":175,"column":6}},"107":{"start":{"line":168,"column":22},"end":{"line":168,"column":52}},"108":{"start":{"line":169,"column":8},"end":{"line":169,"column":59}},"109":{"start":{"line":170,"column":26},"end":{"line":170,"column":55}},"110":{"start":{"line":171,"column":8},"end":{"line":171,"column":60}},"111":{"start":{"line":172,"column":8},"end":{"line":172,"column":43}},"112":{"start":{"line":173,"column":8},"end":{"line":173,"column":41}},"113":{"start":{"line":174,"column":8},"end":{"line":174,"column":27}},"114":{"start":{"line":176,"column":4},"end":{"line":183,"column":6}},"115":{"start":{"line":177,"column":24},"end":{"line":177,"column":53}},"116":{"start":{"line":178,"column":8},"end":{"line":178,"column":53}},"117":{"start":{"line":179,"column":8},"end":{"line":179,"column":65}},"118":{"start":{"line":180,"column":8},"end":{"line":180,"column":52}},"119":{"start":{"line":181,"column":8},"end":{"line":181,"column":48}},"120":{"start":{"line":182,"column":8},"end":{"line":182,"column":25}},"121":{"start":{"line":184,"column":4},"end":{"line":190,"column":6}},"122":{"start":{"line":185,"column":8},"end":{"line":185,"column":31}},"123":{"start":{"line":186,"column":8},"end":{"line":186,"column":28}},"124":{"start":{"line":187,"column":8},"end":{"line":189,"column":9}},"125":{"start":{"line":188,"column":12},"end":{"line":188,"column":34}},"126":{"start":{"line":191,"column":4},"end":{"line":196,"column":6}},"127":{"start":{"line":192,"column":8},"end":{"line":192,"column":32}},"128":{"start":{"line":193,"column":8},"end":{"line":195,"column":9}},"129":{"start":{"line":194,"column":12},"end":{"line":194,"column":35}},"130":{"start":{"line":197,"column":4},"end":{"line":212,"column":6}},"131":{"start":{"line":198,"column":8},"end":{"line":198,"column":32}},"132":{"start":{"line":199,"column":8},"end":{"line":211,"column":9}},"133":{"start":{"line":200,"column":12},"end":{"line":200,"column":35}},"134":{"start":{"line":201,"column":39},"end":{"line":201,"column":73}},"135":{"start":{"line":202,"column":40},"end":{"line":202,"column":98}},"136":{"start":{"line":203,"column":12},"end":{"line":208,"column":13}},"137":{"start":{"line":204,"column":16},"end":{"line":204,"column":106}},"138":{"start":{"line":205,"column":16},"end":{"line":205,"column":104}},"139":{"start":{"line":206,"column":16},"end":{"line":206,"column":98}},"140":{"start":{"line":207,"column":16},"end":{"line":207,"column":100}},"141":{"start":{"line":209,"column":12},"end":{"line":210,"column":56}},"142":{"start":{"line":210,"column":16},"end":{"line":210,"column":56}},"143":{"start":{"line":213,"column":4},"end":{"line":225,"column":6}},"144":{"start":{"line":214,"column":8},"end":{"line":214,"column":32}},"145":{"start":{"line":215,"column":8},"end":{"line":224,"column":9}},"146":{"start":{"line":216,"column":39},"end":{"line":216,"column":73}},"147":{"start":{"line":217,"column":40},"end":{"line":217,"column":98}},"148":{"start":{"line":218,"column":12},"end":{"line":221,"column":13}},"149":{"start":{"line":219,"column":16},"end":{"line":219,"column":60}},"150":{"start":{"line":220,"column":16},"end":{"line":220,"column":72}},"151":{"start":{"line":222,"column":12},"end":{"line":223,"column":60}},"152":{"start":{"line":223,"column":16},"end":{"line":223,"column":60}},"153":{"start":{"line":226,"column":4},"end":{"line":239,"column":6}},"154":{"start":{"line":227,"column":24},"end":{"line":227,"column":53}},"155":{"start":{"line":228,"column":8},"end":{"line":228,"column":52}},"156":{"start":{"line":229,"column":8},"end":{"line":229,"column":59}},"157":{"start":{"line":230,"column":8},"end":{"line":230,"column":61}},"158":{"start":{"line":231,"column":8},"end":{"line":231,"column":61}},"159":{"start":{"line":232,"column":8},"end":{"line":232,"column":56}},"160":{"start":{"line":233,"column":8},"end":{"line":233,"column":50}},"161":{"start":{"line":234,"column":8},"end":{"line":234,"column":47}},"162":{"start":{"line":235,"column":8},"end":{"line":235,"column":58}},"163":{"start":{"line":236,"column":8},"end":{"line":236,"column":64}},"164":{"start":{"line":237,"column":8},"end":{"line":237,"column":54}},"165":{"start":{"line":238,"column":8},"end":{"line":238,"column":25}},"166":{"start":{"line":240,"column":4},"end":{"line":249,"column":6}},"167":{"start":{"line":241,"column":30},"end":{"line":241,"column":59}},"168":{"start":{"line":242,"column":8},"end":{"line":242,"column":68}},"169":{"start":{"line":243,"column":8},"end":{"line":243,"column":47}},"170":{"start":{"line":244,"column":8},"end":{"line":244,"column":57}},"171":{"start":{"line":245,"column":8},"end":{"line":245,"column":61}},"172":{"start":{"line":246,"column":8},"end":{"line":246,"column":78}},"173":{"start":{"line":247,"column":8},"end":{"line":247,"column":58}},"174":{"start":{"line":248,"column":8},"end":{"line":248,"column":31}},"175":{"start":{"line":250,"column":4},"end":{"line":254,"column":6}},"176":{"start":{"line":251,"column":25},"end":{"line":251,"column":54}},"177":{"start":{"line":252,"column":8},"end":{"line":252,"column":102}},"178":{"start":{"line":253,"column":8},"end":{"line":253,"column":26}},"179":{"start":{"line":255,"column":4},"end":{"line":263,"column":6}},"180":{"start":{"line":256,"column":20},"end":{"line":256,"column":24}},"181":{"start":{"line":257,"column":8},"end":{"line":259,"column":10}},"182":{"start":{"line":258,"column":12},"end":{"line":258,"column":35}},"183":{"start":{"line":260,"column":8},"end":{"line":262,"column":10}},"184":{"start":{"line":261,"column":12},"end":{"line":261,"column":37}},"185":{"start":{"line":264,"column":4},"end":{"line":280,"column":6}},"186":{"start":{"line":265,"column":37},"end":{"line":265,"column":64}},"187":{"start":{"line":266,"column":8},"end":{"line":266,"column":79}},"188":{"start":{"line":267,"column":8},"end":{"line":267,"column":45}},"189":{"start":{"line":268,"column":8},"end":{"line":268,"column":64}},"190":{"start":{"line":269,"column":8},"end":{"line":269,"column":84}},"191":{"start":{"line":270,"column":8},"end":{"line":270,"column":67}},"192":{"start":{"line":271,"column":28},"end":{"line":271,"column":59}},"193":{"start":{"line":272,"column":8},"end":{"line":272,"column":51}},"194":{"start":{"line":273,"column":8},"end":{"line":273,"column":55}},"195":{"start":{"line":274,"column":8},"end":{"line":274,"column":51}},"196":{"start":{"line":275,"column":26},"end":{"line":275,"column":55}},"197":{"start":{"line":276,"column":8},"end":{"line":276,"column":67}},"198":{"start":{"line":277,"column":8},"end":{"line":277,"column":47}},"199":{"start":{"line":278,"column":8},"end":{"line":278,"column":56}},"200":{"start":{"line":279,"column":8},"end":{"line":279,"column":38}},"201":{"start":{"line":281,"column":4},"end":{"line":285,"column":6}},"202":{"start":{"line":282,"column":32},"end":{"line":282,"column":61}},"203":{"start":{"line":283,"column":8},"end":{"line":283,"column":75}},"204":{"start":{"line":284,"column":8},"end":{"line":284,"column":33}},"205":{"start":{"line":286,"column":4},"end":{"line":286,"column":22}},"206":{"start":{"line":288,"column":0},"end":{"line":288,"column":29}}},"fnMap":{"0":{"name":"(anonymous_0)","decl":{"start":{"line":10,"column":32},"end":{"line":10,"column":33}},"loc":{"start":{"line":10,"column":50},"end":{"line":287,"column":1}},"line":10},"1":{"name":"Attachment","decl":{"start":{"line":12,"column":13},"end":{"line":12,"column":23}},"loc":{"start":{"line":12,"column":32},"end":{"line":62,"column":5}},"line":12},"2":{"name":"(anonymous_2)","decl":{"start":{"line":14,"column":30},"end":{"line":14,"column":31}},"loc":{"start":{"line":14,"column":42},"end":{"line":14,"column":45}},"line":14},"3":{"name":"(anonymous_3)","decl":{"start":{"line":15,"column":27},"end":{"line":15,"column":28}},"loc":{"start":{"line":15,"column":39},"end":{"line":15,"column":42}},"line":15},"4":{"name":"(anonymous_4)","decl":{"start":{"line":17,"column":39},"end":{"line":17,"column":40}},"loc":{"start":{"line":17,"column":56},"end":{"line":33,"column":9}},"line":17},"5":{"name":"(anonymous_5)","decl":{"start":{"line":34,"column":28},"end":{"line":34,"column":29}},"loc":{"start":{"line":34,"column":45},"end":{"line":49,"column":9}},"line":34},"6":{"name":"(anonymous_6)","decl":{"start":{"line":63,"column":36},"end":{"line":63,"column":37}},"loc":{"start":{"line":63,"column":59},"end":{"line":100,"column":5}},"line":63},"7":{"name":"(anonymous_7)","decl":{"start":{"line":79,"column":38},"end":{"line":79,"column":39}},"loc":{"start":{"line":79,"column":61},"end":{"line":89,"column":13}},"line":79},"8":{"name":"(anonymous_8)","decl":{"start":{"line":84,"column":34},"end":{"line":84,"column":35}},"loc":{"start":{"line":84,"column":47},"end":{"line":86,"column":21}},"line":84},"9":{"name":"(anonymous_9)","decl":{"start":{"line":101,"column":37},"end":{"line":101,"column":38}},"loc":{"start":{"line":101,"column":54},"end":{"line":122,"column":5}},"line":101},"10":{"name":"(anonymous_10)","decl":{"start":{"line":104,"column":49},"end":{"line":104,"column":50}},"loc":{"start":{"line":104,"column":62},"end":{"line":106,"column":9}},"line":104},"11":{"name":"(anonymous_11)","decl":{"start":{"line":107,"column":27},"end":{"line":107,"column":28}},"loc":{"start":{"line":107,"column":50},"end":{"line":117,"column":9}},"line":107},"12":{"name":"(anonymous_12)","decl":{"start":{"line":112,"column":30},"end":{"line":112,"column":31}},"loc":{"start":{"line":112,"column":43},"end":{"line":114,"column":17}},"line":112},"13":{"name":"(anonymous_13)","decl":{"start":{"line":123,"column":36},"end":{"line":123,"column":37}},"loc":{"start":{"line":123,"column":53},"end":{"line":126,"column":5}},"line":123},"14":{"name":"(anonymous_14)","decl":{"start":{"line":127,"column":36},"end":{"line":127,"column":37}},"loc":{"start":{"line":127,"column":48},"end":{"line":129,"column":5}},"line":127},"15":{"name":"(anonymous_15)","decl":{"start":{"line":130,"column":43},"end":{"line":130,"column":44}},"loc":{"start":{"line":130,"column":59},"end":{"line":133,"column":5}},"line":130},"16":{"name":"(anonymous_16)","decl":{"start":{"line":134,"column":47},"end":{"line":134,"column":48}},"loc":{"start":{"line":134,"column":63},"end":{"line":137,"column":5}},"line":134},"17":{"name":"(anonymous_17)","decl":{"start":{"line":138,"column":44},"end":{"line":138,"column":45}},"loc":{"start":{"line":138,"column":60},"end":{"line":141,"column":5}},"line":138},"18":{"name":"(anonymous_18)","decl":{"start":{"line":142,"column":43},"end":{"line":142,"column":44}},"loc":{"start":{"line":142,"column":59},"end":{"line":145,"column":5}},"line":142},"19":{"name":"(anonymous_19)","decl":{"start":{"line":146,"column":37},"end":{"line":146,"column":38}},"loc":{"start":{"line":146,"column":49},"end":{"line":149,"column":5}},"line":146},"20":{"name":"(anonymous_20)","decl":{"start":{"line":150,"column":37},"end":{"line":150,"column":38}},"loc":{"start":{"line":150,"column":49},"end":{"line":153,"column":5}},"line":150},"21":{"name":"(anonymous_21)","decl":{"start":{"line":154,"column":30},"end":{"line":154,"column":31}},"loc":{"start":{"line":154,"column":61},"end":{"line":161,"column":5}},"line":154},"22":{"name":"(anonymous_22)","decl":{"start":{"line":162,"column":39},"end":{"line":162,"column":40}},"loc":{"start":{"line":162,"column":56},"end":{"line":166,"column":5}},"line":162},"23":{"name":"(anonymous_23)","decl":{"start":{"line":167,"column":45},"end":{"line":167,"column":46}},"loc":{"start":{"line":167,"column":57},"end":{"line":175,"column":5}},"line":167},"24":{"name":"(anonymous_24)","decl":{"start":{"line":176,"column":45},"end":{"line":176,"column":46}},"loc":{"start":{"line":176,"column":57},"end":{"line":183,"column":5}},"line":176},"25":{"name":"(anonymous_25)","decl":{"start":{"line":184,"column":35},"end":{"line":184,"column":36}},"loc":{"start":{"line":184,"column":52},"end":{"line":190,"column":5}},"line":184},"26":{"name":"(anonymous_26)","decl":{"start":{"line":191,"column":39},"end":{"line":191,"column":40}},"loc":{"start":{"line":191,"column":56},"end":{"line":196,"column":5}},"line":191},"27":{"name":"(anonymous_27)","decl":{"start":{"line":197,"column":40},"end":{"line":197,"column":41}},"loc":{"start":{"line":197,"column":57},"end":{"line":212,"column":5}},"line":197},"28":{"name":"(anonymous_28)","decl":{"start":{"line":213,"column":40},"end":{"line":213,"column":41}},"loc":{"start":{"line":213,"column":52},"end":{"line":225,"column":5}},"line":213},"29":{"name":"(anonymous_29)","decl":{"start":{"line":226,"column":54},"end":{"line":226,"column":55}},"loc":{"start":{"line":226,"column":66},"end":{"line":239,"column":5}},"line":226},"30":{"name":"(anonymous_30)","decl":{"start":{"line":240,"column":45},"end":{"line":240,"column":46}},"loc":{"start":{"line":240,"column":57},"end":{"line":249,"column":5}},"line":240},"31":{"name":"(anonymous_31)","decl":{"start":{"line":250,"column":44},"end":{"line":250,"column":45}},"loc":{"start":{"line":250,"column":56},"end":{"line":254,"column":5}},"line":250},"32":{"name":"(anonymous_32)","decl":{"start":{"line":255,"column":50},"end":{"line":255,"column":51}},"loc":{"start":{"line":255,"column":75},"end":{"line":263,"column":5}},"line":255},"33":{"name":"(anonymous_33)","decl":{"start":{"line":257,"column":33},"end":{"line":257,"column":34}},"loc":{"start":{"line":257,"column":50},"end":{"line":259,"column":9}},"line":257},"34":{"name":"(anonymous_34)","decl":{"start":{"line":260,"column":32},"end":{"line":260,"column":33}},"loc":{"start":{"line":260,"column":44},"end":{"line":262,"column":9}},"line":260},"35":{"name":"(anonymous_35)","decl":{"start":{"line":264,"column":47},"end":{"line":264,"column":48}},"loc":{"start":{"line":264,"column":59},"end":{"line":280,"column":5}},"line":264},"36":{"name":"(anonymous_36)","decl":{"start":{"line":281,"column":51},"end":{"line":281,"column":52}},"loc":{"start":{"line":281,"column":63},"end":{"line":285,"column":5}},"line":281}},"branchMap":{"0":{"loc":{"start":{"line":13,"column":20},"end":{"line":13,"column":45}},"type":"binary-expr","locations":[{"start":{"line":13,"column":20},"end":{"line":13,"column":37}},{"start":{"line":13,"column":41},"end":{"line":13,"column":45}}],"line":13},"1":{"loc":{"start":{"line":18,"column":12},"end":{"line":24,"column":13}},"type":"if","locations":[{"start":{"line":18,"column":12},"end":{"line":24,"column":13}},{"start":{},"end":{}}],"line":18},"2":{"loc":{"start":{"line":18,"column":16},"end":{"line":18,"column":76}},"type":"binary-expr","locations":[{"start":{"line":18,"column":16},"end":{"line":18,"column":34}},{"start":{"line":18,"column":38},"end":{"line":18,"column":76}}],"line":18},"3":{"loc":{"start":{"line":20,"column":20},"end":{"line":22,"column":21}},"type":"if","locations":[{"start":{"line":20,"column":20},"end":{"line":22,"column":21}},{"start":{},"end":{}}],"line":20},"4":{"loc":{"start":{"line":25,"column":12},"end":{"line":31,"column":13}},"type":"if","locations":[{"start":{"line":25,"column":12},"end":{"line":31,"column":13}},{"start":{},"end":{}}],"line":25},"5":{"loc":{"start":{"line":25,"column":16},"end":{"line":25,"column":76}},"type":"binary-expr","locations":[{"start":{"line":25,"column":16},"end":{"line":25,"column":34}},{"start":{"line":25,"column":38},"end":{"line":25,"column":76}}],"line":25},"6":{"loc":{"start":{"line":27,"column":20},"end":{"line":29,"column":21}},"type":"if","locations":[{"start":{"line":27,"column":20},"end":{"line":29,"column":21}},{"start":{},"end":{}}],"line":27},"7":{"loc":{"start":{"line":36,"column":12},"end":{"line":38,"column":13}},"type":"if","locations":[{"start":{"line":36,"column":12},"end":{"line":38,"column":13}},{"start":{},"end":{}}],"line":36},"8":{"loc":{"start":{"line":36,"column":16},"end":{"line":36,"column":75}},"type":"binary-expr","locations":[{"start":{"line":36,"column":16},"end":{"line":36,"column":34}},{"start":{"line":36,"column":38},"end":{"line":36,"column":75}}],"line":36},"9":{"loc":{"start":{"line":40,"column":12},"end":{"line":47,"column":13}},"type":"if","locations":[{"start":{"line":40,"column":12},"end":{"line":47,"column":13}},{"start":{},"end":{}}],"line":40},"10":{"loc":{"start":{"line":40,"column":16},"end":{"line":40,"column":62}},"type":"binary-expr","locations":[{"start":{"line":40,"column":16},"end":{"line":40,"column":34}},{"start":{"line":40,"column":38},"end":{"line":40,"column":62}}],"line":40},"11":{"loc":{"start":{"line":42,"column":20},"end":{"line":45,"column":21}},"type":"if","locations":[{"start":{"line":42,"column":20},"end":{"line":45,"column":21}},{"start":{},"end":{}}],"line":42},"12":{"loc":{"start":{"line":42,"column":24},"end":{"line":43,"column":85}},"type":"binary-expr","locations":[{"start":{"line":42,"column":24},"end":{"line":42,"column":92}},{"start":{"line":43,"column":27},"end":{"line":43,"column":85}}],"line":42},"13":{"loc":{"start":{"line":56,"column":8},"end":{"line":58,"column":9}},"type":"if","locations":[{"start":{"line":56,"column":8},"end":{"line":58,"column":9}},{"start":{},"end":{}}],"line":56},"14":{"loc":{"start":{"line":66,"column":8},"end":{"line":67,"column":19}},"type":"if","locations":[{"start":{"line":66,"column":8},"end":{"line":67,"column":19}},{"start":{},"end":{}}],"line":66},"15":{"loc":{"start":{"line":68,"column":8},"end":{"line":70,"column":9}},"type":"if","locations":[{"start":{"line":68,"column":8},"end":{"line":70,"column":9}},{"start":{},"end":{}}],"line":68},"16":{"loc":{"start":{"line":69,"column":47},"end":{"line":69,"column":81}},"type":"binary-expr","locations":[{"start":{"line":69,"column":47},"end":{"line":69,"column":75}},{"start":{"line":69,"column":79},"end":{"line":69,"column":81}}],"line":69},"17":{"loc":{"start":{"line":71,"column":8},"end":{"line":73,"column":9}},"type":"if","locations":[{"start":{"line":71,"column":8},"end":{"line":73,"column":9}},{"start":{},"end":{}}],"line":71},"18":{"loc":{"start":{"line":72,"column":47},"end":{"line":72,"column":78}},"type":"binary-expr","locations":[{"start":{"line":72,"column":47},"end":{"line":72,"column":72}},{"start":{"line":72,"column":76},"end":{"line":72,"column":78}}],"line":72},"19":{"loc":{"start":{"line":74,"column":8},"end":{"line":76,"column":9}},"type":"if","locations":[{"start":{"line":74,"column":8},"end":{"line":76,"column":9}},{"start":{},"end":{}}],"line":74},"20":{"loc":{"start":{"line":75,"column":45},"end":{"line":75,"column":75}},"type":"binary-expr","locations":[{"start":{"line":75,"column":45},"end":{"line":75,"column":69}},{"start":{"line":75,"column":73},"end":{"line":75,"column":75}}],"line":75},"21":{"loc":{"start":{"line":77,"column":8},"end":{"line":90,"column":9}},"type":"if","locations":[{"start":{"line":77,"column":8},"end":{"line":90,"column":9}},{"start":{},"end":{}}],"line":77},"22":{"loc":{"start":{"line":77,"column":12},"end":{"line":77,"column":83}},"type":"binary-expr","locations":[{"start":{"line":77,"column":12},"end":{"line":77,"column":47}},{"start":{"line":77,"column":51},"end":{"line":77,"column":83}}],"line":77},"23":{"loc":{"start":{"line":91,"column":8},"end":{"line":96,"column":9}},"type":"if","locations":[{"start":{"line":91,"column":8},"end":{"line":96,"column":9}},{"start":{},"end":{}}],"line":91},"24":{"loc":{"start":{"line":93,"column":12},"end":{"line":95,"column":13}},"type":"if","locations":[{"start":{"line":93,"column":12},"end":{"line":95,"column":13}},{"start":{},"end":{}}],"line":93},"25":{"loc":{"start":{"line":97,"column":8},"end":{"line":99,"column":9}},"type":"if","locations":[{"start":{"line":97,"column":8},"end":{"line":99,"column":9}},{"start":{},"end":{}}],"line":97},"26":{"loc":{"start":{"line":98,"column":41},"end":{"line":98,"column":71}},"type":"binary-expr","locations":[{"start":{"line":98,"column":41},"end":{"line":98,"column":65}},{"start":{"line":98,"column":69},"end":{"line":98,"column":71}}],"line":98},"27":{"loc":{"start":{"line":103,"column":25},"end":{"line":103,"column":91}},"type":"cond-expr","locations":[{"start":{"line":103,"column":46},"end":{"line":103,"column":70}},{"start":{"line":103,"column":73},"end":{"line":103,"column":91}}],"line":103},"28":{"loc":{"start":{"line":109,"column":23},"end":{"line":109,"column":78}},"type":"binary-expr","locations":[{"start":{"line":109,"column":23},"end":{"line":109,"column":41}},{"start":{"line":109,"column":45},"end":{"line":109,"column":78}}],"line":109},"29":{"loc":{"start":{"line":118,"column":8},"end":{"line":120,"column":9}},"type":"if","locations":[{"start":{"line":118,"column":8},"end":{"line":120,"column":9}},{"start":{},"end":{}}],"line":118},"30":{"loc":{"start":{"line":155,"column":8},"end":{"line":157,"column":9}},"type":"if","locations":[{"start":{"line":155,"column":8},"end":{"line":157,"column":9}},{"start":{},"end":{}}],"line":155},"31":{"loc":{"start":{"line":158,"column":8},"end":{"line":160,"column":9}},"type":"if","locations":[{"start":{"line":158,"column":8},"end":{"line":160,"column":9}},{"start":{},"end":{}}],"line":158},"32":{"loc":{"start":{"line":163,"column":8},"end":{"line":163,"column":63}},"type":"binary-expr","locations":[{"start":{"line":163,"column":8},"end":{"line":163,"column":25}},{"start":{"line":163,"column":29},"end":{"line":163,"column":63}}],"line":163},"33":{"loc":{"start":{"line":169,"column":28},"end":{"line":169,"column":58}},"type":"binary-expr","locations":[{"start":{"line":169,"column":28},"end":{"line":169,"column":52}},{"start":{"line":169,"column":56},"end":{"line":169,"column":58}}],"line":169},"34":{"loc":{"start":{"line":187,"column":8},"end":{"line":189,"column":9}},"type":"if","locations":[{"start":{"line":187,"column":8},"end":{"line":189,"column":9}},{"start":{},"end":{}}],"line":187},"35":{"loc":{"start":{"line":193,"column":8},"end":{"line":195,"column":9}},"type":"if","locations":[{"start":{"line":193,"column":8},"end":{"line":195,"column":9}},{"start":{},"end":{}}],"line":193},"36":{"loc":{"start":{"line":199,"column":8},"end":{"line":211,"column":9}},"type":"if","locations":[{"start":{"line":199,"column":8},"end":{"line":211,"column":9}},{"start":{},"end":{}}],"line":199},"37":{"loc":{"start":{"line":199,"column":12},"end":{"line":199,"column":77}},"type":"binary-expr","locations":[{"start":{"line":199,"column":12},"end":{"line":199,"column":39}},{"start":{"line":199,"column":43},"end":{"line":199,"column":77}}],"line":199},"38":{"loc":{"start":{"line":202,"column":40},"end":{"line":202,"column":98}},"type":"binary-expr","locations":[{"start":{"line":202,"column":40},"end":{"line":202,"column":60}},{"start":{"line":202,"column":64},"end":{"line":202,"column":98}}],"line":202},"39":{"loc":{"start":{"line":203,"column":12},"end":{"line":208,"column":13}},"type":"if","locations":[{"start":{"line":203,"column":12},"end":{"line":208,"column":13}},{"start":{},"end":{}}],"line":203},"40":{"loc":{"start":{"line":209,"column":12},"end":{"line":210,"column":56}},"type":"if","locations":[{"start":{"line":209,"column":12},"end":{"line":210,"column":56}},{"start":{},"end":{}}],"line":209},"41":{"loc":{"start":{"line":215,"column":8},"end":{"line":224,"column":9}},"type":"if","locations":[{"start":{"line":215,"column":8},"end":{"line":224,"column":9}},{"start":{},"end":{}}],"line":215},"42":{"loc":{"start":{"line":217,"column":40},"end":{"line":217,"column":98}},"type":"binary-expr","locations":[{"start":{"line":217,"column":40},"end":{"line":217,"column":60}},{"start":{"line":217,"column":64},"end":{"line":217,"column":98}}],"line":217},"43":{"loc":{"start":{"line":218,"column":12},"end":{"line":221,"column":13}},"type":"if","locations":[{"start":{"line":218,"column":12},"end":{"line":221,"column":13}},{"start":{},"end":{}}],"line":218},"44":{"loc":{"start":{"line":222,"column":12},"end":{"line":223,"column":60}},"type":"if","locations":[{"start":{"line":222,"column":12},"end":{"line":223,"column":60}},{"start":{},"end":{}}],"line":222}},"s":{"0":14,"1":14,"2":14,"3":14,"4":14,"5":14,"6":14,"7":14,"8":24,"9":24,"10":24,"11":24,"12":24,"13":7,"14":6,"15":6,"16":5,"17":3,"18":4,"19":2,"20":2,"21":2,"22":1,"23":3,"24":24,"25":5,"26":1,"27":4,"28":2,"29":2,"30":2,"31":1,"32":3,"33":24,"34":24,"35":8,"36":24,"37":24,"38":24,"39":14,"40":33,"41":33,"42":33,"43":0,"44":33,"45":25,"46":33,"47":2,"48":33,"49":25,"50":33,"51":26,"52":26,"53":5,"54":1,"55":5,"56":33,"57":26,"58":26,"59":4,"60":33,"61":5,"62":14,"63":3,"64":3,"65":3,"66":3,"67":3,"68":3,"69":0,"70":3,"71":3,"72":3,"73":3,"74":14,"75":1,"76":1,"77":14,"78":1,"79":14,"80":1,"81":1,"82":14,"83":1,"84":1,"85":14,"86":1,"87":1,"88":14,"89":2,"90":2,"91":14,"92":1,"93":1,"94":14,"95":1,"96":1,"97":14,"98":5,"99":4,"100":5,"101":1,"102":14,"103":1,"104":1,"105":1,"106":14,"107":24,"108":24,"109":24,"110":24,"111":24,"112":24,"113":24,"114":14,"115":24,"116":24,"117":24,"118":24,"119":24,"120":24,"121":14,"122":5,"123":5,"124":5,"125":3,"126":14,"127":2,"128":2,"129":1,"130":14,"131":5,"132":5,"133":3,"134":3,"135":3,"136":3,"137":3,"138":3,"139":3,"140":3,"141":3,"142":3,"143":14,"144":6,"145":6,"146":1,"147":1,"148":1,"149":1,"150":1,"151":1,"152":1,"153":14,"154":24,"155":24,"156":24,"157":24,"158":24,"159":24,"160":24,"161":24,"162":24,"163":24,"164":24,"165":24,"166":14,"167":24,"168":24,"169":24,"170":24,"171":24,"172":24,"173":24,"174":24,"175":14,"176":24,"177":24,"178":24,"179":14,"180":24,"181":24,"182":0,"183":24,"184":0,"185":14,"186":24,"187":24,"188":24,"189":24,"190":24,"191":24,"192":24,"193":24,"194":24,"195":24,"196":24,"197":24,"198":24,"199":24,"200":24,"201":14,"202":24,"203":24,"204":24,"205":14,"206":14},"f":{"0":14,"1":24,"2":1,"3":0,"4":7,"5":5,"6":33,"7":5,"8":1,"9":3,"10":3,"11":3,"12":0,"13":1,"14":1,"15":1,"16":1,"17":1,"18":2,"19":1,"20":1,"21":5,"22":1,"23":24,"24":24,"25":5,"26":2,"27":5,"28":6,"29":24,"30":24,"31":24,"32":24,"33":0,"34":0,"35":24,"36":24},"b":{"0":[24,24],"1":[6,1],"2":[7,7],"3":[3,2],"4":[2,2],"5":[4,4],"6":[1,1],"7":[1,4],"8":[5,5],"9":[2,2],"10":[4,4],"11":[1,1],"12":[2,1],"13":[8,16],"14":[0,33],"15":[25,8],"16":[25,0],"17":[2,31],"18":[2,0],"19":[25,8],"20":[25,0],"21":[26,7],"22":[33,26],"23":[26,7],"24":[4,22],"25":[5,28],"26":[5,0],"27":[3,0],"28":[3,3],"29":[3,0],"30":[4,1],"31":[1,4],"32":[1,1],"33":[24,21],"34":[3,2],"35":[1,1],"36":[3,2],"37":[5,5],"38":[3,3],"39":[3,0],"40":[3,0],"41":[1,5],"42":[1,1],"43":[1,0],"44":[1,0]},"_coverageSchema":"1a1c01bbd47fc00a2c39e90264f33305004495a9","hash":"03e8841735ccda8808857134043dfab8f81d74b5"}
,"/Users/a001860/Desktop/kuc/kintone-ui-component/src/js/Button/index.ts": {"path":"/Users/a001860/Desktop/kuc/kintone-ui-component/src/js/Button/index.ts","statementMap":{"0":{"start":{"line":2,"column":0},"end":{"line":2,"column":62}},"1":{"start":{"line":3,"column":14},"end":{"line":3,"column":30}},"2":{"start":{"line":4,"column":0},"end":{"line":4,"column":23}},"3":{"start":{"line":5,"column":16},"end":{"line":5,"column":62}},"4":{"start":{"line":6,"column":0},"end":{"line":6,"column":32}},"5":{"start":{"line":7,"column":28},"end":{"line":83,"column":20}},"6":{"start":{"line":8,"column":4},"end":{"line":8,"column":38}},"7":{"start":{"line":10,"column":20},"end":{"line":10,"column":45}},"8":{"start":{"line":11,"column":8},"end":{"line":14,"column":11}},"9":{"start":{"line":15,"column":8},"end":{"line":17,"column":9}},"10":{"start":{"line":16,"column":12},"end":{"line":16,"column":37}},"11":{"start":{"line":18,"column":8},"end":{"line":20,"column":9}},"12":{"start":{"line":19,"column":12},"end":{"line":19,"column":88}},"13":{"start":{"line":21,"column":8},"end":{"line":21,"column":30}},"14":{"start":{"line":22,"column":8},"end":{"line":22,"column":52}},"15":{"start":{"line":23,"column":8},"end":{"line":23,"column":21}},"16":{"start":{"line":25,"column":4},"end":{"line":51,"column":6}},"17":{"start":{"line":27,"column":8},"end":{"line":28,"column":19}},"18":{"start":{"line":28,"column":12},"end":{"line":28,"column":19}},"19":{"start":{"line":29,"column":8},"end":{"line":31,"column":9}},"20":{"start":{"line":30,"column":12},"end":{"line":30,"column":58}},"21":{"start":{"line":32,"column":8},"end":{"line":34,"column":9}},"22":{"start":{"line":33,"column":12},"end":{"line":33,"column":60}},"23":{"start":{"line":35,"column":8},"end":{"line":42,"column":9}},"24":{"start":{"line":36,"column":12},"end":{"line":41,"column":13}},"25":{"start":{"line":37,"column":16},"end":{"line":37,"column":89}},"26":{"start":{"line":40,"column":16},"end":{"line":40,"column":57}},"27":{"start":{"line":43,"column":8},"end":{"line":50,"column":9}},"28":{"start":{"line":44,"column":12},"end":{"line":49,"column":13}},"29":{"start":{"line":45,"column":16},"end":{"line":45,"column":52}},"30":{"start":{"line":48,"column":16},"end":{"line":48,"column":48}},"31":{"start":{"line":52,"column":4},"end":{"line":55,"column":6}},"32":{"start":{"line":53,"column":8},"end":{"line":53,"column":32}},"33":{"start":{"line":54,"column":8},"end":{"line":54,"column":32}},"34":{"start":{"line":56,"column":4},"end":{"line":59,"column":6}},"35":{"start":{"line":57,"column":8},"end":{"line":57,"column":32}},"36":{"start":{"line":58,"column":8},"end":{"line":58,"column":32}},"37":{"start":{"line":60,"column":4},"end":{"line":65,"column":6}},"38":{"start":{"line":61,"column":8},"end":{"line":64,"column":27}},"39":{"start":{"line":66,"column":4},"end":{"line":73,"column":6}},"40":{"start":{"line":67,"column":20},"end":{"line":67,"column":24}},"41":{"start":{"line":68,"column":8},"end":{"line":72,"column":11}},"42":{"start":{"line":69,"column":12},"end":{"line":70,"column":23}},"43":{"start":{"line":70,"column":16},"end":{"line":70,"column":23}},"44":{"start":{"line":71,"column":12},"end":{"line":71,"column":24}},"45":{"start":{"line":74,"column":4},"end":{"line":81,"column":6}},"46":{"start":{"line":75,"column":8},"end":{"line":75,"column":56}},"47":{"start":{"line":76,"column":8},"end":{"line":76,"column":54}},"48":{"start":{"line":77,"column":8},"end":{"line":77,"column":56}},"49":{"start":{"line":78,"column":8},"end":{"line":80,"column":9}},"50":{"start":{"line":79,"column":12},"end":{"line":79,"column":50}},"51":{"start":{"line":82,"column":4},"end":{"line":82,"column":18}},"52":{"start":{"line":84,"column":0},"end":{"line":84,"column":25}}},"fnMap":{"0":{"name":"(anonymous_0)","decl":{"start":{"line":7,"column":28},"end":{"line":7,"column":29}},"loc":{"start":{"line":7,"column":46},"end":{"line":83,"column":1}},"line":7},"1":{"name":"Button","decl":{"start":{"line":9,"column":13},"end":{"line":9,"column":19}},"loc":{"start":{"line":9,"column":28},"end":{"line":24,"column":5}},"line":9},"2":{"name":"(anonymous_2)","decl":{"start":{"line":25,"column":32},"end":{"line":25,"column":33}},"loc":{"start":{"line":25,"column":55},"end":{"line":51,"column":5}},"line":25},"3":{"name":"(anonymous_3)","decl":{"start":{"line":52,"column":31},"end":{"line":52,"column":32}},"loc":{"start":{"line":52,"column":47},"end":{"line":55,"column":5}},"line":52},"4":{"name":"(anonymous_4)","decl":{"start":{"line":56,"column":31},"end":{"line":56,"column":32}},"loc":{"start":{"line":56,"column":47},"end":{"line":59,"column":5}},"line":56},"5":{"name":"(anonymous_5)","decl":{"start":{"line":60,"column":37},"end":{"line":60,"column":38}},"loc":{"start":{"line":60,"column":49},"end":{"line":65,"column":5}},"line":60},"6":{"name":"(anonymous_6)","decl":{"start":{"line":66,"column":26},"end":{"line":66,"column":27}},"loc":{"start":{"line":66,"column":57},"end":{"line":73,"column":5}},"line":66},"7":{"name":"(anonymous_7)","decl":{"start":{"line":68,"column":49},"end":{"line":68,"column":50}},"loc":{"start":{"line":68,"column":62},"end":{"line":72,"column":9}},"line":68},"8":{"name":"(anonymous_8)","decl":{"start":{"line":74,"column":37},"end":{"line":74,"column":38}},"loc":{"start":{"line":74,"column":49},"end":{"line":81,"column":5}},"line":74}},"branchMap":{"0":{"loc":{"start":{"line":10,"column":20},"end":{"line":10,"column":45}},"type":"binary-expr","locations":[{"start":{"line":10,"column":20},"end":{"line":10,"column":37}},{"start":{"line":10,"column":41},"end":{"line":10,"column":45}}],"line":10},"1":{"loc":{"start":{"line":15,"column":8},"end":{"line":17,"column":9}},"type":"if","locations":[{"start":{"line":15,"column":8},"end":{"line":17,"column":9}},{"start":{},"end":{}}],"line":15},"2":{"loc":{"start":{"line":15,"column":12},"end":{"line":15,"column":60}},"type":"binary-expr","locations":[{"start":{"line":15,"column":12},"end":{"line":15,"column":18}},{"start":{"line":15,"column":22},"end":{"line":15,"column":60}}],"line":15},"3":{"loc":{"start":{"line":18,"column":8},"end":{"line":20,"column":9}},"type":"if","locations":[{"start":{"line":18,"column":8},"end":{"line":20,"column":9}},{"start":{},"end":{}}],"line":18},"4":{"loc":{"start":{"line":27,"column":8},"end":{"line":28,"column":19}},"type":"if","locations":[{"start":{"line":27,"column":8},"end":{"line":28,"column":19}},{"start":{},"end":{}}],"line":27},"5":{"loc":{"start":{"line":29,"column":8},"end":{"line":31,"column":9}},"type":"if","locations":[{"start":{"line":29,"column":8},"end":{"line":31,"column":9}},{"start":{},"end":{}}],"line":29},"6":{"loc":{"start":{"line":32,"column":8},"end":{"line":34,"column":9}},"type":"if","locations":[{"start":{"line":32,"column":8},"end":{"line":34,"column":9}},{"start":{},"end":{}}],"line":32},"7":{"loc":{"start":{"line":33,"column":37},"end":{"line":33,"column":59}},"type":"binary-expr","locations":[{"start":{"line":33,"column":37},"end":{"line":33,"column":53}},{"start":{"line":33,"column":57},"end":{"line":33,"column":59}}],"line":33},"8":{"loc":{"start":{"line":35,"column":8},"end":{"line":42,"column":9}},"type":"if","locations":[{"start":{"line":35,"column":8},"end":{"line":42,"column":9}},{"start":{},"end":{}}],"line":35},"9":{"loc":{"start":{"line":36,"column":12},"end":{"line":41,"column":13}},"type":"if","locations":[{"start":{"line":36,"column":12},"end":{"line":41,"column":13}},{"start":{"line":39,"column":17},"end":{"line":41,"column":13}}],"line":36},"10":{"loc":{"start":{"line":43,"column":8},"end":{"line":50,"column":9}},"type":"if","locations":[{"start":{"line":43,"column":8},"end":{"line":50,"column":9}},{"start":{},"end":{}}],"line":43},"11":{"loc":{"start":{"line":44,"column":12},"end":{"line":49,"column":13}},"type":"if","locations":[{"start":{"line":44,"column":12},"end":{"line":49,"column":13}},{"start":{"line":47,"column":17},"end":{"line":49,"column":13}}],"line":44},"12":{"loc":{"start":{"line":63,"column":12},"end":{"line":63,"column":63}},"type":"cond-expr","locations":[{"start":{"line":63,"column":44},"end":{"line":63,"column":52}},{"start":{"line":63,"column":55},"end":{"line":63,"column":63}}],"line":63},"13":{"loc":{"start":{"line":69,"column":12},"end":{"line":70,"column":23}},"type":"if","locations":[{"start":{"line":69,"column":12},"end":{"line":70,"column":23}},{"start":{},"end":{}}],"line":69},"14":{"loc":{"start":{"line":77,"column":33},"end":{"line":77,"column":55}},"type":"binary-expr","locations":[{"start":{"line":77,"column":33},"end":{"line":77,"column":49}},{"start":{"line":77,"column":53},"end":{"line":77,"column":55}}],"line":77},"15":{"loc":{"start":{"line":78,"column":8},"end":{"line":80,"column":9}},"type":"if","locations":[{"start":{"line":78,"column":8},"end":{"line":80,"column":9}},{"start":{},"end":{}}],"line":78}},"s":{"0":14,"1":14,"2":14,"3":14,"4":14,"5":14,"6":14,"7":60,"8":60,"9":60,"10":52,"11":60,"12":55,"13":60,"14":60,"15":60,"16":14,"17":74,"18":0,"19":74,"20":4,"21":74,"22":5,"23":74,"24":63,"25":3,"26":60,"27":74,"28":62,"29":3,"30":59,"31":14,"32":5,"33":5,"34":14,"35":4,"36":4,"37":14,"38":64,"39":14,"40":45,"41":45,"42":13,"43":1,"44":12,"45":14,"46":60,"47":60,"48":60,"49":60,"50":0,"51":14,"52":14},"f":{"0":14,"1":60,"2":74,"3":5,"4":4,"5":64,"6":45,"7":13,"8":60},"b":{"0":[60,60],"1":[52,8],"2":[60,55],"3":[55,5],"4":[0,74],"5":[4,70],"6":[5,69],"7":[5,2],"8":[63,11],"9":[3,60],"10":[62,12],"11":[3,59],"12":[26,38],"13":[1,12],"14":[60,16],"15":[0,60]},"_coverageSchema":"1a1c01bbd47fc00a2c39e90264f33305004495a9","hash":"ff3c7eafe5b120ec700652f535e85946c7b2a4cc"}
[...]
line":10,"column":49}},"17":{"start":{"line":12,"column":4},"end":{"line":14,"column":5}},"18":{"start":{"line":13,"column":8},"end":{"line":13,"column":20}},"19":{"start":{"line":15,"column":4},"end":{"line":15,"column":200}},"20":{"start":{"line":17,"column":0},"end":{"line":17,"column":23}}},"fnMap":{"0":{"name":"(anonymous_0)","decl":{"start":{"line":7,"column":11},"end":{"line":7,"column":12}},"loc":{"start":{"line":7,"column":25},"end":{"line":16,"column":1}},"line":7},"1":{"name":"(anonymous_1)","decl":{"start":{"line":9,"column":20},"end":{"line":9,"column":21}},"loc":{"start":{"line":9,"column":37},"end":{"line":11,"column":5}},"line":9}},"branchMap":{"0":{"loc":{"start":{"line":8,"column":59},"end":{"line":8,"column":85}},"type":"cond-expr","locations":[{"start":{"line":8,"column":75},"end":{"line":8,"column":80}},{"start":{"line":8,"column":83},"end":{"line":8,"column":85}}],"line":8},"1":{"loc":{"start":{"line":8,"column":118},"end":{"line":8,"column":143}},"type":"cond-expr","locations":[{"start":{"line":8,"column":134},"end":{"line":8,"column":138}},{"start":{"line":8,"column":141},"end":{"line":8,"column":143}}],"line":8},"2":{"loc":{"start":{"line":8,"column":180},"end":{"line":8,"column":203}},"type":"cond-expr","locations":[{"start":{"line":8,"column":196},"end":{"line":8,"column":198}},{"start":{"line":8,"column":201},"end":{"line":8,"column":203}}],"line":8},"3":{"loc":{"start":{"line":10,"column":8},"end":{"line":10,"column":48}},"type":"binary-expr","locations":[{"start":{"line":10,"column":8},"end":{"line":10,"column":16}},{"start":{"line":10,"column":20},"end":{"line":10,"column":48}}],"line":10},"4":{"loc":{"start":{"line":12,"column":4},"end":{"line":14,"column":5}},"type":"if","locations":[{"start":{"line":12,"column":4},"end":{"line":14,"column":5}},{"start":{},"end":{}}],"line":12}},"s":{"0":10,"1":10,"2":10,"3":10,"4":10,"5":10,"6":8,"7":8,"8":8,"9":8,"10":8,"11":8,"12":8,"13":8,"14":8,"15":8,"16":1,"17":8,"18":1,"19":7,"20":10},"f":{"0":8,"1":1},"b":{"0":[7,1],"1":[6,2],"2":[8,0],"3":[1,1],"4":[1,7]},"_coverageSchema":"1a1c01bbd47fc00a2c39e90264f33305004495a9","hash":"7fc94166bf41aed6f181b734d982e097a469b8d5"}
,"/Users/a001860/Desktop/kuc/kintone-ui-component/src/react/TextArea/index.tsx": {"path":"/Users/a001860/Desktop/kuc/kintone-ui-component/src/react/TextArea/index.tsx","statementMap":{"0":{"start":{"line":2,"column":0},"end":{"line":2,"column":62}},"1":{"start":{"line":3,"column":14},"end":{"line":3,"column":30}},"2":{"start":{"line":4,"column":14},"end":{"line":4,"column":52}},"3":{"start":{"line":5,"column":0},"end":{"line":5,"column":30}},"4":{"start":{"line":6,"column":0},"end":{"line":6,"column":34}},"5":{"start":{"line":7,"column":15},"end":{"line":56,"column":1}},"6":{"start":{"line":8,"column":16},"end":{"line":8,"column":24}},"7":{"start":{"line":8,"column":40},"end":{"line":8,"column":54}},"8":{"start":{"line":8,"column":68},"end":{"line":8,"column":80}},"9":{"start":{"line":8,"column":95},"end":{"line":8,"column":108}},"10":{"start":{"line":8,"column":121},"end":{"line":8,"column":132}},"11":{"start":{"line":8,"column":144},"end":{"line":8,"column":154}},"12":{"start":{"line":9,"column":27},"end":{"line":9,"column":30}},"13":{"start":{"line":10,"column":29},"end":{"line":10,"column":32}},"14":{"start":{"line":11,"column":13},"end":{"line":11,"column":137}},"15":{"start":{"line":11,"column":152},"end":{"line":11,"column":157}},"16":{"start":{"line":11,"column":175},"end":{"line":11,"column":180}},"17":{"start":{"line":12,"column":13},"end":{"line":12,"column":41}},"18":{"start":{"line":12,"column":56},"end":{"line":12,"column":61}},"19":{"start":{"line":12,"column":79},"end":{"line":12,"column":84}},"20":{"start":{"line":13,"column":4},"end":{"line":44,"column":7}},"21":{"start":{"line":16,"column":8},"end":{"line":36,"column":10}},"22":{"start":{"line":17,"column":12},"end":{"line":33,"column":13}},"23":{"start":{"line":18,"column":25},"end":{"line":18,"column":49}},"24":{"start":{"line":19,"column":16},"end":{"line":21,"column":17}},"25":{"start":{"line":20,"column":20},"end":{"line":20,"column":27}},"26":{"start":{"line":22,"column":25},"end":{"line":22,"column":49}},"27":{"start":{"line":23,"column":16},"end":{"line":25,"column":17}},"28":{"start":{"line":24,"column":20},"end":{"line":24,"column":27}},"29":{"start":{"line":26,"column":29},"end":{"line":31,"column":17}},"30":{"start":{"line":32,"column":16},"end":{"line":32,"column":38}},"31":{"start":{"line":34,"column":12},"end":{"line":34,"column":37}},"32":{"start":{"line":35,"column":12},"end":{"line":35,"column":37}},"33":{"start":{"line":37,"column":8},"end":{"line":43,"column":10}},"34":{"start":{"line":38,"column":12},"end":{"line":42,"column":13}},"35":{"start":{"line":39,"column":16},"end":{"line":39,"column":37}},"36":{"start":{"line":40,"column":16},"end":{"line":40,"column":32}},"37":{"start":{"line":41,"column":16},"end":{"line":41,"column":32}},"38":{"start":{"line":45,"column":20},"end":{"line":47,"column":5}},"39":{"start":{"line":46,"column":8},"end":{"line":46,"column":49}},"40":{"start":{"line":48,"column":4},"end":{"line":50,"column":5}},"41":{"start":{"line":49,"column":8},"end":{"line":49,"column":20}},"42":{"start":{"line":51,"column":4},"end":{"line":55,"column":19}},"43":{"start":{"line":54,"column":16},"end":{"line":54,"column":36}},"44":{"start":{"line":57,"column":0},"end":{"line":57,"column":27}}},"fnMap":{"0":{"name":"(anonymous_0)","decl":{"start":{"line":7,"column":15},"end":{"line":7,"column":16}},"loc":{"start":{"line":7,"column":29},"end":{"line":56,"column":1}},"line":7},"1":{"name":"(anonymous_1)","decl":{"start":{"line":13,"column":27},"end":{"line":13,"column":28}},"loc":{"start":{"line":13,"column":39},"end":{"line":44,"column":5}},"line":13},"2":{"name":"(anonymous_2)","decl":{"start":{"line":16,"column":31},"end":{"line":16,"column":32}},"loc":{"start":{"line":16,"column":48},"end":{"line":36,"column":9}},"line":16},"3":{"name":"(anonymous_3)","decl":{"start":{"line":37,"column":29},"end":{"line":37,"column":30}},"loc":{"start":{"line":37,"column":41},"end":{"line":43,"column":9}},"line":37},"4":{"name":"(anonymous_4)","decl":{"start":{"line":45,"column":20},"end":{"line":45,"column":21}},"loc":{"start":{"line":45,"column":37},"end":{"line":47,"column":5}},"line":45},"5":{"name":"(anonymous_5)","decl":{"start":{"line":53,"column":234},"end":{"line":53,"column":235}},"loc":{"start":{"line":53,"column":246},"end":{"line":55,"column":13}},"line":53}},"branchMap":{"0":{"loc":{"start":{"line":17,"column":12},"end":{"line":33,"column":13}},"type":"if","locations":[{"start":{"line":17,"column":12},"end":{"line":33,"column":13}},{"start":{},"end":{}}],"line":17},"1":{"loc":{"start":{"line":17,"column":16},"end":{"line":17,"column":50}},"type":"binary-expr","locations":[{"start":{"line":17,"column":16},"end":{"line":17,"column":26}},{"start":{"line":17,"column":30},"end":{"line":17,"column":38}},{"start":{"line":17,"column":42},"end":{"line":17,"column":50}}],"line":17},"2":{"loc":{"start":{"line":19,"column":16},"end":{"line":21,"column":17}},"type":"if","locations":[{"start":{"line":19,"column":16},"end":{"line":21,"column":17}},{"start":{},"end":{}}],"line":19},"3":{"loc":{"start":{"line":23,"column":16},"end":{"line":25,"column":17}},"type":"if","locations":[{"start":{"line":23,"column":16},"end":{"line":25,"column":17}},{"start":{},"end":{}}],"line":23},"4":{"loc":{"start":{"line":38,"column":12},"end":{"line":42,"column":13}},"type":"if","locations":[{"start":{"line":38,"column":12},"end":{"line":42,"column":13}},{"start":{},"end":{}}],"line":38},"5":{"loc":{"start":{"line":46,"column":8},"end":{"line":46,"column":48}},"type":"binary-expr","locations":[{"start":{"line":46,"column":8},"end":{"line":46,"column":16}},{"start":{"line":46,"column":20},"end":{"line":46,"column":48}}],"line":46},"6":{"loc":{"start":{"line":48,"column":4},"end":{"line":50,"column":5}},"type":"if","locations":[{"start":{"line":48,"column":4},"end":{"line":50,"column":5}},{"start":{},"end":{}}],"line":48}},"s":{"0":9,"1":9,"2":9,"3":9,"4":9,"5":9,"6":9,"7":9,"8":9,"9":9,"10":9,"11":9,"12":9,"13":9,"14":9,"15":9,"16":9,"17":9,"18":9,"19":9,"20":9,"21":9,"22":2,"23":1,"24":1,"25":1,"26":1,"27":1,"28":1,"29":1,"30":1,"31":2,"32":2,"33":9,"34":1,"35":1,"36":1,"37":1,"38":9,"39":1,"40":9,"41":1,"42":8,"43":1,"44":9},"f":{"0":9,"1":9,"2":2,"3":1,"4":1,"5":1},"b":{"0":[1,1],"1":[2,2,1],"2":[1,0],"3":[1,0],"4":[1,0],"5":[1,1],"6":[1,8]},"_coverageSchema":"1a1c01bbd47fc00a2c39e90264f33305004495a9","hash":"99ba3ac6cd81b7a5d398e72716d76337b14d8b9e"}
,"/Users/a001860/Desktop/kuc/kintone-ui-component/src/react/constant/Message.ts": {"path":"/Users/a001860/Desktop/kuc/kintone-ui-component/src/react/constant/Message.ts","statementMap":{"0":{"start":{"line":2,"column":0},"end":{"line":2,"column":62}},"1":{"start":{"line":3,"column":14},"end":{"line":16,"column":1}},"2":{"start":{"line":17,"column":0},"end":{"line":17,"column":26}}},"fnMap":{},"branchMap":{},"s":{"0":8,"1":8,"2":8},"f":{},"b":{},"_coverageSchema":"1a1c01bbd47fc00a2c39e90264f33305004495a9","hash":"4050733319c954bfa6e41452efafc795e8d791fb"}
,"/Users/a001860/Desktop/kuc/kintone-ui-component/src/react/utils/AbstractMultiSelection.tsx": {"path":"/Users/a001860/Desktop/kuc/kintone-ui-component/src/react/utils/AbstractMultiSelection.tsx","statementMap":{"0":{"start":{"line":2,"column":0},"end":{"line":2,"column":62}},"1":{"start":{"line":3,"column":26},"end":{"line":15,"column":1}},"2":{"start":{"line":4,"column":17},"end":{"line":4,"column":19}},"3":{"start":{"line":5,"column":19},"end":{"line":5,"column":23}},"4":{"start":{"line":6,"column":4},"end":{"line":13,"column":5}},"5":{"start":{"line":7,"column":8},"end":{"line":12,"column":11}},"6":{"start":{"line":8,"column":12},"end":{"line":10,"column":13}},"7":{"start":{"line":9,"column":16},"end":{"line":9,"column":33}},"8":{"start":{"line":11,"column":12},"end":{"line":11,"column":34}},"9":{"start":{"line":14,"column":4},"end":{"line":14,"column":21}},"10":{"start":{"line":16,"column":36},"end":{"line":26,"column":1}},"11":{"start":{"line":17,"column":23},"end":{"line":17,"column":28}},"12":{"start":{"line":18,"column":4},"end":{"line":24,"column":5}},"13":{"start":{"line":19,"column":8},"end":{"line":23,"column":11}},"14":{"start":{"line":20,"column":12},"end":{"line":22,"column":13}},"15":{"start":{"line":21,"column":16},"end":{"line":21,"column":36}},"16":{"start":{"line":25,"column":4},"end":{"line":25,"column":24}},"17":{"start":{"line":27,"column":21},"end":{"line":39,"column":1}},"18":{"start":{"line":28,"column":22},"end":{"line":28,"column":24}},"19":{"start":{"line":29,"column":4},"end":{"line":31,"column":7}},"20":{"start":{"line":30,"column":8},"end":{"line":30,"column":37}},"21":{"start":{"line":32,"column":4},"end":{"line":34,"column":5}},"22":{"start":{"line":33,"column":8},"end":{"line":33,"column":20}},"23":{"start":{"line":35,"column":4},"end":{"line":37,"column":5}},"24":{"start":{"line":36,"column":8},"end":{"line":36,"column":85}},"25":{"start":{"line":36,"column":44},"end":{"line":36,"column":81}},"26":{"start":{"line":38,"column":4},"end":{"line":38,"column":17}},"27":{"start":{"line":40,"column":0},"end":{"line":40,"column":157}}},"fnMap":{"0":{"name":"(anonymous_0)","decl":{"start":{"line":3,"column":26},"end":{"line":3,"column":27}},"loc":{"start":{"line":3,"column":47},"end":{"line":15,"column":1}},"line":3},"1":{"name":"(anonymous_1)","decl":{"start":{"line":7,"column":26},"end":{"line":7,"column":27}},"loc":{"start":{"line":7,"column":41},"end":{"line":12,"column":9}},"line":7},"2":{"name":"(anonymous_2)","decl":{"start":{"line":16,"column":36},"end":{"line":16,"column":37}},"loc":{"start":{"line":16,"column":53},"end":{"line":26,"column":1}},"line":16},"3":{"name":"(anonymous_3)","decl":{"start":{"line":19,"column":22},"end":{"line":19,"column":23}},"loc":{"start":{"line":19,"column":44},"end":{"line":23,"column":9}},"line":19},"4":{"name":"(anonymous_4)","decl":{"start":{"line":27,"column":21},"end":{"line":27,"column":22}},"loc":{"start":{"line":27,"column":49},"end":{"line":39,"column":1}},"line":27},"5":{"name":"(anonymous_5)","decl":{"start":{"line":29,"column":22},"end":{"line":29,"column":23}},"loc":{"start":{"line":29,"column":38},"end":{"line":31,"column":5}},"line":29},"6":{"name":"(anonymous_6)","decl":{"start":{"line":36,"column":27},"end":{"line":36,"column":28}},"loc":{"start":{"line":36,"column":42},"end":{"line":36,"column":83}},"line":36}},"branchMap":{"0":{"loc":{"start":{"line":6,"column":4},"end":{"line":13,"column":5}},"type":"if","locations":[{"start":{"line":6,"column":4},"end":{"line":13,"column":5}},{"start":{},"end":{}}],"line":6},"1":{"loc":{"start":{"line":8,"column":12},"end":{"line":10,"column":13}},"type":"if","locations":[{"start":{"line":8,"column":12},"end":{"line":10,"column":13}},{"start":{},"end":{}}],"line":8},"2":{"loc":{"start":{"line":18,"column":4},"end":{"line":24,"column":5}},"type":"if","locations":[{"start":{"line":18,"column":4},"end":{"line":24,"column":5}},{"start":{},"end":{}}],"line":18},"3":{"loc":{"start":{"line":20,"column":12},"end":{"line":22,"column":13}},"type":"if","locations":[{"start":{"line":20,"column":12},"end":{"line":22,"column":13}},{"start":{},"end":{}}],"line":20},"4":{"loc":{"start":{"line":32,"column":4},"end":{"line":34,"column":5}},"type":"if","locations":[{"start":{"line":32,"column":4},"end":{"line":34,"column":5}},{"start":{},"end":{}}],"line":32},"5":{"loc":{"start":{"line":35,"column":4},"end":{"line":37,"column":5}},"type":"if","locations":[{"start":{"line":35,"column":4},"end":{"line":37,"column":5}},{"start":{},"end":{}}],"line":35}},"s":{"0":7,"1":7,"2":20,"3":20,"4":20,"5":20,"6":42,"7":12,"8":42,"9":20,"10":7,"11":13,"12":13,"13":10,"14":16,"15":4,"16":13,"17":7,"18":0,"19":0,"20":0,"21":0,"22":0,"23":0,"24":0,"25":0,"26":0,"27":7},"f":{"0":20,"1":42,"2":13,"3":16,"4":0,"5":0,"6":0},"b":{"0":[20,0],"1":[12,30],"2":[10,3],"3":[4,12],"4":[0,0],"5":[0,0]},"_coverageSchema":"1a1c01bbd47fc00a2c39e90264f33305004495a9","hash":"2e814e8e71789a9ef1bbbb449bc619b7680b0e96"}
,"/Users/a001860/Desktop/kuc/kintone-ui-component/src/react/utils/AbstractSingleSelection.tsx": {"path":"/Users/a001860/Desktop/kuc/kintone-ui-component/src/react/utils/AbstractSingleSelection.tsx","statementMap":{"0":{"start":{"line":2,"column":0},"end":{"line":2,"column":62}},"1":{"start":{"line":3,"column":23},"end":{"line":6,"column":1}},"2":{"start":{"line":4,"column":16},"end":{"line":4,"column":32}},"3":{"start":{"line":5,"column":4},"end":{"line":5,"column":32}},"4":{"start":{"line":7,"column":26},"end":{"line":19,"column":1}},"5":{"start":{"line":8,"column":17},"end":{"line":8,"column":19}},"6":{"start":{"line":9,"column":19},"end":{"line":9,"column":23}},"7":{"start":{"line":10,"column":4},"end":{"line":17,"column":5}},"8":{"start":{"line":11,"column":8},"end":{"line":16,"column":11}},"9":{"start":{"line":12,"column":12},"end":{"line":14,"column":13}},"10":{"start":{"line":13,"column":16},"end":{"line":13,"column":33}},"11":{"start":{"line":15,"column":12},"end":{"line":15,"column":49}},"12":{"start":{"line":18,"column":4},"end":{"line":18,"column":21}},"13":{"start":{"line":20,"column":21},"end":{"line":27,"column":1}},"14":{"start":{"line":21,"column":4},"end":{"line":23,"column":5}},"15":{"start":{"line":22,"column":8},"end":{"line":22,"column":20}},"16":{"start":{"line":24,"column":4},"end":{"line":26,"column":7}},"17":{"start":{"line":25,"column":8},"end":{"line":25,"column":40}},"18":{"start":{"line":28,"column":21},"end":{"line":35,"column":1}},"19":{"start":{"line":29,"column":4},"end":{"line":31,"column":5}},"20":{"start":{"line":30,"column":8},"end":{"line":30,"column":20}},"21":{"start":{"line":32,"column":4},"end":{"line":34,"column":7}},"22":{"start":{"line":33,"column":8},"end":{"line":33,"column":36}},"23":{"start":{"line":36,"column":0},"end":{"line":36,"column":163}}},"fnMap":{"0":{"name":"(anonymous_0)","decl":{"start":{"line":3,"column":23},"end":{"line":3,"column":24}},"loc":{"start":{"line":3,"column":49},"end":{"line":6,"column":1}},"line":3},"1":{"name":"(anonymous_1)","decl":{"start":{"line":7,"column":26},"end":{"line":7,"column":27}},"loc":{"start":{"line":7,"column":47},"end":{"line":19,"column":1}},"line":7},"2":{"name":"(anonymous_2)","decl":{"start":{"line":11,"column":26},"end":{"line":11,"column":27}},"loc":{"start":{"line":11,"column":41},"end":{"line":16,"column":9}},"line":11},"3":{"name":"(anonymous_3)","decl":{"start":{"line":20,"column":21},"end":{"line":20,"column":22}},"loc":{"start":{"line":20,"column":42},"end":{"line":27,"column":1}},"line":20},"4":{"name":"(anonymous_4)","decl":{"start":{"line":24,"column":55},"end":{"line":24,"column":56}},"loc":{"start":{"line":24,"column":71},"end":{"line":26,"column":5}},"line":24},"5":{"name":"(anonymous_5)","decl":{"start":{"line":28,"column":21},"end":{"line":28,"column":22}},"loc":{"start":{"line":28,"column":49},"end":{"line":35,"column":1}},"line":28},"6":{"name":"(anonymous_6)","decl":{"start":{"line":32,"column":39},"end":{"line":32,"column":40}},"loc":{"start":{"line":32,"column":55},"end":{"line":34,"column":5}},"line":32}},"branchMap":{"0":{"loc":{"start":{"line":4,"column":16},"end":{"line":4,"column":32}},"type":"binary-expr","locations":[{"start":{"line":4,"column":16},"end":{"line":4,"column":26}},{"start":{"line":4,"column":30},"end":{"line":4,"column":32}}],"line":4},"1":{"loc":{"start":{"line":5,"column":4},"end":{"line":5,"column":31}},"type":"binary-expr","locations":[{"start":{"line":5,"column":4},"end":{"line":5,"column":12}},{"start":{"line":5,"column":16},"end":{"line":5,"column":31}}],"line":5},"2":{"loc":{"start":{"line":10,"column":4},"end":{"line":17,"column":5}},"type":"if","locations":[{"start":{"line":10,"column":4},"end":{"line":17,"column":5}},{"start":{},"end":{}}],"line":10},"3":{"loc":{"start":{"line":12,"column":12},"end":{"line":14,"column":13}},"type":"if","locations":[{"start":{"line":12,"column":12},"end":{"line":14,"column":13}},{"start":{},"end":{}}],"line":12},"4":{"loc":{"start":{"line":12,"column":16},"end":{"line":12,"column":71}},"type":"binary-expr","locations":[{"start":{"line":12,"column":16},"end":{"line":12,"column":25}},{"start":{"line":12,"column":29},"end":{"line":12,"column":71}}],"line":12},"5":{"loc":{"start":{"line":15,"column":12},"end":{"line":15,"column":48}},"type":"binary-expr","locations":[{"start":{"line":15,"column":12},"end":{"line":15,"column":21}},{"start":{"line":15,"column":26},"end":{"line":15,"column":47}}],"line":15},"6":{"loc":{"start":{"line":21,"column":4},"end":{"line":23,"column":5}},"type":"if","locations":[{"start":{"line":21,"column":4},"end":{"line":23,"column":5}},{"start":{},"end":{}}],"line":21},"7":{"loc":{"start":{"line":24,"column":11},"end":{"line":26,"column":6}},"type":"binary-expr","locations":[{"start":{"line":24,"column":11},"end":{"line":24,"column":35}},{"start":{"line":24,"column":39},"end":{"line":26,"column":6}}],"line":24},"8":{"loc":{"start":{"line":29,"column":4},"end":{"line":31,"column":5}},"type":"if","locations":[{"start":{"line":29,"column":4},"end":{"line":31,"column":5}},{"start":{},"end":{}}],"line":29},"9":{"loc":{"start":{"line":32,"column":11},"end":{"line":34,"column":6}},"type":"binary-expr","locations":[{"start":{"line":32,"column":11},"end":{"line":32,"column":20}},{"start":{"line":32,"column":24},"end":{"line":34,"column":6}}],"line":32}},"s":{"0":7,"1":7,"2":5,"3":5,"4":7,"5":173,"6":173,"7":173,"8":166,"9":15802,"10":4,"11":15802,"12":173,"13":7,"14":169,"15":7,"16":162,"17":15784,"18":7,"19":0,"20":0,"21":0,"22":0,"23":7},"f":{"0":5,"1":173,"2":15802,"3":169,"4":15784,"5":0,"6":0},"b":{"0":[5,0],"1":[5,4],"2":[166,7],"3":[4,15798],"4":[15802,15786],"5":[15802,15786],"6":[7,162],"7":[162,162],"8":[0,0],"9":[0,0]},"_coverageSchema":"1a1c01bbd47fc00a2c39e90264f33305004495a9","hash":"18285582a1c8a454db597fc0886243cd9444eb18"}
}
