TN:
SF:unit_test/attachment/index.js
FN:20,KucAttachment
FN:34,KucAttachment._isFileOrDirectoryDrag
FN:58,shouldUpdate
FN:66,willUpdate
FN:72,render
FN:127,_getAttachmentItemTemplate
FN:156,updated
FN:160,_updateFileNameMaxWidth
FN:168,_getRemoveButtonIcon
FN:184,_getLanguage
FN:192,_getLocale
FN:207,_handleClickFileRemove
FN:227,_handleClickLabel
FN:230,_handleDragEnter
FN:254,_handleDragOver
FN:262,_handleDragDrop
FN:271,_isFileDrop
FN:285,_handleDragLeave
FN:294,_handleChangeFiles
FN:299,_addFiles
FN:323,_getFileSize
FN:331,_formatFileSize
FNF:22
FNH:22
FNDA:12,KucAttachment
FNDA:1,KucAttachment._isFileOrDirectoryDrag
FNDA:12,shouldUpdate
FNDA:12,willUpdate
FNDA:12,render
FNDA:3,_getAttachmentItemTemplate
FNDA:12,updated
FNDA:12,_updateFileNameMaxWidth
FNDA:3,_getRemoveButtonIcon
FNDA:12,_getLanguage
FNDA:12,_getLocale
FNDA:1,_handleClickFileRemove
FNDA:1,_handleClickLabel
FNDA:1,_handleDragEnter
FNDA:1,_handleDragOver
FNDA:1,_handleDragDrop
FNDA:1,_isFileDrop
FNDA:1,_handleDragLeave
FNDA:1,_handleChangeFiles
FNDA:1,_addFiles
FNDA:3,_getFileSize
FNDA:3,_formatFileSize
DA:1,12
DA:2,12
DA:3,12
DA:4,12
DA:5,12
DA:6,12
DA:7,12
DA:8,12
DA:9,12
DA:10,12
DA:11,12
DA:12,12
DA:13,12
DA:14,12
DA:15,12
DA:16,12
DA:17,0
DA:18,0
DA:19,12
DA:20,12
DA:21,12
DA:22,12
DA:23,12
DA:24,12
DA:25,12
DA:26,12
DA:27,12
DA:28,12
DA:29,12
DA:30,12
DA:31,12
DA:32,12
DA:33,12
DA:34,12
DA:35,1
DA:36,1
DA:37,1
DA:38,1
DA:39,1
DA:40,1
DA:41,1
DA:42,1
DA:43,1
DA:44,0
DA:45,0
DA:46,0
DA:47,0
DA:48,0
DA:49,0
DA:50,0
DA:51,0
DA:52,0
DA:53,12
DA:54,12
DA:55,12
DA:56,12
DA:57,12
DA:58,12
DA:59,12
DA:60,12
DA:61,1
DA:62,1
DA:63,1
DA:64,12
DA:65,12
DA:66,12
DA:67,12
DA:68,12
DA:69,12
DA:70,12
DA:71,12
DA:72,12
DA:73,12
DA:74,12
DA:75,12
DA:76,12
DA:77,12
DA:78,12
DA:79,12
DA:80,12
DA:81,12
DA:82,12
DA:83,12
DA:84,12
DA:85,12
DA:86,12
DA:87,12
DA:88,12
DA:89,12
DA:90,12
DA:91,12
DA:92,12
DA:93,12
DA:94,12
DA:95,12
DA:96,12
DA:97,12
DA:98,12
DA:99,12
DA:100,12
DA:101,12
DA:102,12
DA:103,12
DA:104,12
DA:105,12
DA:106,12
DA:107,12
DA:108,12
DA:109,12
DA:110,12
DA:111,12
DA:112,12
DA:113,12
DA:114,12
DA:115,12
DA:116,12
DA:117,12
DA:118,12
DA:119,12
DA:120,12
DA:121,12
DA:122,12
DA:123,12
DA:124,12
DA:125,12
DA:126,12
DA:127,12
DA:128,3
DA:129,3
DA:130,3
DA:131,3
DA:132,3
DA:133,3
DA:134,3
DA:135,3
DA:136,3
DA:137,3
DA:138,3
DA:139,3
DA:140,3
DA:141,3
DA:142,3
DA:143,3
DA:144,3
DA:145,3
DA:146,3
DA:147,3
DA:148,3
DA:149,3
DA:150,3
DA:151,3
DA:152,3
DA:153,3
DA:154,3
DA:155,3
DA:156,12
DA:157,12
DA:158,12
DA:159,12
DA:160,12
DA:161,12
DA:162,12
DA:163,12
DA:164,3
DA:165,3
DA:166,12
DA:167,12
DA:168,12
DA:169,3
DA:170,3
DA:171,3
DA:172,3
DA:173,3
DA:174,3
DA:175,3
DA:176,3
DA:177,3
DA:178,3
DA:179,3
DA:180,3
DA:181,3
DA:182,3
DA:183,3
DA:184,12
DA:185,12
DA:186,12
DA:187,12
DA:188,12
DA:189,12
DA:190,12
DA:191,12
DA:192,12
DA:193,12
DA:194,12
DA:195,12
DA:196,12
DA:197,12
DA:198,1
DA:199,12
DA:200,1
DA:201,12
DA:202,1
DA:203,12
DA:204,0
DA:205,12
DA:206,12
DA:207,12
DA:208,1
DA:209,1
DA:210,1
DA:211,1
DA:212,1
DA:213,1
DA:214,1
DA:215,1
DA:216,1
DA:217,1
DA:218,1
DA:219,1
DA:220,1
DA:221,1
DA:222,1
DA:223,0
DA:224,0
DA:225,1
DA:226,1
DA:227,12
DA:228,1
DA:229,1
DA:230,12
DA:231,1
DA:232,1
DA:233,1
DA:234,1
DA:235,1
DA:236,1
DA:237,1
DA:238,1
DA:239,1
DA:240,1
DA:241,1
DA:242,1
DA:243,1
DA:244,1
DA:245,1
DA:246,1
DA:247,1
DA:248,1
DA:249,1
DA:250,1
DA:251,1
DA:252,1
DA:253,1
DA:254,12
DA:255,1
DA:256,1
DA:257,1
DA:258,1
DA:259,1
DA:260,1
DA:261,1
DA:262,12
DA:263,1
DA:264,1
DA:265,1
DA:266,1
DA:267,1
DA:268,1
DA:269,1
DA:270,1
DA:271,12
DA:272,1
DA:273,1
DA:274,1
DA:275,1
DA:276,1
DA:277,1
DA:278,1
DA:279,0
DA:280,0
DA:281,1
DA:282,1
DA:283,1
DA:284,1
DA:285,12
DA:286,1
DA:287,1
DA:288,1
DA:289,1
DA:290,1
DA:291,1
DA:292,1
DA:293,1
DA:294,12
DA:295,1
DA:296,1
DA:297,1
DA:298,1
DA:299,12
DA:300,1
DA:301,1
DA:302,1
DA:303,1
DA:304,1
DA:305,1
DA:306,1
DA:307,1
DA:308,1
DA:309,1
DA:310,1
DA:311,1
DA:312,1
DA:313,1
DA:314,1
DA:315,1
DA:316,1
DA:317,1
DA:318,1
DA:319,1
DA:320,1
DA:321,1
DA:322,1
DA:323,12
DA:324,3
DA:325,1
DA:326,1
DA:327,3
DA:328,3
DA:329,3
DA:330,3
DA:331,12
DA:332,3
DA:333,1
DA:334,1
DA:335,3
DA:336,1
DA:337,1
DA:338,3
DA:339,1
DA:340,1
DA:341,3
DA:342,3
DA:343,12
DA:344,12
DA:345,12
DA:346,12
DA:347,12
DA:348,12
DA:349,12
DA:350,12
DA:351,12
DA:352,12
DA:353,12
DA:354,12
DA:355,12
DA:356,12
DA:357,12
DA:358,12
DA:359,12
DA:360,12
DA:361,12
DA:362,12
DA:363,12
DA:364,12
DA:365,12
DA:366,12
DA:367,12
DA:368,12
DA:369,12
DA:370,12
DA:371,12
DA:372,12
DA:373,12
DA:374,12
DA:375,12
DA:376,12
DA:377,12
DA:378,12
DA:379,12
DA:380,12
DA:381,12
DA:382,12
DA:383,12
DA:384,12
DA:385,12
DA:386,12
DA:387,12
DA:388,12
DA:389,12
DA:390,12
DA:391,12
DA:392,12
DA:393,12
DA:394,12
DA:395,12
DA:396,12
DA:397,12
DA:398,12
DA:399,12
DA:400,12
DA:401,12
DA:402,12
DA:403,12
DA:404,12
LF:404
LH:388
BRDA:1,0,0,12
BRDA:14,1,0,280
BRDA:16,2,0,0
BRDA:20,3,0,33
BRDA:58,4,0,12
BRDA:60,5,0,1
BRDA:66,6,0,12
BRDA:72,7,0,23
BRDA:156,8,0,12
BRDA:160,9,0,23
BRDA:184,10,0,12
BRDA:187,11,0,1
BRDA:189,12,0,1
BRDA:192,13,0,12
BRDA:197,14,0,1
BRDA:199,15,0,1
BRDA:201,16,0,1
BRDA:203,17,0,0
BRDA:227,18,0,12
BRDA:34,19,0,33
BRDA:44,20,0,33
BRDA:103,21,0,23
BRDA:127,22,0,280
BRDA:163,23,0,23
BRDA:168,24,0,280
BRDA:207,25,0,280
BRDA:222,26,0,280
BRDA:230,27,0,280
BRDA:254,28,0,280
BRDA:262,29,0,280
BRDA:271,30,0,280
BRDA:278,31,0,280
BRDA:278,32,0,280
BRDA:278,33,0,280
BRDA:285,34,0,280
BRDA:294,35,0,280
BRDA:299,36,0,280
BRDA:304,37,0,280
BRDA:308,38,0,280
BRDA:311,39,0,280
BRDA:323,40,0,280
BRDA:329,41,0,280
BRDA:331,42,0,280
BRDA:131,43,0,280
BRDA:134,44,0,280
BRDA:324,45,0,280
BRDA:332,46,0,280
BRDA:335,47,0,280
BRDA:338,48,0,280
BRF:49
BRH:47
end_of_record
TN:
SF:unit_test/attachment/style.js
FNF:0
FNH:0
DA:1,12
DA:2,12
DA:3,12
DA:4,12
DA:5,12
DA:6,12
DA:7,12
DA:8,12
DA:9,12
DA:10,12
DA:11,12
DA:12,12
DA:13,12
DA:14,12
DA:15,12
DA:16,12
DA:17,12
DA:18,12
DA:19,12
DA:20,12
DA:21,12
DA:22,12
DA:23,12
DA:24,12
DA:25,12
DA:26,12
DA:27,12
DA:28,12
DA:29,12
DA:30,12
DA:31,12
DA:32,12
DA:33,12
DA:34,12
DA:35,12
DA:36,12
DA:37,12
DA:38,12
DA:39,12
DA:40,12
DA:41,12
DA:42,12
DA:43,12
DA:44,12
DA:45,12
DA:46,12
DA:47,12
DA:48,12
DA:49,12
DA:50,12
DA:51,12
DA:52,12
DA:53,12
DA:54,12
DA:55,12
DA:56,12
DA:57,12
DA:58,12
DA:59,12
DA:60,12
DA:61,12
DA:62,12
DA:63,12
DA:64,12
DA:65,12
DA:66,12
DA:67,12
DA:68,12
DA:69,12
DA:70,12
DA:71,12
DA:72,12
DA:73,12
DA:74,12
DA:75,12
DA:76,12
DA:77,12
DA:78,12
DA:79,12
DA:80,12
DA:81,12
DA:82,12
DA:83,12
DA:84,12
DA:85,12
DA:86,12
DA:87,12
DA:88,12
DA:89,12
DA:90,12
DA:91,12
DA:92,12
DA:93,12
DA:94,12
DA:95,12
DA:96,12
DA:97,12
DA:98,12
DA:99,12
DA:100,12
DA:101,12
DA:102,12
DA:103,12
DA:104,12
DA:105,12
DA:106,12
DA:107,12
DA:108,12
DA:109,12
DA:110,12
DA:111,12
DA:112,12
DA:113,12
DA:114,12
DA:115,12
DA:116,12
DA:117,12
DA:118,12
DA:119,12
DA:120,12
DA:121,12
DA:122,12
DA:123,12
DA:124,12
DA:125,12
DA:126,12
DA:127,12
DA:128,12
DA:129,12
DA:130,12
DA:131,12
DA:132,12
DA:133,12
DA:134,12
DA:135,12
DA:136,12
DA:137,12
DA:138,12
DA:139,12
DA:140,12
DA:141,12
DA:142,12
DA:143,12
DA:144,12
DA:145,12
DA:146,12
DA:147,12
DA:148,12
DA:149,12
DA:150,12
DA:151,12
DA:152,12
DA:153,12
DA:154,12
DA:155,12
DA:156,12
DA:157,12
DA:158,12
DA:159,12
DA:160,12
DA:161,12
DA:162,12
DA:163,12
DA:164,12
DA:165,12
DA:166,12
DA:167,12
DA:168,12
DA:169,12
DA:170,12
DA:171,12
DA:172,12
DA:173,12
DA:174,12
DA:175,12
DA:176,12
DA:177,12
DA:178,12
DA:179,12
DA:180,12
DA:181,12
DA:182,12
DA:183,12
DA:184,12
DA:185,12
DA:186,12
DA:187,12
DA:188,12
DA:189,12
LF:189
LH:189
BRDA:1,0,0,12
BRF:1
BRH:1
end_of_record
TN:
SF:unit_test/base/constant.js
FNF:0
FNH:0
DA:1,150
DA:2,150
DA:3,150
DA:4,150
DA:5,150
DA:6,150
DA:7,150
DA:8,150
DA:9,150
DA:10,150
DA:11,150
DA:12,150
DA:13,150
DA:14,150
DA:15,150
DA:16,150
DA:17,150
DA:18,150
DA:19,150
DA:20,150
DA:21,150
DA:22,150
DA:23,150
DA:24,150
DA:25,150
DA:26,150
DA:27,150
DA:28,150
DA:29,150
DA:30,150
DA:31,150
LF:31
LH:31
BRDA:1,0,0,150
BRF:1
BRH:1
end_of_record
TN:
SF:unit_test/base/context.js
FN:1,createContextElm
FN:12,getWidthElmByContext
FNF:2
FNH:2
FNDA:92,createContextElm
FNDA:92,getWidthElmByContext
DA:1,107
DA:2,92
DA:3,92
DA:4,92
DA:5,92
DA:6,92
DA:7,92
DA:8,92
DA:9,92
DA:10,92
DA:11,107
DA:12,107
DA:13,92
DA:14,92
DA:15,92
DA:16,92
DA:17,63
DA:18,63
DA:19,63
DA:20,63
DA:21,63
DA:22,107
LF:22
LH:22
BRDA:1,0,0,107
BRDA:1,1,0,107
BRDA:12,2,0,184
BRDA:16,3,0,59
BRDA:17,4,0,184
BRF:5
BRH:5
end_of_record
TN:
SF:unit_test/base/converter.js
FN:4,fromAttribute
FN:7,toAttribute
FN:12,fromAttribute
FN:16,toAttribute
FN:26,unsafeHTMLConverter
FN:29,dateValueConverter
FN:43,timeValueConverter
FNF:7
FNH:6
FNDA:1,fromAttribute
FNDA:318,toAttribute
FNDA:0,fromAttribute
FNDA:91,toAttribute
FNDA:17,unsafeHTMLConverter
FNDA:19,dateValueConverter
FNDA:28,timeValueConverter
DA:1,327
DA:2,327
DA:3,327
DA:4,327
DA:5,1
DA:6,327
DA:7,327
DA:8,318
DA:9,327
DA:10,327
DA:11,327
DA:12,327
DA:13,0
DA:14,0
DA:15,327
DA:16,327
DA:17,91
DA:18,91
DA:19,91
DA:20,88
DA:21,1
DA:22,1
DA:23,88
DA:24,327
DA:25,327
DA:26,327
DA:27,17
DA:28,327
DA:29,327
DA:30,19
DA:31,19
DA:32,19
DA:33,19
DA:34,19
DA:35,19
DA:36,19
DA:37,19
DA:38,19
DA:39,18
DA:40,18
DA:41,0
DA:42,327
DA:43,327
DA:44,28
DA:45,28
DA:46,28
DA:47,2
DA:48,2
DA:49,2
DA:50,2
DA:51,327
LF:51
LH:48
BRDA:1,0,0,266
BRDA:7,1,0,318
BRDA:8,2,0,28
BRDA:16,3,0,178
BRDA:19,4,0,15
BRDA:20,5,0,1
BRDA:4,6,0,266
BRDA:29,7,0,266
BRDA:31,8,0,266
BRDA:39,9,0,266
BRDA:43,10,0,266
BRDA:36,11,0,266
BRDA:38,12,0,266
BRDA:41,13,0,266
BRDA:45,14,0,266
BRDA:47,15,0,266
BRDA:26,16,0,266
BRDA:27,17,0,266
BRDA:27,18,0,266
BRDA:20,19,0,178
BRF:20
BRH:20
end_of_record
TN:
SF:unit_test/base/kuc-base.js
FN:4,createRenderRoot
FN:7,throwErrorAfterUpdateComplete
FN:19,dispatchCustomEvent
FN:27,createStyleOnHeader
FN:32,generateGUID
FNF:5
FNH:5
FNDA:412,createRenderRoot
FNDA:33,throwErrorAfterUpdateComplete
FNDA:94,dispatchCustomEvent
FNDA:415,createStyleOnHeader
FNDA:291,generateGUID
DA:1,416
DA:2,416
DA:3,416
DA:4,416
DA:5,412
DA:6,412
DA:7,416
DA:8,33
DA:9,33
DA:10,33
DA:11,416
DA:12,416
DA:13,416
DA:14,416
DA:15,416
DA:16,416
DA:17,416
DA:18,416
DA:19,416
DA:20,94
DA:21,94
DA:22,94
DA:23,94
DA:24,94
DA:25,94
DA:26,416
DA:27,416
DA:28,415
DA:29,415
DA:30,415
DA:31,416
DA:32,416
LF:32
LH:32
BRDA:1,0,0,159
BRDA:4,1,0,412
BRDA:27,2,0,12
BRDA:32,3,0,291
BRDA:19,4,0,159
BRDA:7,5,0,159
BRF:6
BRH:6
end_of_record
TN:
SF:unit_test/base/validator.js
FN:2,validateProps
FN:14,validateDateValue
FN:20,validateTimeValue
FN:26,validateTimeStep
FN:34,isValidDate
FN:46,validateValueString
FN:52,validateDateTimeValue
FN:59,validateDuplicatedValues
FN:64,validateRowsPerPage
FN:70,validateFieldRequiredInColumnTable
FN:77,validateFieldUniqueInColumnTable
FN:84,validatePositiveInteger
FN:88,validateNumberType
FN:91,validateArrayType
FNF:14
FNH:14
FNDA:346,validateProps
FNDA:9,validateDateValue
FNDA:24,validateTimeValue
FNDA:35,validateTimeStep
FNDA:22,isValidDate
FNDA:70,validateValueString
FNDA:10,validateDateTimeValue
FNDA:13,validateDuplicatedValues
FNDA:9,validateRowsPerPage
FNDA:9,validateFieldRequiredInColumnTable
FNDA:9,validateFieldUniqueInColumnTable
FNDA:3,validatePositiveInteger
FNDA:100,validateNumberType
FNDA:151,validateArrayType
DA:1,348
DA:2,348
DA:3,346
DA:4,346
DA:5,322
DA:6,322
DA:7,304
DA:8,304
DA:9,7
DA:10,7
DA:11,304
DA:12,322
DA:13,346
DA:14,348
DA:15,9
DA:16,9
DA:17,9
DA:18,2
DA:19,9
DA:20,348
DA:21,24
DA:22,24
DA:23,24
DA:24,10
DA:25,24
DA:26,348
DA:27,35
DA:28,35
DA:29,35
DA:30,35
DA:31,35
DA:32,35
DA:33,35
DA:34,348
DA:35,22
DA:36,22
DA:37,22
DA:38,22
DA:39,22
DA:40,22
DA:41,22
DA:42,22
DA:43,22
DA:44,3
DA:45,22
DA:46,348
DA:47,70
DA:48,1
DA:49,1
DA:50,69
DA:51,70
DA:52,348
DA:53,10
DA:54,10
DA:55,10
DA:56,10
DA:57,10
DA:58,10
DA:59,348
DA:60,13
DA:61,13
DA:62,7
DA:63,13
DA:64,348
DA:65,9
DA:66,1
DA:67,1
DA:68,9
DA:69,9
DA:70,348
DA:71,9
DA:72,5
DA:73,5
DA:74,5
DA:75,9
DA:76,348
DA:77,348
DA:78,9
DA:79,9
DA:80,5
DA:81,9
DA:82,9
DA:83,348
DA:84,348
DA:85,3
DA:86,3
DA:87,3
DA:88,348
DA:89,100
DA:90,100
DA:91,348
DA:92,151
DA:93,151
LF:93
LH:93
BRDA:1,0,0,982
BRDA:2,1,0,1291
BRDA:4,2,0,187
BRDA:8,3,0,7
BRDA:91,4,0,151
BRDA:84,5,0,982
BRDA:6,6,0,1291
BRDA:20,7,0,982
BRDA:26,8,0,982
BRDA:46,9,0,982
BRDA:50,10,0,982
BRDA:52,11,0,982
BRDA:88,12,0,982
BRDA:89,13,0,982
BRDA:47,14,0,982
BRDA:59,15,0,982
BRDA:61,16,0,982
BRDA:62,17,0,982
BRDA:62,18,0,982
BRDA:3,19,0,1291
BRDA:5,20,0,1291
BRDA:14,21,0,982
BRDA:18,22,0,982
BRDA:34,23,0,982
BRDA:44,24,0,982
BRDA:56,25,0,982
BRDA:40,26,0,982
BRDA:41,27,0,982
BRDA:43,28,0,982
BRDA:24,29,0,982
BRDA:64,30,0,982
BRDA:65,31,0,982
BRDA:70,32,0,982
BRDA:73,33,0,982
BRDA:77,34,0,982
BRDA:78,35,0,982
BRDA:79,36,0,982
BRDA:71,37,0,982
BRDA:23,38,0,982
BRF:39
BRH:39
end_of_record
TN:
SF:unit_test/base/attachment/resource/constant.js
FNF:0
FNH:0
DA:1,12
DA:2,12
DA:3,12
DA:4,12
LF:4
LH:4
BRDA:1,0,0,12
BRF:1
BRH:1
end_of_record
TN:
SF:unit_test/base/attachment/resource/locale.js
FNF:0
FNH:0
DA:1,12
DA:2,12
DA:3,12
DA:4,12
DA:5,12
DA:6,12
DA:7,12
DA:8,12
DA:9,12
DA:10,12
DA:11,12
DA:12,12
DA:13,12
DA:14,12
DA:15,12
DA:16,12
LF:16
LH:16
BRDA:1,0,0,12
BRF:1
BRH:1
end_of_record
TN:
SF:unit_test/base/datetime/calendar/index.js
FN:11,BaseDateTimeCalendar
FN:18,update
FN:23,render
FN:52,updated
FN:57,_handleKeyDownCalendarGroup
FN:64,_handleClickCalendarGroup
FN:71,_calculateBodyCalendarPosition
FN:84,_calculateCalendarPosition
FN:111,_setCalendarPosition
FN:123,_handleCalendarHeaderChange
FN:128,_handleCalendarBodyChangeDate
FN:133,_updateValue
FN:141,_separateValue
FNF:13
FNH:13
FNDA:11,BaseDateTimeCalendar
FNDA:11,update
FNDA:11,render
FNDA:11,updated
FNDA:1,_handleKeyDownCalendarGroup
FNDA:1,_handleClickCalendarGroup
FNDA:11,_calculateBodyCalendarPosition
FNDA:11,_calculateCalendarPosition
FNDA:11,_setCalendarPosition
FNDA:2,_handleCalendarHeaderChange
FNDA:3,_handleCalendarBodyChangeDate
FNDA:11,_updateValue
FNDA:11,_separateValue
DA:1,33
DA:2,33
DA:3,33
DA:4,33
DA:5,33
DA:6,33
DA:7,33
DA:8,33
DA:9,33
DA:10,33
DA:11,33
DA:12,11
DA:13,11
DA:14,11
DA:15,11
DA:16,11
DA:17,11
DA:18,33
DA:19,11
DA:20,11
DA:21,11
DA:22,11
DA:23,33
DA:24,11
DA:25,11
DA:26,11
DA:27,11
DA:28,11
DA:29,11
DA:30,11
DA:31,11
DA:32,11
DA:33,11
DA:34,11
DA:35,11
DA:36,11
DA:37,11
DA:38,11
DA:39,11
DA:40,11
DA:41,11
DA:42,11
DA:43,11
DA:44,11
DA:45,11
DA:46,11
DA:47,11
DA:48,11
DA:49,11
DA:50,11
DA:51,11
DA:52,33
DA:53,11
DA:54,11
DA:55,11
DA:56,11
DA:57,33
DA:58,1
DA:59,1
DA:60,1
DA:61,1
DA:62,1
DA:63,1
DA:64,33
DA:65,1
DA:66,1
DA:67,1
DA:68,1
DA:69,1
DA:70,1
DA:71,33
DA:72,11
DA:73,11
DA:74,11
DA:75,7
DA:76,7
DA:77,7
DA:78,11
DA:79,4
DA:80,4
DA:81,4
DA:82,1
DA:83,11
DA:84,33
DA:85,11
DA:86,11
DA:87,11
DA:88,11
DA:89,11
DA:90,11
DA:91,1
DA:92,1
DA:93,1
DA:94,1
DA:95,1
DA:96,1
DA:97,1
DA:98,1
DA:99,1
DA:100,1
DA:101,1
DA:102,11
DA:103,11
DA:104,11
DA:105,11
DA:106,11
DA:107,11
DA:108,11
DA:109,11
DA:110,11
DA:111,33
DA:112,11
DA:113,11
DA:114,11
DA:115,11
DA:116,11
DA:117,11
DA:118,11
DA:119,11
DA:120,11
DA:121,11
DA:122,11
DA:123,33
DA:124,2
DA:125,2
DA:126,2
DA:127,2
DA:128,33
DA:129,3
DA:130,3
DA:131,3
DA:132,3
DA:133,33
DA:134,11
DA:135,3
DA:136,3
DA:137,11
DA:138,11
DA:139,11
DA:140,11
DA:141,33
DA:142,11
DA:143,11
DA:144,11
DA:145,11
DA:146,11
DA:147,11
DA:148,33
DA:149,33
DA:150,33
DA:151,33
DA:152,33
DA:153,33
DA:154,33
DA:155,33
DA:156,33
DA:157,33
DA:158,33
DA:159,33
DA:160,33
DA:161,33
DA:162,33
DA:163,33
DA:164,33
DA:165,33
DA:166,33
DA:167,33
DA:168,33
DA:169,33
DA:170,33
DA:171,33
DA:172,33
DA:173,33
DA:174,33
DA:175,33
DA:176,33
DA:177,33
DA:178,33
DA:179,33
LF:179
LH:179
BRDA:1,0,0,12
BRDA:11,1,0,19
BRDA:18,2,0,19
BRDA:23,3,0,19
BRDA:52,4,0,19
BRDA:57,5,0,12
BRDA:64,6,0,12
BRDA:71,7,0,33
BRDA:78,8,0,13
BRDA:78,9,0,34
BRDA:84,10,0,53
BRDA:86,11,0,8
BRDA:90,12,0,9
BRDA:90,13,0,9
BRDA:102,14,0,9
BRDA:103,15,0,9
BRDA:111,16,0,19
BRDA:114,17,0,8
BRDA:117,18,0,9
BRDA:118,19,0,9
BRDA:119,20,0,9
BRDA:121,21,0,9
BRDA:123,22,0,13
BRDA:128,23,0,13
BRDA:133,24,0,19
BRDA:134,25,0,11
BRDA:141,26,0,19
BRDA:78,27,0,34
BRDA:102,28,0,53
BRDA:103,29,0,53
BRDA:74,30,0,33
BRDA:82,31,0,34
BRF:32
BRH:32
end_of_record
TN:
SF:unit_test/base/datetime/calendar/style.js
FNF:0
FNH:0
DA:1,33
DA:2,33
DA:3,33
DA:4,33
DA:5,33
DA:6,33
DA:7,33
DA:8,33
DA:9,33
DA:10,33
DA:11,33
DA:12,33
LF:12
LH:12
BRDA:1,0,0,33
BRF:1
BRH:1
end_of_record
TN:
SF:unit_test/base/datetime/calendar/body/index.js
FN:8,BaseDateTimeCalendarBody
FN:20,connectedCallback
FN:27,disconnectedCallback
FN:32,update
FN:47,render
FN:55,updated
FN:61,_handleClickDocument
FN:64,_handleKeyDownDocument
FN:71,_handleClickDate
FN:79,_handleKeyDownDate
FN:121,_dispatchClickEvent
FN:126,_isToday
FN:132,_moveToDate
FN:147,_separateDateValue
FN:155,_getSelectedValue
FN:163,_getValueItemFocused
FN:169,_getDateClass
FN:181,_getDateString
FN:187,_isSameDayOfMoment
FN:206,_getHeaderItemsTemplate
FN:225,_getDateItemsTemplate
FN:262,_focusDateEl
FNF:22
FNH:20
FNDA:19,BaseDateTimeCalendarBody
FNDA:19,connectedCallback
FNDA:19,disconnectedCallback
FNDA:19,update
FNDA:19,render
FNDA:19,updated
FNDA:2,_handleClickDocument
FNDA:0,_handleKeyDownDocument
FNDA:3,_handleClickDate
FNDA:5,_handleKeyDownDate
FNDA:3,_dispatchClickEvent
FNDA:17,_isToday
FNDA:5,_moveToDate
FNDA:19,_separateDateValue
FNDA:5,_getSelectedValue
FNDA:0,_getValueItemFocused
FNDA:17,_getDateClass
FNDA:5,_getDateString
FNDA:17,_isSameDayOfMoment
FNDA:19,_getHeaderItemsTemplate
FNDA:19,_getDateItemsTemplate
FNDA:19,_focusDateEl
DA:1,41
DA:2,41
DA:3,41
DA:4,41
DA:5,41
DA:6,41
DA:7,41
DA:8,41
DA:9,19
DA:10,19
DA:11,19
DA:12,19
DA:13,19
DA:14,19
DA:15,19
DA:16,19
DA:17,19
DA:18,19
DA:19,19
DA:20,41
DA:21,19
DA:22,19
DA:23,19
DA:24,19
DA:25,19
DA:26,19
DA:27,41
DA:28,19
DA:29,19
DA:30,19
DA:31,19
DA:32,41
DA:33,19
DA:34,19
DA:35,19
DA:36,19
DA:37,19
DA:38,19
DA:39,19
DA:40,19
DA:41,19
DA:42,19
DA:43,19
DA:44,19
DA:45,19
DA:46,19
DA:47,41
DA:48,19
DA:49,19
DA:50,19
DA:51,19
DA:52,19
DA:53,19
DA:54,19
DA:55,41
DA:56,19
DA:57,19
DA:58,19
DA:59,19
DA:60,19
DA:61,41
DA:62,2
DA:63,2
DA:64,41
DA:65,0
DA:66,0
DA:67,0
DA:68,0
DA:69,0
DA:70,0
DA:71,41
DA:72,3
DA:73,3
DA:74,3
DA:75,3
DA:76,3
DA:77,3
DA:78,3
DA:79,41
DA:80,5
DA:81,5
DA:82,5
DA:83,5
DA:84,2
DA:85,2
DA:86,2
DA:87,2
DA:88,5
DA:89,5
DA:90,2
DA:91,2
DA:92,2
DA:93,2
DA:94,5
DA:95,5
DA:96,2
DA:97,2
DA:98,2
DA:99,2
DA:100,5
DA:101,5
DA:102,5
DA:103,5
DA:104,5
DA:105,5
DA:106,5
DA:107,5
DA:108,1
DA:109,1
DA:110,1
DA:111,1
DA:112,1
DA:113,5
DA:114,1
DA:115,5
DA:116,5
DA:117,5
DA:118,5
DA:119,5
DA:120,5
DA:121,41
DA:122,3
DA:123,3
DA:124,3
DA:125,3
DA:126,41
DA:127,17
DA:128,17
DA:129,17
DA:130,17
DA:131,17
DA:132,41
DA:133,5
DA:134,5
DA:135,5
DA:136,5
DA:137,5
DA:138,5
DA:139,5
DA:140,5
DA:141,5
DA:142,5
DA:143,5
DA:144,5
DA:145,5
DA:146,5
DA:147,41
DA:148,19
DA:149,19
DA:150,19
DA:151,19
DA:152,19
DA:153,19
DA:154,19
DA:155,41
DA:156,5
DA:157,5
DA:158,5
DA:159,0
DA:160,0
DA:161,0
DA:162,5
DA:163,41
DA:164,0
DA:165,0
DA:166,0
DA:167,0
DA:168,0
DA:169,41
DA:170,17
DA:171,17
DA:172,17
DA:173,17
DA:174,17
DA:175,17
DA:176,17
DA:177,17
DA:178,17
DA:179,17
DA:180,17
DA:181,41
DA:182,5
DA:183,5
DA:184,5
DA:185,5
DA:186,5
DA:187,41
DA:188,17
DA:189,17
DA:190,17
DA:191,17
DA:192,17
DA:193,17
DA:194,17
DA:195,17
DA:196,17
DA:197,17
DA:198,17
DA:199,17
DA:200,17
DA:201,17
DA:202,17
DA:203,17
DA:204,17
DA:205,17
DA:206,41
DA:207,19
DA:208,19
DA:209,19
DA:210,19
DA:211,19
DA:212,19
DA:213,19
DA:214,19
DA:215,19
DA:216,19
DA:217,19
DA:218,19
DA:219,19
DA:220,19
DA:221,19
DA:222,19
DA:223,19
DA:224,19
DA:225,41
DA:226,19
DA:227,19
DA:228,19
DA:229,19
DA:230,19
DA:231,17
DA:232,17
DA:233,17
DA:234,17
DA:235,17
DA:236,17
DA:237,17
DA:238,17
DA:239,17
DA:240,17
DA:241,17
DA:242,17
DA:243,17
DA:244,17
DA:245,17
DA:246,17
DA:247,17
DA:248,17
DA:249,17
DA:250,17
DA:251,17
DA:252,17
DA:253,17
DA:254,17
DA:255,17
DA:256,17
DA:257,17
DA:258,19
DA:259,19
DA:260,19
DA:261,19
DA:262,41
DA:263,19
DA:264,19
DA:265,17
DA:266,19
DA:267,41
DA:268,41
DA:269,41
DA:270,41
DA:271,41
DA:272,41
DA:273,41
DA:274,41
DA:275,41
DA:276,41
DA:277,41
DA:278,41
DA:279,41
DA:280,41
DA:281,41
DA:282,41
DA:283,41
DA:284,41
DA:285,41
DA:286,41
DA:287,41
DA:288,41
DA:289,41
DA:290,41
DA:291,41
DA:292,41
DA:293,41
DA:294,41
DA:295,41
DA:296,41
DA:297,41
DA:298,41
LF:298
LH:284
BRDA:1,0,0,48
BRDA:8,1,0,27
BRDA:20,2,0,27
BRDA:22,3,0,27
BRDA:27,4,0,27
BRDA:32,5,0,27
BRDA:33,6,0,27
BRDA:47,7,0,27
BRDA:55,8,0,27
BRDA:61,9,0,12
BRDA:79,10,0,15
BRDA:82,11,0,11
BRDA:83,12,0,12
BRDA:88,13,0,11
BRDA:89,14,0,12
BRDA:94,15,0,11
BRDA:95,16,0,12
BRDA:100,17,0,11
BRDA:106,18,0,11
BRDA:107,19,0,11
BRDA:113,20,0,11
BRDA:126,21,0,49
BRDA:132,22,0,15
BRDA:137,23,0,10
BRDA:139,24,0,10
BRDA:147,25,0,27
BRDA:155,26,0,15
BRDA:157,27,0,10
BRDA:159,28,0,10
BRDA:169,29,0,37
BRDA:178,30,0,8
BRDA:181,31,0,15
BRDA:187,32,0,49
BRDA:194,33,0,9
BRDA:206,34,0,27
BRDA:210,35,0,27
BRDA:225,36,0,27
BRDA:230,37,0,27
BRDA:233,38,0,41
BRDA:252,39,0,10
BRDA:262,40,0,51
BRDA:264,41,0,12
BRDA:71,42,0,48
BRDA:76,43,0,48
BRDA:121,44,0,48
BRDA:200,45,0,49
BRDA:201,46,0,49
BRDA:203,47,0,49
BRDA:128,48,0,49
BRDA:129,49,0,49
BRDA:173,50,0,37
BRDA:246,51,0,41
BRDA:265,52,0,51
BRF:53
BRH:53
end_of_record
TN:
SF:unit_test/base/datetime/calendar/body/style.js
FNF:0
FNH:0
DA:1,41
DA:2,41
DA:3,41
DA:4,41
DA:5,41
DA:6,41
DA:7,41
DA:8,41
DA:9,41
DA:10,41
DA:11,41
DA:12,41
DA:13,41
DA:14,41
DA:15,41
DA:16,41
DA:17,41
DA:18,41
DA:19,41
DA:20,41
DA:21,41
DA:22,41
DA:23,41
DA:24,41
DA:25,41
DA:26,41
DA:27,41
DA:28,41
DA:29,41
DA:30,41
DA:31,41
DA:32,41
DA:33,41
DA:34,41
DA:35,41
DA:36,41
DA:37,41
DA:38,41
DA:39,41
DA:40,41
DA:41,41
DA:42,41
DA:43,41
DA:44,41
DA:45,41
DA:46,41
DA:47,41
DA:48,41
DA:49,41
DA:50,41
DA:51,41
DA:52,41
DA:53,41
DA:54,41
DA:55,41
DA:56,41
DA:57,41
DA:58,41
DA:59,41
DA:60,41
DA:61,41
DA:62,41
DA:63,41
DA:64,41
DA:65,41
DA:66,41
DA:67,41
DA:68,41
DA:69,41
DA:70,41
DA:71,41
DA:72,41
DA:73,41
DA:74,41
DA:75,41
DA:76,41
DA:77,41
DA:78,41
DA:79,41
DA:80,41
DA:81,41
DA:82,41
DA:83,41
DA:84,41
DA:85,41
DA:86,41
DA:87,41
DA:88,41
LF:88
LH:88
BRDA:1,0,0,12
BRF:1
BRH:1
end_of_record
TN:
SF:unit_test/base/datetime/calendar/footer/index.js
FN:8,BaseDateTimeCalendarFooter
FN:13,update
FN:19,_handleClickCalendarFooterButtonNone
FN:23,_handleClickCalendarFooterButtonToday
FN:27,_handleKeyDownCalendarFooterButtonNone
FN:35,render
FNF:6
FNH:6
FNDA:15,BaseDateTimeCalendarFooter
FNDA:15,update
FNDA:3,_handleClickCalendarFooterButtonNone
FNDA:3,_handleClickCalendarFooterButtonToday
FNDA:2,_handleKeyDownCalendarFooterButtonNone
FNDA:15,render
DA:1,37
DA:2,37
DA:3,37
DA:4,37
DA:5,37
DA:6,37
DA:7,37
DA:8,37
DA:9,15
DA:10,15
DA:11,15
DA:12,15
DA:13,37
DA:14,15
DA:15,15
DA:16,15
DA:17,15
DA:18,15
DA:19,37
DA:20,3
DA:21,3
DA:22,3
DA:23,37
DA:24,3
DA:25,3
DA:26,3
DA:27,37
DA:28,2
DA:29,2
DA:30,2
DA:31,2
DA:32,1
DA:33,1
DA:34,2
DA:35,37
DA:36,15
DA:37,15
DA:38,15
DA:39,15
DA:40,15
DA:41,15
DA:42,15
DA:43,15
DA:44,15
DA:45,15
DA:46,15
DA:47,15
DA:48,15
DA:49,15
DA:50,15
DA:51,15
DA:52,15
DA:53,15
DA:54,15
DA:55,15
DA:56,15
DA:57,15
DA:58,15
DA:59,37
DA:60,37
DA:61,37
DA:62,37
DA:63,37
DA:64,37
DA:65,37
DA:66,37
DA:67,37
DA:68,37
DA:69,37
LF:69
LH:69
BRDA:1,0,0,38
BRDA:8,1,0,23
BRDA:13,2,0,23
BRDA:27,3,0,24
BRDA:29,4,0,12
BRDA:31,5,0,12
BRDA:35,6,0,23
BRDA:19,7,0,38
BRDA:23,8,0,38
BRDA:32,9,0,24
BRF:10
BRH:10
end_of_record
TN:
SF:unit_test/base/datetime/calendar/footer/style.js
FNF:0
FNH:0
DA:1,37
DA:2,37
DA:3,37
DA:4,37
DA:5,37
DA:6,37
DA:7,37
DA:8,37
DA:9,37
DA:10,37
DA:11,37
DA:12,37
DA:13,37
DA:14,37
DA:15,37
DA:16,37
DA:17,37
DA:18,37
DA:19,37
DA:20,37
DA:21,37
DA:22,37
DA:23,37
DA:24,37
DA:25,37
DA:26,37
DA:27,37
DA:28,37
DA:29,37
DA:30,37
DA:31,37
DA:32,37
DA:33,37
DA:34,37
DA:35,37
DA:36,37
DA:37,37
DA:38,37
DA:39,37
DA:40,37
DA:41,37
DA:42,37
DA:43,37
DA:44,37
DA:45,37
DA:46,37
DA:47,37
DA:48,37
DA:49,37
DA:50,37
DA:51,37
LF:51
LH:51
BRDA:1,0,0,12
BRF:1
BRH:1
end_of_record
TN:
SF:unit_test/base/datetime/calendar/header/index.js
FN:9,isValidMonth
FN:12,isValidYear
FN:16,BaseDateTimeCalendarHeader
FN:23,update
FN:29,render
FN:55,_getYearTemplate
FN:67,_getMonthTemplate
FN:79,_getYearMonthTemplate
FN:86,_handleMonthDropdownChange
FN:92,_handleYearDropdownChange
FN:98,_handleYearDropdownClick
FN:103,_handleMonthDropdownClick
FN:108,_handleClickCalendarPrevMonthBtn
FN:120,_handleKeyDownCalendarPrevMonthBtn
FN:126,_handleClickCalendarNextMonthBtn
FN:138,_dispatchCalendarHeaderChangeEvent
FN:151,hasChanged
FN:159,hasChanged
FNF:18
FNH:18
FNDA:18,isValidMonth
FNDA:18,isValidYear
FNDA:18,BaseDateTimeCalendarHeader
FNDA:18,update
FNDA:18,render
FNDA:18,_getYearTemplate
FNDA:18,_getMonthTemplate
FNDA:18,_getYearMonthTemplate
FNDA:2,_handleMonthDropdownChange
FNDA:2,_handleYearDropdownChange
FNDA:5,_handleYearDropdownClick
FNDA:5,_handleMonthDropdownClick
FNDA:2,_handleClickCalendarPrevMonthBtn
FNDA:1,_handleKeyDownCalendarPrevMonthBtn
FNDA:2,_handleClickCalendarNextMonthBtn
FNDA:4,_dispatchCalendarHeaderChangeEvent
FNDA:18,hasChanged
FNDA:18,hasChanged
DA:1,40
DA:2,40
DA:3,40
DA:4,40
DA:5,40
DA:6,40
DA:7,40
DA:8,40
DA:9,18
DA:10,18
DA:11,18
DA:12,18
DA:13,18
DA:14,18
DA:15,40
DA:16,40
DA:17,18
DA:18,18
DA:19,18
DA:20,18
DA:21,18
DA:22,18
DA:23,40
DA:24,18
DA:25,18
DA:26,18
DA:27,18
DA:28,18
DA:29,40
DA:30,18
DA:31,18
DA:32,18
DA:33,18
DA:34,18
DA:35,18
DA:36,18
DA:37,18
DA:38,18
DA:39,18
DA:40,18
DA:41,18
DA:42,18
DA:43,18
DA:44,18
DA:45,18
DA:46,18
DA:47,18
DA:48,18
DA:49,18
DA:50,18
DA:51,18
DA:52,18
DA:53,18
DA:54,18
DA:55,40
DA:56,18
DA:57,18
DA:58,18
DA:59,18
DA:60,18
DA:61,18
DA:62,18
DA:63,18
DA:64,18
DA:65,18
DA:66,18
DA:67,40
DA:68,18
DA:69,18
DA:70,18
DA:71,18
DA:72,18
DA:73,18
DA:74,18
DA:75,18
DA:76,18
DA:77,18
DA:78,18
DA:79,40
DA:80,18
DA:81,18
DA:82,16
DA:83,18
DA:84,18
DA:85,18
DA:86,40
DA:87,2
DA:88,2
DA:89,2
DA:90,2
DA:91,2
DA:92,40
DA:93,2
DA:94,2
DA:95,2
DA:96,2
DA:97,2
DA:98,40
DA:99,5
DA:100,5
DA:101,0
DA:102,5
DA:103,40
DA:104,5
DA:105,5
DA:106,0
DA:107,5
DA:108,40
DA:109,2
DA:110,2
DA:111,2
DA:112,1
DA:113,1
DA:114,1
DA:115,2
DA:116,2
DA:117,2
DA:118,2
DA:119,2
DA:120,40
DA:121,1
DA:122,1
DA:123,1
DA:124,1
DA:125,1
DA:126,40
DA:127,2
DA:128,2
DA:129,2
DA:130,1
DA:131,1
DA:132,1
DA:133,2
DA:134,2
DA:135,2
DA:136,2
DA:137,2
DA:138,40
DA:139,4
DA:140,4
DA:141,4
DA:142,4
DA:143,4
DA:144,40
DA:145,40
DA:146,40
DA:147,40
DA:148,40
DA:149,40
DA:150,40
DA:151,40
DA:152,18
DA:153,40
DA:154,40
DA:155,40
DA:156,40
DA:157,40
DA:158,40
DA:159,40
DA:160,18
DA:161,40
DA:162,40
DA:163,40
DA:164,40
DA:165,40
DA:166,40
DA:167,40
DA:168,40
DA:169,40
DA:170,40
DA:171,40
DA:172,40
DA:173,40
DA:174,40
DA:175,40
DA:176,40
DA:177,40
DA:178,40
DA:179,40
LF:179
LH:177
BRDA:1,0,0,75
BRDA:9,1,0,26
BRDA:12,2,0,26
BRDA:16,3,0,26
BRDA:23,4,0,26
BRDA:29,5,0,26
BRDA:55,6,0,26
BRDA:67,7,0,26
BRDA:79,8,0,72
BRDA:83,9,0,12
BRDA:98,10,0,16
BRDA:101,11,0,11
BRDA:103,12,0,16
BRDA:106,13,0,11
BRDA:108,14,0,13
BRDA:111,15,0,12
BRDA:138,16,0,15
BRDA:151,17,0,26
BRDA:159,18,0,26
BRDA:81,19,0,72
BRDA:84,20,0,72
BRDA:126,21,0,75
BRDA:129,22,0,75
BRDA:86,23,0,75
BRDA:92,24,0,75
BRDA:120,25,0,75
BRF:26
BRH:26
end_of_record
TN:
SF:unit_test/base/datetime/calendar/header/style.js
FNF:0
FNH:0
DA:1,40
DA:2,40
DA:3,40
DA:4,40
DA:5,40
DA:6,40
DA:7,40
DA:8,40
DA:9,40
DA:10,40
DA:11,40
DA:12,40
DA:13,40
DA:14,40
DA:15,40
DA:16,40
DA:17,40
DA:18,40
DA:19,40
DA:20,40
DA:21,40
DA:22,40
DA:23,40
DA:24,40
DA:25,40
DA:26,40
DA:27,40
DA:28,40
DA:29,40
DA:30,40
DA:31,40
DA:32,40
DA:33,40
DA:34,40
DA:35,40
DA:36,40
DA:37,40
DA:38,40
DA:39,40
DA:40,40
DA:41,40
DA:42,40
DA:43,40
DA:44,40
DA:45,40
DA:46,40
DA:47,40
DA:48,40
DA:49,40
DA:50,40
DA:51,40
DA:52,40
DA:53,40
DA:54,40
DA:55,40
DA:56,40
DA:57,40
DA:58,40
DA:59,40
DA:60,40
DA:61,40
DA:62,40
DA:63,40
DA:64,40
LF:64
LH:64
BRDA:1,0,0,12
BRF:1
BRH:1
end_of_record
TN:
SF:unit_test/base/datetime/calendar/header/dropdown/month/index.js
FN:8,BaseDateTimeHeaderMonth
FN:18,connectedCallback
FN:24,disconnectedCallback
FN:28,update
FN:38,render
FN:60,updated
FN:67,_handleScrollDocument
FN:75,closeListBox
FN:79,_getListBoxTemplate
FN:96,_handleFocusOutListBox
FN:100,_handleListBoxEscape
FN:103,_handleClickDropdownMonthToggle
FN:117,_handleMouseUpDropdownToggle
FN:120,_handleMouseDownDropdownToggle
FN:123,_handleKeyDownMonthToggle
FN:129,_openListBoxByKey
FN:135,_handleTabKey
FN:138,_handleChangeListBox
FN:148,_openListBox
FN:151,_getListBoxItems
FN:160,_getMonthLabel
FNF:21
FNH:21
FNDA:18,BaseDateTimeHeaderMonth
FNDA:18,connectedCallback
FNDA:18,disconnectedCallback
FNDA:18,update
FNDA:18,render
FNDA:18,updated
FNDA:5,_handleScrollDocument
FNDA:4,closeListBox
FNDA:18,_getListBoxTemplate
FNDA:1,_handleFocusOutListBox
FNDA:1,_handleListBoxEscape
FNDA:5,_handleClickDropdownMonthToggle
FNDA:1,_handleMouseUpDropdownToggle
FNDA:1,_handleMouseDownDropdownToggle
FNDA:1,_handleKeyDownMonthToggle
FNDA:1,_openListBoxByKey
FNDA:1,_handleTabKey
FNDA:2,_handleChangeListBox
FNDA:5,_openListBox
FNDA:18,_getListBoxItems
FNDA:18,_getMonthLabel
DA:1,40
DA:2,40
DA:3,40
DA:4,40
DA:5,40
DA:6,40
DA:7,40
DA:8,40
DA:9,18
DA:10,18
DA:11,18
DA:12,18
DA:13,18
DA:14,18
DA:15,18
DA:16,18
DA:17,18
DA:18,40
DA:19,18
DA:20,18
DA:21,18
DA:22,18
DA:23,18
DA:24,40
DA:25,18
DA:26,18
DA:27,18
DA:28,40
DA:29,18
DA:30,18
DA:31,18
DA:32,18
DA:33,18
DA:34,18
DA:35,18
DA:36,18
DA:37,18
DA:38,40
DA:39,18
DA:40,18
DA:41,18
DA:42,18
DA:43,18
DA:44,18
DA:45,18
DA:46,18
DA:47,18
DA:48,18
DA:49,18
DA:50,18
DA:51,18
DA:52,18
DA:53,18
DA:54,18
DA:55,18
DA:56,18
DA:57,18
DA:58,18
DA:59,18
DA:60,40
DA:61,18
DA:62,18
DA:63,5
DA:64,5
DA:65,18
DA:66,18
DA:67,40
DA:68,5
DA:69,5
DA:70,5
DA:71,5
DA:72,5
DA:73,0
DA:74,5
DA:75,40
DA:76,4
DA:77,4
DA:78,4
DA:79,40
DA:80,18
DA:81,18
DA:82,5
DA:83,5
DA:84,5
DA:85,5
DA:86,5
DA:87,5
DA:88,5
DA:89,5
DA:90,5
DA:91,5
DA:92,5
DA:93,5
DA:94,18
DA:95,18
DA:96,40
DA:97,1
DA:98,1
DA:99,1
DA:100,40
DA:101,1
DA:102,1
DA:103,40
DA:104,5
DA:105,5
DA:106,5
DA:107,5
DA:108,5
DA:109,1
DA:110,1
DA:111,1
DA:112,5
DA:113,5
DA:114,5
DA:115,5
DA:116,5
DA:117,40
DA:118,1
DA:119,1
DA:120,40
DA:121,1
DA:122,1
DA:123,40
DA:124,1
DA:125,1
DA:126,1
DA:127,1
DA:128,1
DA:129,40
DA:130,1
DA:131,1
DA:132,1
DA:133,1
DA:134,1
DA:135,40
DA:136,1
DA:137,1
DA:138,40
DA:139,2
DA:140,2
DA:141,2
DA:142,2
DA:143,2
DA:144,2
DA:145,2
DA:146,2
DA:147,2
DA:148,40
DA:149,5
DA:150,5
DA:151,40
DA:152,18
DA:153,18
DA:154,18
DA:155,18
DA:156,18
DA:157,18
DA:158,18
DA:159,18
DA:160,40
DA:161,18
DA:162,18
DA:163,18
DA:164,40
DA:165,40
DA:166,40
DA:167,40
DA:168,40
DA:169,40
DA:170,40
DA:171,40
DA:172,40
DA:173,40
DA:174,40
DA:175,40
DA:176,40
DA:177,40
DA:178,40
DA:179,40
DA:180,40
LF:180
LH:179
BRDA:1,0,0,120
BRDA:8,1,0,26
BRDA:18,2,0,26
BRDA:20,3,0,26
BRDA:24,4,0,26
BRDA:28,5,0,26
BRDA:38,6,0,38
BRDA:60,7,0,38
BRDA:67,8,0,16
BRDA:73,9,0,11
BRDA:75,10,0,15
BRDA:79,11,0,38
BRDA:83,12,0,8
BRDA:103,13,0,16
BRDA:109,14,0,12
BRDA:148,15,0,16
BRDA:151,16,0,26
BRDA:152,17,0,26
BRDA:160,18,0,26
BRDA:162,19,0,10
BRDA:161,20,0,26
BRDA:44,21,0,38
BRDA:62,22,0,38
BRDA:81,23,0,38
BRDA:117,24,0,120
BRDA:120,25,0,120
BRDA:123,26,0,120
BRDA:129,27,0,120
BRDA:135,28,0,120
BRDA:138,29,0,120
BRDA:143,30,0,120
BRDA:96,31,0,120
BRDA:100,32,0,120
BRF:33
BRH:33
end_of_record
TN:
SF:unit_test/base/datetime/calendar/header/dropdown/month/style.js
FNF:0
FNH:0
DA:1,40
DA:2,40
DA:3,40
DA:4,40
DA:5,40
DA:6,40
DA:7,40
DA:8,40
DA:9,40
DA:10,40
DA:11,40
DA:12,40
DA:13,40
DA:14,40
DA:15,40
DA:16,40
DA:17,40
DA:18,40
DA:19,40
DA:20,40
DA:21,40
DA:22,40
DA:23,40
DA:24,40
DA:25,40
DA:26,40
DA:27,40
LF:27
LH:27
BRDA:1,0,0,40
BRF:1
BRH:1
end_of_record
TN:
SF:unit_test/base/datetime/calendar/header/dropdown/year/index.js
FN:8,BaseDateTimeHeaderYear
FN:15,connectedCallback
FN:21,disconnectedCallback
FN:25,update
FN:35,render
FN:57,updated
FN:64,closeListBox
FN:68,_handleScrollDocument
FN:76,_getListBoxTemplate
FN:92,_handleFocusOutListBox
FN:96,_handleListBoxEscape
FN:99,_handleMouseUpDropdownToggle
FN:102,_handleMouseDownDropdownToggle
FN:105,_handleClickDropdownYearToggle
FN:119,_handleKeyDownYearToggle
FN:125,_openListBoxByKey
FN:131,_handleChangeListBox
FN:141,_openListBox
FN:144,_getYearOptions
FNF:19
FNH:19
FNDA:18,BaseDateTimeHeaderYear
FNDA:18,connectedCallback
FNDA:18,disconnectedCallback
FNDA:18,update
FNDA:18,render
FNDA:18,updated
FNDA:4,closeListBox
FNDA:5,_handleScrollDocument
FNDA:18,_getListBoxTemplate
FNDA:1,_handleFocusOutListBox
FNDA:1,_handleListBoxEscape
FNDA:1,_handleMouseUpDropdownToggle
FNDA:1,_handleMouseDownDropdownToggle
FNDA:5,_handleClickDropdownYearToggle
FNDA:1,_handleKeyDownYearToggle
FNDA:1,_openListBoxByKey
FNDA:2,_handleChangeListBox
FNDA:5,_openListBox
FNDA:18,_getYearOptions
DA:1,40
DA:2,40
DA:3,40
DA:4,40
DA:5,40
DA:6,40
DA:7,40
DA:8,40
DA:9,18
DA:10,18
DA:11,18
DA:12,18
DA:13,18
DA:14,18
DA:15,40
DA:16,18
DA:17,18
DA:18,18
DA:19,18
DA:20,18
DA:21,40
DA:22,18
DA:23,18
DA:24,18
DA:25,40
DA:26,18
DA:27,18
DA:28,18
DA:29,18
DA:30,18
DA:31,18
DA:32,18
DA:33,18
DA:34,18
DA:35,40
DA:36,18
DA:37,18
DA:38,18
DA:39,18
DA:40,18
DA:41,18
DA:42,18
DA:43,18
DA:44,18
DA:45,18
DA:46,18
DA:47,18
DA:48,18
DA:49,18
DA:50,18
DA:51,18
DA:52,18
DA:53,18
DA:54,18
DA:55,18
DA:56,18
DA:57,40
DA:58,18
DA:59,18
DA:60,5
DA:61,5
DA:62,18
DA:63,18
DA:64,40
DA:65,4
DA:66,4
DA:67,4
DA:68,40
DA:69,5
DA:70,5
DA:71,5
DA:72,5
DA:73,5
DA:74,0
DA:75,5
DA:76,40
DA:77,18
DA:78,18
DA:79,5
DA:80,5
DA:81,5
DA:82,5
DA:83,5
DA:84,5
DA:85,5
DA:86,5
DA:87,5
DA:88,5
DA:89,5
DA:90,18
DA:91,18
DA:92,40
DA:93,1
DA:94,1
DA:95,1
DA:96,40
DA:97,1
DA:98,1
DA:99,40
DA:100,1
DA:101,1
DA:102,40
DA:103,1
DA:104,1
DA:105,40
DA:106,5
DA:107,5
DA:108,5
DA:109,5
DA:110,5
DA:111,1
DA:112,1
DA:113,1
DA:114,5
DA:115,5
DA:116,5
DA:117,5
DA:118,5
DA:119,40
DA:120,1
DA:121,1
DA:122,1
DA:123,1
DA:124,1
DA:125,40
DA:126,1
DA:127,1
DA:128,1
DA:129,1
DA:130,1
DA:131,40
DA:132,2
DA:133,2
DA:134,2
DA:135,2
DA:136,2
DA:137,2
DA:138,2
DA:139,2
DA:140,2
DA:141,40
DA:142,5
DA:143,5
DA:144,40
DA:145,18
DA:146,18
DA:147,1
DA:148,1
DA:149,18
DA:150,18
DA:151,18
DA:152,18
DA:153,18
DA:154,18
DA:155,18
DA:156,40
DA:157,40
DA:158,40
DA:159,40
DA:160,40
DA:161,40
DA:162,40
DA:163,40
DA:164,40
DA:165,40
DA:166,40
DA:167,40
DA:168,40
DA:169,40
DA:170,40
DA:171,40
DA:172,40
LF:172
LH:171
BRDA:1,0,0,108
BRDA:8,1,0,26
BRDA:15,2,0,26
BRDA:17,3,0,26
BRDA:21,4,0,26
BRDA:25,5,0,26
BRDA:26,6,0,26
BRDA:35,7,0,38
BRDA:57,8,0,38
BRDA:64,9,0,15
BRDA:68,10,0,16
BRDA:74,11,0,11
BRDA:76,12,0,38
BRDA:80,13,0,8
BRDA:105,14,0,16
BRDA:111,15,0,12
BRDA:141,16,0,16
BRDA:144,17,0,26
BRDA:146,18,0,9
BRDA:149,19,0,9
BRDA:150,20,0,9
BRDA:41,21,0,38
BRDA:59,22,0,38
BRDA:78,23,0,38
BRDA:99,24,0,108
BRDA:102,25,0,108
BRDA:119,26,0,108
BRDA:125,27,0,108
BRDA:131,28,0,108
BRDA:136,29,0,108
BRDA:92,30,0,108
BRDA:96,31,0,108
BRF:32
BRH:32
end_of_record
TN:
SF:unit_test/base/datetime/calendar/header/dropdown/year/style.js
FNF:0
FNH:0
DA:1,40
DA:2,40
DA:3,40
DA:4,40
DA:5,40
DA:6,40
DA:7,40
DA:8,40
DA:9,40
DA:10,40
DA:11,40
DA:12,40
DA:13,40
DA:14,40
DA:15,40
DA:16,40
DA:17,40
DA:18,40
DA:19,40
DA:20,40
DA:21,40
DA:22,40
DA:23,40
DA:24,40
DA:25,40
DA:26,40
DA:27,40
LF:27
LH:27
BRDA:1,0,0,40
BRF:1
BRH:1
end_of_record
TN:
SF:unit_test/base/datetime/date/index.js
FN:11,BaseDate
FN:26,update
FN:39,render
FN:95,updated
FN:101,_handleInputValue
FN:105,_handleClickInput
FN:114,_updateValueProp
FN:127,_setCalendarValueWhenInvalidValue
FN:134,_getNewCalendarValue
FN:144,_handleChangeInput
FN:160,_handleKeyDownInput
FN:165,_closeCalendar
FN:168,_openCalendar
FN:171,_handleShiftTabCalendarPrevMonth
FN:174,_handleClickCalendarChangeDate
FN:179,_handleClickCalendarClickDate
FN:188,_handleClickCalendarFooterButtonNone
FN:202,_handleTabCalendarFooterButtonNone
FN:205,_handleClickCalendarFooterButtonToday
FN:211,_handleCalendarEscape
FN:224,_handleCalendarBlurBody
FN:228,_dispathDateChangeCustomEvent
FN:233,_handleClickButton
FN:242,_handleBlurButton
FN:245,_handleFocusButton
FNF:25
FNH:24
FNDA:29,BaseDate
FNDA:29,update
FNDA:29,render
FNDA:29,updated
FNDA:1,_handleInputValue
FNDA:7,_handleClickInput
FNDA:29,_updateValueProp
FNDA:13,_setCalendarValueWhenInvalidValue
FNDA:8,_getNewCalendarValue
FNDA:2,_handleChangeInput
FNDA:1,_handleKeyDownInput
FNDA:6,_closeCalendar
FNDA:7,_openCalendar
FNDA:0,_handleShiftTabCalendarPrevMonth
FNDA:2,_handleClickCalendarChangeDate
FNDA:1,_handleClickCalendarClickDate
FNDA:2,_handleClickCalendarFooterButtonNone
FNDA:1,_handleTabCalendarFooterButtonNone
FNDA:2,_handleClickCalendarFooterButtonToday
FNDA:1,_handleCalendarEscape
FNDA:2,_handleCalendarBlurBody
FNDA:4,_dispathDateChangeCustomEvent
FNDA:1,_handleClickButton
FNDA:1,_handleBlurButton
FNDA:1,_handleFocusButton
DA:1,29
DA:2,29
DA:3,29
DA:4,29
DA:5,29
DA:6,29
DA:7,29
DA:8,29
DA:9,29
DA:10,29
DA:11,29
DA:12,29
DA:13,29
DA:14,29
DA:15,29
DA:16,29
DA:17,29
DA:18,29
DA:19,29
DA:20,29
DA:21,29
DA:22,29
DA:23,29
DA:24,29
DA:25,29
DA:26,29
DA:27,29
DA:28,29
DA:29,29
DA:30,29
DA:31,29
DA:32,29
DA:33,29
DA:34,29
DA:35,29
DA:36,29
DA:37,29
DA:38,29
DA:39,29
DA:40,29
DA:41,29
DA:42,29
DA:43,29
DA:44,29
DA:45,29
DA:46,29
DA:47,29
DA:48,29
DA:49,29
DA:50,29
DA:51,29
DA:52,29
DA:53,29
DA:54,29
DA:55,29
DA:56,29
DA:57,29
DA:58,29
DA:59,29
DA:60,29
DA:61,29
DA:62,29
DA:63,29
DA:64,29
DA:65,29
DA:66,29
DA:67,29
DA:68,29
DA:69,29
DA:70,7
DA:71,7
DA:72,7
DA:73,7
DA:74,7
DA:75,7
DA:76,7
DA:77,7
DA:78,7
DA:79,7
DA:80,7
DA:81,7
DA:82,7
DA:83,7
DA:84,7
DA:85,7
DA:86,7
DA:87,7
DA:88,7
DA:89,7
DA:90,7
DA:91,7
DA:92,29
DA:93,29
DA:94,29
DA:95,29
DA:96,29
DA:97,17
DA:98,17
DA:99,29
DA:100,29
DA:101,29
DA:102,1
DA:103,1
DA:104,1
DA:105,29
DA:106,7
DA:107,7
DA:108,7
DA:109,7
DA:110,7
DA:111,7
DA:112,1
DA:113,7
DA:114,29
DA:115,29
DA:116,13
DA:117,13
DA:118,13
DA:119,13
DA:120,13
DA:121,24
DA:122,24
DA:123,24
DA:124,24
DA:125,29
DA:126,29
DA:127,29
DA:128,13
DA:129,2
DA:130,2
DA:131,2
DA:132,12
DA:133,13
DA:134,29
DA:135,8
DA:136,8
DA:137,3
DA:138,3
DA:139,3
DA:140,3
DA:141,3
DA:142,3
DA:143,8
DA:144,29
DA:145,2
DA:146,2
DA:147,2
DA:148,2
DA:149,1
DA:150,1
DA:151,1
DA:152,2
DA:153,2
DA:154,2
DA:155,2
DA:156,2
DA:157,2
DA:158,2
DA:159,2
DA:160,29
DA:161,1
DA:162,1
DA:163,1
DA:164,1
DA:165,29
DA:166,6
DA:167,6
DA:168,29
DA:169,7
DA:170,7
DA:171,29
DA:172,0
DA:173,0
DA:174,29
DA:175,2
DA:176,2
DA:177,2
DA:178,2
DA:179,29
DA:180,1
DA:181,1
DA:182,1
DA:183,1
DA:184,1
DA:185,1
DA:186,1
DA:187,1
DA:188,29
DA:189,2
DA:190,2
DA:191,2
DA:192,2
DA:193,2
DA:194,2
DA:195,2
DA:196,2
DA:197,2
DA:198,2
DA:199,2
DA:200,2
DA:201,2
DA:202,29
DA:203,1
DA:204,1
DA:205,29
DA:206,2
DA:207,2
DA:208,2
DA:209,2
DA:210,2
DA:211,29
DA:212,1
DA:213,1
DA:214,1
DA:215,1
DA:216,1
DA:217,1
DA:218,1
DA:219,1
DA:220,1
DA:221,1
DA:222,1
DA:223,1
DA:224,29
DA:225,2
DA:226,2
DA:227,2
DA:228,29
DA:229,4
DA:230,4
DA:231,4
DA:232,4
DA:233,29
DA:234,1
DA:235,1
DA:236,1
DA:237,1
DA:238,1
DA:239,1
DA:240,0
DA:241,1
DA:242,29
DA:243,1
DA:244,1
DA:245,29
DA:246,1
DA:247,1
DA:248,29
DA:249,29
DA:250,29
DA:251,29
DA:252,29
DA:253,29
DA:254,29
DA:255,29
DA:256,29
DA:257,29
DA:258,29
DA:259,29
DA:260,29
DA:261,29
DA:262,29
DA:263,29
DA:264,29
DA:265,29
DA:266,29
DA:267,29
DA:268,29
DA:269,29
DA:270,29
DA:271,29
DA:272,29
DA:273,29
DA:274,29
DA:275,29
DA:276,29
DA:277,29
DA:278,29
DA:279,29
DA:280,29
DA:281,29
DA:282,29
DA:283,29
DA:284,29
DA:285,29
LF:285
LH:282
BRDA:1,0,0,193
BRDA:11,1,0,29
BRDA:26,2,0,29
BRDA:39,3,0,35
BRDA:95,4,0,29
BRDA:96,5,0,17
BRDA:105,6,0,24
BRDA:112,7,0,9
BRDA:114,8,0,97
BRDA:127,9,0,38
BRDA:128,10,0,16
BRDA:134,11,0,49
BRDA:138,12,0,8
BRDA:165,13,0,15
BRDA:168,14,0,15
BRDA:174,15,0,12
BRDA:202,16,0,12
BRDA:211,17,0,12
BRDA:216,18,0,11
BRDA:224,19,0,12
BRDA:233,20,0,12
BRDA:236,21,0,11
BRDA:240,22,0,11
BRDA:101,23,0,193
BRDA:103,24,0,193
BRDA:130,25,0,16
BRDA:144,26,0,193
BRDA:146,27,0,193
BRDA:179,28,0,193
BRDA:184,29,0,193
BRDA:188,30,0,193
BRDA:197,31,0,193
BRDA:228,32,0,193
BRDA:69,33,0,35
BRDA:115,34,0,97
BRDA:121,35,0,97
BRDA:125,36,0,97
BRDA:108,37,0,24
BRDA:137,38,0,49
BRDA:205,39,0,193
BRDA:230,40,0,193
BRDA:118,41,0,97
BRDA:132,42,0,38
BRDA:136,43,0,49
BRDA:141,44,0,49
BRDA:148,45,0,193
BRDA:160,46,0,193
BRDA:242,47,0,193
BRDA:245,48,0,193
BRDA:230,49,0,193
BRF:50
BRH:50
end_of_record
TN:
SF:unit_test/base/datetime/date/style.js
FNF:0
FNH:0
DA:1,29
DA:2,29
DA:3,29
DA:4,29
DA:5,29
DA:6,29
DA:7,29
DA:8,29
DA:9,29
DA:10,29
DA:11,29
DA:12,29
DA:13,29
DA:14,29
DA:15,29
DA:16,29
DA:17,29
DA:18,29
DA:19,29
DA:20,29
DA:21,29
DA:22,29
DA:23,29
DA:24,29
DA:25,29
DA:26,29
DA:27,29
DA:28,29
DA:29,29
DA:30,29
DA:31,29
DA:32,29
DA:33,29
DA:34,29
DA:35,29
DA:36,29
DA:37,29
DA:38,29
DA:39,29
DA:40,29
DA:41,29
DA:42,29
DA:43,29
DA:44,29
DA:45,29
DA:46,29
DA:47,29
DA:48,29
DA:49,29
DA:50,29
LF:50
LH:50
BRDA:1,0,0,12
BRF:1
BRH:1
end_of_record
TN:
SF:unit_test/base/datetime/listbox/index.js
FN:7,BaseDateTimeListBox
FN:17,connectedCallback
FN:23,disconnectedCallback
FN:27,getHighlightItemEl
FN:30,render
FN:43,updated
FN:52,_handleClickDocument
FN:55,_handleClickListBox
FN:58,_handleKeyDownListBox
FN:101,_handleMouseDownListBox
FN:111,_handleMouseOverItem
FN:122,_setListBoxPosition
FN:137,_setHighlightItemEl
FN:142,_highlightSelectedItem
FN:153,_highlightFirstItem
FN:157,_highlightLastItem
FN:161,_highlightNextItemEl
FN:175,_getNextItemEl
FN:189,_highlightPrevItemEl
FN:203,_getPreviousItemEl
FN:218,_removeHighlight
FN:224,_focusHighlightItemEl
FN:233,_dispatchListBoxFocusChange
FN:238,_scrollToView
FN:250,_getHighlightItemByValue
FN:263,_getListBoxItemTemplate
FN:281,_getCheckedIconSvgTemplate
FNF:27
FNH:27
FNDA:20,BaseDateTimeListBox
FNDA:20,connectedCallback
FNDA:20,disconnectedCallback
FNDA:1,getHighlightItemEl
FNDA:20,render
FNDA:20,updated
FNDA:8,_handleClickDocument
FNDA:1,_handleClickListBox
FNDA:8,_handleKeyDownListBox
FNDA:4,_handleMouseDownListBox
FNDA:2,_handleMouseOverItem
FNDA:20,_setListBoxPosition
FNDA:11,_setHighlightItemEl
FNDA:20,_highlightSelectedItem
FNDA:3,_highlightFirstItem
FNDA:3,_highlightLastItem
FNDA:4,_highlightNextItemEl
FNDA:3,_getNextItemEl
FNDA:3,_highlightPrevItemEl
FNDA:2,_getPreviousItemEl
FNDA:11,_removeHighlight
FNDA:11,_focusHighlightItemEl
FNDA:11,_dispatchListBoxFocusChange
FNDA:20,_scrollToView
FNDA:15,_getHighlightItemByValue
FNDA:18,_getListBoxItemTemplate
FNDA:8,_getCheckedIconSvgTemplate
DA:1,45
DA:2,45
DA:3,45
DA:4,45
DA:5,45
DA:6,45
DA:7,45
DA:8,20
DA:9,20
DA:10,20
DA:11,20
DA:12,20
DA:13,20
DA:14,20
DA:15,20
DA:16,20
DA:17,45
DA:18,20
DA:19,20
DA:20,20
DA:21,20
DA:22,20
DA:23,45
DA:24,20
DA:25,20
DA:26,20
DA:27,45
DA:28,1
DA:29,1
DA:30,45
DA:31,20
DA:32,20
DA:33,20
DA:34,20
DA:35,20
DA:36,20
DA:37,20
DA:38,20
DA:39,20
DA:40,20
DA:41,20
DA:42,20
DA:43,45
DA:44,20
DA:45,20
DA:46,20
DA:47,20
DA:48,20
DA:49,20
DA:50,20
DA:51,20
DA:52,45
DA:53,8
DA:54,8
DA:55,45
DA:56,1
DA:57,1
DA:58,45
DA:59,8
DA:60,8
DA:61,8
DA:62,8
DA:63,8
DA:64,3
DA:65,3
DA:66,3
DA:67,3
DA:68,3
DA:69,8
DA:70,8
DA:71,4
DA:72,4
DA:73,4
DA:74,4
DA:75,4
DA:76,8
DA:77,2
DA:78,2
DA:79,2
DA:80,2
DA:81,8
DA:82,2
DA:83,2
DA:84,2
DA:85,2
DA:86,8
DA:87,1
DA:88,1
DA:89,8
DA:90,3
DA:91,3
DA:92,8
DA:93,8
DA:94,2
DA:95,2
DA:96,2
DA:97,2
DA:98,2
DA:99,8
DA:100,8
DA:101,45
DA:102,4
DA:103,4
DA:104,4
DA:105,4
DA:106,4
DA:107,4
DA:108,4
DA:109,4
DA:110,4
DA:111,45
DA:112,2
DA:113,1
DA:114,1
DA:115,1
DA:116,2
DA:117,2
DA:118,2
DA:119,2
DA:120,2
DA:121,2
DA:122,45
DA:123,20
DA:124,20
DA:125,20
DA:126,20
DA:127,20
DA:128,20
DA:129,20
DA:130,20
DA:131,20
DA:132,20
DA:133,0
DA:134,0
DA:135,0
DA:136,20
DA:137,45
DA:138,11
DA:139,11
DA:140,11
DA:141,11
DA:142,45
DA:143,20
DA:144,20
DA:145,13
DA:146,13
DA:147,13
DA:148,13
DA:149,8
DA:150,8
DA:151,8
DA:152,20
DA:153,45
DA:154,3
DA:155,3
DA:156,3
DA:157,45
DA:158,3
DA:159,3
DA:160,3
DA:161,45
DA:162,4
DA:163,1
DA:164,1
DA:165,1
DA:166,3
DA:167,3
DA:168,3
DA:169,3
DA:170,3
DA:171,3
DA:172,3
DA:173,0
DA:174,4
DA:175,45
DA:176,3
DA:177,3
DA:178,0
DA:179,0
DA:180,3
DA:181,3
DA:182,3
DA:183,3
DA:184,3
DA:185,3
DA:186,3
DA:187,0
DA:188,3
DA:189,45
DA:190,3
DA:191,2
DA:192,2
DA:193,2
DA:194,2
DA:195,2
DA:196,2
DA:197,2
DA:198,2
DA:199,2
DA:200,2
DA:201,0
DA:202,3
DA:203,45
DA:204,2
DA:205,2
DA:206,0
DA:207,0
DA:208,2
DA:209,2
DA:210,2
DA:211,2
DA:212,2
DA:213,2
DA:214,2
DA:215,2
DA:216,1
DA:217,2
DA:218,45
DA:219,11
DA:220,11
DA:221,5
DA:222,5
DA:223,11
DA:224,45
DA:225,11
DA:226,11
DA:227,11
DA:228,11
DA:229,11
DA:230,11
DA:231,11
DA:232,11
DA:233,45
DA:234,11
DA:235,11
DA:236,11
DA:237,11
DA:238,45
DA:239,20
DA:240,20
DA:241,2
DA:242,2
DA:243,18
DA:244,18
DA:245,18
DA:246,18
DA:247,18
DA:248,18
DA:249,20
DA:250,45
DA:251,15
DA:252,15
DA:253,15
DA:254,15
DA:255,3
DA:256,3
DA:257,15
DA:258,15
DA:259,5
DA:260,5
DA:261,5
DA:262,15
DA:263,45
DA:264,18
DA:265,18
DA:266,18
DA:267,18
DA:268,18
DA:269,18
DA:270,18
DA:271,18
DA:272,18
DA:273,18
DA:274,18
DA:275,18
DA:276,18
DA:277,18
DA:278,18
DA:279,18
DA:280,18
DA:281,45
DA:282,8
DA:283,8
DA:284,8
DA:285,8
DA:286,8
DA:287,8
DA:288,8
DA:289,8
DA:290,8
DA:291,8
DA:292,8
DA:293,8
DA:294,8
DA:295,8
DA:296,8
DA:297,8
DA:298,45
DA:299,45
DA:300,45
DA:301,45
DA:302,45
DA:303,45
DA:304,45
DA:305,45
DA:306,45
DA:307,45
DA:308,45
DA:309,45
DA:310,45
DA:311,45
DA:312,45
DA:313,45
DA:314,45
DA:315,45
DA:316,45
DA:317,45
DA:318,45
DA:319,45
DA:320,45
DA:321,45
DA:322,45
DA:323,45
DA:324,45
DA:325,45
DA:326,45
DA:327,45
DA:328,45
DA:329,45
DA:330,45
DA:331,45
DA:332,45
DA:333,45
DA:334,45
DA:335,45
DA:336,45
DA:337,45
DA:338,45
LF:338
LH:328
BRDA:1,0,0,595
BRDA:7,1,0,28
BRDA:17,2,0,28
BRDA:19,3,0,28
BRDA:23,4,0,28
BRDA:30,5,0,28
BRDA:39,6,0,28
BRDA:43,7,0,28
BRDA:52,8,0,16
BRDA:122,9,0,28
BRDA:126,10,0,9
BRDA:133,11,0,8
BRDA:142,12,0,44
BRDA:145,13,0,73
BRDA:238,14,0,123
BRDA:240,15,0,10
BRDA:250,16,0,41
BRDA:254,17,0,11
BRDA:257,18,0,15
BRDA:259,19,0,13
BRDA:253,20,0,23
BRDA:263,21,0,42
BRDA:269,22,0,16
BRDA:271,23,0,9
BRDA:272,24,0,9
BRDA:276,25,0,16
BRDA:277,26,0,9
BRDA:264,27,0,42
BRDA:55,28,0,595
BRDA:58,29,0,595
BRDA:62,30,0,595
BRDA:63,31,0,595
BRDA:69,32,0,595
BRDA:70,33,0,595
BRDA:76,34,0,595
BRDA:81,35,0,595
BRDA:86,36,0,595
BRDA:92,37,0,595
BRDA:93,38,0,595
BRDA:101,39,0,595
BRDA:105,40,0,595
BRDA:107,41,0,595
BRDA:137,42,0,595
BRDA:148,43,0,73
BRDA:146,44,0,73
BRDA:218,45,0,595
BRDA:221,46,0,595
BRDA:224,47,0,595
BRDA:227,48,0,595
BRDA:230,49,0,595
BRDA:233,50,0,595
BRDA:234,51,0,595
BRDA:281,52,0,595
BRDA:89,53,0,595
BRDA:95,54,0,595
BRDA:111,55,0,595
BRDA:119,56,0,595
BRDA:144,57,0,44
BRDA:149,58,0,73
BRDA:153,59,0,595
BRDA:157,60,0,595
BRDA:161,61,0,595
BRDA:166,62,0,595
BRDA:189,63,0,595
BRDA:194,64,0,595
BRDA:258,65,0,41
BRDA:27,66,0,595
BRDA:112,67,0,595
BRDA:162,68,0,595
BRDA:173,69,0,595
BRDA:175,70,0,595
BRDA:177,71,0,595
BRDA:177,72,0,595
BRDA:177,73,0,595
BRDA:182,74,0,595
BRDA:187,75,0,595
BRDA:190,76,0,595
BRDA:201,77,0,595
BRDA:203,78,0,595
BRDA:205,79,0,595
BRDA:205,80,0,595
BRDA:205,81,0,595
BRDA:211,82,0,595
BRDA:240,83,0,123
BRDA:243,84,0,123
BRDA:239,85,0,123
BRDA:247,86,0,123
BRDA:216,87,0,595
BRF:88
BRH:88
end_of_record
TN:
SF:unit_test/base/datetime/listbox/style.js
FNF:0
FNH:0
DA:1,45
DA:2,45
DA:3,45
DA:4,45
DA:5,45
DA:6,45
DA:7,45
DA:8,45
DA:9,45
DA:10,45
DA:11,45
DA:12,45
DA:13,45
DA:14,45
DA:15,45
DA:16,45
DA:17,45
DA:18,45
DA:19,45
DA:20,45
DA:21,45
DA:22,45
DA:23,45
DA:24,45
DA:25,45
DA:26,45
DA:27,45
DA:28,45
DA:29,45
DA:30,45
DA:31,45
DA:32,45
DA:33,45
DA:34,45
DA:35,45
DA:36,45
DA:37,45
DA:38,45
DA:39,45
DA:40,45
DA:41,45
DA:42,45
DA:43,45
DA:44,45
DA:45,45
DA:46,45
DA:47,45
DA:48,45
DA:49,45
DA:50,45
DA:51,45
DA:52,45
DA:53,45
DA:54,45
DA:55,45
DA:56,45
DA:57,45
DA:58,45
DA:59,45
DA:60,45
DA:61,45
DA:62,45
DA:63,45
DA:64,45
DA:65,45
DA:66,45
DA:67,45
LF:67
LH:67
BRDA:1,0,0,8
BRF:1
BRH:1
end_of_record
TN:
SF:unit_test/base/datetime/mobile-calendar/index.js
FN:11,BaseMobileDateTimeCalendar
FN:18,update
FN:23,render
FN:51,updated
FN:54,_handleClickCalendarGroup
FN:57,_handleCalendarHeaderChange
FN:62,_updateValue
FN:70,_separateValue
FNF:8
FNH:7
FNDA:9,BaseMobileDateTimeCalendar
FNDA:9,update
FNDA:9,render
FNDA:9,updated
FNDA:0,_handleClickCalendarGroup
FNDA:1,_handleCalendarHeaderChange
FNDA:9,_updateValue
FNDA:9,_separateValue
DA:1,24
DA:2,24
DA:3,24
DA:4,24
DA:5,24
DA:6,24
DA:7,24
DA:8,24
DA:9,24
DA:10,24
DA:11,24
DA:12,9
DA:13,9
DA:14,9
DA:15,9
DA:16,9
DA:17,9
DA:18,24
DA:19,9
DA:20,9
DA:21,9
DA:22,9
DA:23,24
DA:24,9
DA:25,9
DA:26,9
DA:27,9
DA:28,9
DA:29,9
DA:30,9
DA:31,9
DA:32,9
DA:33,9
DA:34,9
DA:35,9
DA:36,9
DA:37,9
DA:38,9
DA:39,9
DA:40,9
DA:41,9
DA:42,9
DA:43,9
DA:44,9
DA:45,9
DA:46,9
DA:47,9
DA:48,9
DA:49,9
DA:50,9
DA:51,24
DA:52,9
DA:53,9
DA:54,24
DA:55,0
DA:56,0
DA:57,24
DA:58,1
DA:59,1
DA:60,1
DA:61,1
DA:62,24
DA:63,9
DA:64,2
DA:65,2
DA:66,9
DA:67,9
DA:68,9
DA:69,9
DA:70,24
DA:71,9
DA:72,9
DA:73,9
DA:74,9
DA:75,9
DA:76,9
DA:77,24
DA:78,24
DA:79,24
DA:80,24
DA:81,24
DA:82,24
DA:83,24
DA:84,24
DA:85,24
DA:86,24
DA:87,24
DA:88,24
DA:89,24
DA:90,24
DA:91,24
DA:92,24
DA:93,24
LF:93
LH:91
BRDA:1,0,0,16
BRDA:11,1,0,15
BRDA:18,2,0,15
BRDA:23,3,0,15
BRDA:51,4,0,15
BRDA:62,5,0,15
BRDA:63,6,0,8
BRDA:70,7,0,15
BRDA:57,8,0,16
BRF:9
BRH:9
end_of_record
TN:
SF:unit_test/base/datetime/mobile-calendar/style.js
FNF:0
FNH:0
DA:1,24
DA:2,24
DA:3,24
DA:4,24
DA:5,24
DA:6,24
DA:7,24
DA:8,24
DA:9,24
DA:10,24
DA:11,24
DA:12,24
LF:12
LH:12
BRDA:1,0,0,24
BRF:1
BRH:1
end_of_record
TN:
SF:unit_test/base/datetime/mobile-calendar/body/index.js
FN:8,BaseMobileDateTimeCalendarBody
FN:19,connectedCallback
FN:25,disconnectedCallback
FN:29,update
FN:44,render
FN:52,_handleClickDocument
FN:55,_handleClickDate
FN:63,_dispatchClickEvent
FN:68,_isToday
FN:74,_separateDateValue
FN:82,_getDateClass
FN:91,_isSameDayOfMoment
FN:110,_getHeaderItemsTemplate
FN:129,_getDateItemsTemplate
FNF:14
FNH:14
FNDA:15,BaseMobileDateTimeCalendarBody
FNDA:15,connectedCallback
FNDA:15,disconnectedCallback
FNDA:15,update
FNDA:15,render
FNDA:3,_handleClickDocument
FNDA:5,_handleClickDate
FNDA:5,_dispatchClickEvent
FNDA:13,_isToday
FNDA:15,_separateDateValue
FNDA:13,_getDateClass
FNDA:13,_isSameDayOfMoment
FNDA:15,_getHeaderItemsTemplate
FNDA:15,_getDateItemsTemplate
DA:1,30
DA:2,30
DA:3,30
DA:4,30
DA:5,30
DA:6,30
DA:7,30
DA:8,30
DA:9,15
DA:10,15
DA:11,15
DA:12,15
DA:13,15
DA:14,15
DA:15,15
DA:16,15
DA:17,15
DA:18,15
DA:19,30
DA:20,15
DA:21,15
DA:22,15
DA:23,15
DA:24,15
DA:25,30
DA:26,15
DA:27,15
DA:28,15
DA:29,30
DA:30,15
DA:31,15
DA:32,15
DA:33,15
DA:34,15
DA:35,15
DA:36,15
DA:37,15
DA:38,15
DA:39,15
DA:40,15
DA:41,15
DA:42,15
DA:43,15
DA:44,30
DA:45,15
DA:46,15
DA:47,15
DA:48,15
DA:49,15
DA:50,15
DA:51,15
DA:52,30
DA:53,3
DA:54,3
DA:55,30
DA:56,5
DA:57,5
DA:58,5
DA:59,5
DA:60,5
DA:61,5
DA:62,5
DA:63,30
DA:64,5
DA:65,5
DA:66,5
DA:67,5
DA:68,30
DA:69,13
DA:70,13
DA:71,13
DA:72,13
DA:73,13
DA:74,30
DA:75,15
DA:76,15
DA:77,15
DA:78,15
DA:79,15
DA:80,15
DA:81,15
DA:82,30
DA:83,13
DA:84,13
DA:85,13
DA:86,13
DA:87,13
DA:88,13
DA:89,13
DA:90,13
DA:91,30
DA:92,13
DA:93,13
DA:94,13
DA:95,13
DA:96,13
DA:97,13
DA:98,13
DA:99,13
DA:100,13
DA:101,13
DA:102,13
DA:103,13
DA:104,13
DA:105,13
DA:106,13
DA:107,13
DA:108,13
DA:109,13
DA:110,30
DA:111,15
DA:112,15
DA:113,15
DA:114,15
DA:115,15
DA:116,15
DA:117,15
DA:118,15
DA:119,15
DA:120,15
DA:121,15
DA:122,15
DA:123,15
DA:124,15
DA:125,15
DA:126,15
DA:127,15
DA:128,15
DA:129,30
DA:130,15
DA:131,15
DA:132,15
DA:133,15
DA:134,15
DA:135,13
DA:136,13
DA:137,13
DA:138,13
DA:139,13
DA:140,13
DA:141,13
DA:142,13
DA:143,13
DA:144,13
DA:145,13
DA:146,13
DA:147,13
DA:148,13
DA:149,13
DA:150,13
DA:151,13
DA:152,13
DA:153,13
DA:154,13
DA:155,13
DA:156,13
DA:157,13
DA:158,13
DA:159,13
DA:160,13
DA:161,15
DA:162,15
DA:163,15
DA:164,15
DA:165,30
DA:166,30
DA:167,30
DA:168,30
DA:169,30
DA:170,30
DA:171,30
DA:172,30
DA:173,30
DA:174,30
DA:175,30
DA:176,30
DA:177,30
DA:178,30
DA:179,30
DA:180,30
DA:181,30
DA:182,30
DA:183,30
DA:184,30
DA:185,30
DA:186,30
DA:187,30
LF:187
LH:187
BRDA:1,0,0,18
BRDA:8,1,0,21
BRDA:19,2,0,21
BRDA:21,3,0,21
BRDA:25,4,0,21
BRDA:29,5,0,21
BRDA:30,6,0,21
BRDA:44,7,0,21
BRDA:55,8,0,11
BRDA:63,9,0,11
BRDA:68,10,0,19
BRDA:70,11,0,13
BRDA:71,12,0,12
BRDA:74,13,0,21
BRDA:82,14,0,19
BRDA:86,15,0,12
BRDA:91,16,0,19
BRDA:98,17,0,7
BRDA:104,18,0,7
BRDA:105,19,0,7
BRDA:107,20,0,7
BRDA:110,21,0,21
BRDA:114,22,0,21
BRDA:129,23,0,21
BRDA:134,24,0,21
BRDA:137,25,0,21
BRDA:147,26,0,14
BRDA:155,27,0,8
BRDA:52,28,0,18
BRF:29
BRH:29
end_of_record
TN:
SF:unit_test/base/datetime/mobile-calendar/body/style.js
FNF:0
FNH:0
DA:1,30
DA:2,30
DA:3,30
DA:4,30
DA:5,30
DA:6,30
DA:7,30
DA:8,30
DA:9,30
DA:10,30
DA:11,30
DA:12,30
DA:13,30
DA:14,30
DA:15,30
DA:16,30
DA:17,30
DA:18,30
DA:19,30
DA:20,30
DA:21,30
DA:22,30
DA:23,30
DA:24,30
DA:25,30
DA:26,30
DA:27,30
DA:28,30
DA:29,30
DA:30,30
DA:31,30
DA:32,30
DA:33,30
DA:34,30
DA:35,30
DA:36,30
DA:37,30
DA:38,30
DA:39,30
DA:40,30
DA:41,30
DA:42,30
DA:43,30
DA:44,30
DA:45,30
DA:46,30
DA:47,30
DA:48,30
DA:49,30
DA:50,30
DA:51,30
DA:52,30
DA:53,30
DA:54,30
DA:55,30
DA:56,30
DA:57,30
DA:58,30
DA:59,30
DA:60,30
DA:61,30
DA:62,30
DA:63,30
DA:64,30
DA:65,30
DA:66,30
DA:67,30
DA:68,30
DA:69,30
DA:70,30
DA:71,30
DA:72,30
DA:73,30
DA:74,30
DA:75,30
DA:76,30
DA:77,30
DA:78,30
DA:79,30
DA:80,30
DA:81,30
DA:82,30
DA:83,30
DA:84,30
DA:85,30
DA:86,30
DA:87,30
DA:88,30
DA:89,30
DA:90,30
DA:91,30
DA:92,30
DA:93,30
DA:94,30
DA:95,30
DA:96,30
DA:97,30
DA:98,30
DA:99,30
DA:100,30
DA:101,30
DA:102,30
DA:103,30
DA:104,30
DA:105,30
DA:106,30
DA:107,30
DA:108,30
DA:109,30
DA:110,30
DA:111,30
DA:112,30
DA:113,30
DA:114,30
DA:115,30
DA:116,30
LF:116
LH:116
BRDA:1,0,0,8
BRF:1
BRH:1
end_of_record
TN:
SF:unit_test/base/datetime/mobile-calendar/footer/index.js
FN:8,BaseMobileDateTimeCalendarFooter
FN:13,update
FN:19,_handleClickCalendarFooterButtonClose
FN:23,_handleClickCalendarFooterButtonNone
FN:27,_handleClickCalendarFooterButtonToday
FN:31,render
FNF:6
FNH:6
FNDA:11,BaseMobileDateTimeCalendarFooter
FNDA:11,update
FNDA:2,_handleClickCalendarFooterButtonClose
FNDA:4,_handleClickCalendarFooterButtonNone
FNDA:5,_handleClickCalendarFooterButtonToday
FNDA:11,render
DA:1,26
DA:2,26
DA:3,26
DA:4,26
DA:5,26
DA:6,26
DA:7,26
DA:8,26
DA:9,11
DA:10,11
DA:11,11
DA:12,11
DA:13,26
DA:14,11
DA:15,11
DA:16,11
DA:17,11
DA:18,11
DA:19,26
DA:20,2
DA:21,2
DA:22,2
DA:23,26
DA:24,4
DA:25,4
DA:26,4
DA:27,26
DA:28,5
DA:29,5
DA:30,5
DA:31,26
DA:32,11
DA:33,11
DA:34,11
DA:35,11
DA:36,11
DA:37,11
DA:38,11
DA:39,11
DA:40,11
DA:41,11
DA:42,11
DA:43,11
DA:44,11
DA:45,11
DA:46,11
DA:47,11
DA:48,11
DA:49,11
DA:50,11
DA:51,11
DA:52,11
DA:53,11
DA:54,11
DA:55,11
DA:56,11
DA:57,11
DA:58,26
DA:59,26
DA:60,26
DA:61,26
DA:62,26
DA:63,26
DA:64,26
DA:65,26
DA:66,26
DA:67,26
DA:68,26
LF:68
LH:68
BRDA:1,0,0,29
BRDA:8,1,0,17
BRDA:13,2,0,17
BRDA:23,3,0,11
BRDA:31,4,0,17
BRDA:27,5,0,29
BRDA:19,6,0,29
BRF:7
BRH:7
end_of_record
TN:
SF:unit_test/base/datetime/mobile-calendar/footer/style.js
FNF:0
FNH:0
DA:1,26
DA:2,26
DA:3,26
DA:4,26
DA:5,26
DA:6,26
DA:7,26
DA:8,26
DA:9,26
DA:10,26
DA:11,26
DA:12,26
DA:13,26
DA:14,26
DA:15,26
DA:16,26
DA:17,26
DA:18,26
DA:19,26
DA:20,26
DA:21,26
DA:22,26
DA:23,26
DA:24,26
DA:25,26
DA:26,26
DA:27,26
DA:28,26
DA:29,26
DA:30,26
DA:31,26
DA:32,26
DA:33,26
DA:34,26
DA:35,26
DA:36,26
DA:37,26
DA:38,26
DA:39,26
DA:40,26
DA:41,26
DA:42,26
DA:43,26
LF:43
LH:43
BRDA:1,0,0,8
BRF:1
BRH:1
end_of_record
TN:
SF:unit_test/base/datetime/mobile-calendar/header/index.js
FN:8,isValidMonth
FN:11,isValidYear
FN:15,BaseMobileDateTimeCalendarHeader
FN:22,update
FN:30,render
FN:55,updated
FN:64,_setSelectMonthWidth
FN:74,_setYearSelectedIndex
FN:81,_generateMonthOptions
FN:90,_generateYearOptions
FN:99,_getYearOptions
FN:114,_getYearMonthTemplate
FN:121,_handleChangeMonthDropdown
FN:128,_handleChangeYearDropdown
FN:135,_handleClickCalendarPrevMonthBtn
FN:147,_handleClickCalendarNextMonthBtn
FN:159,_dispatchCalendarHeaderChangeEvent
FN:165,_getOptionsMonthTemplate
FN:175,_getOptionsYearTemplate
FN:185,_getMonthTemplate
FN:199,_getYearTemplate
FN:213,_getLeftArrowIconSvgTemplate
FN:230,_getRightArrowIconSvgTemplate
FN:254,hasChanged
FN:262,hasChanged
FNF:25
FNH:25
FNDA:13,isValidMonth
FNDA:13,isValidYear
FNDA:13,BaseMobileDateTimeCalendarHeader
FNDA:13,update
FNDA:13,render
FNDA:13,updated
FNDA:13,_setSelectMonthWidth
FNDA:13,_setYearSelectedIndex
FNDA:13,_generateMonthOptions
FNDA:13,_generateYearOptions
FNDA:13,_getYearOptions
FNDA:13,_getYearMonthTemplate
FNDA:1,_handleChangeMonthDropdown
FNDA:1,_handleChangeYearDropdown
FNDA:1,_handleClickCalendarPrevMonthBtn
FNDA:2,_handleClickCalendarNextMonthBtn
FNDA:2,_dispatchCalendarHeaderChangeEvent
FNDA:13,_getOptionsMonthTemplate
FNDA:13,_getOptionsYearTemplate
FNDA:13,_getMonthTemplate
FNDA:13,_getYearTemplate
FNDA:13,_getLeftArrowIconSvgTemplate
FNDA:13,_getRightArrowIconSvgTemplate
FNDA:13,hasChanged
FNDA:13,hasChanged
DA:1,28
DA:2,28
DA:3,28
DA:4,28
DA:5,28
DA:6,28
DA:7,28
DA:8,13
DA:9,13
DA:10,13
DA:11,13
DA:12,13
DA:13,13
DA:14,28
DA:15,28
DA:16,13
DA:17,13
DA:18,13
DA:19,13
DA:20,13
DA:21,13
DA:22,28
DA:23,13
DA:24,13
DA:25,13
DA:26,13
DA:27,13
DA:28,13
DA:29,13
DA:30,28
DA:31,13
DA:32,13
DA:33,13
DA:34,13
DA:35,13
DA:36,13
DA:37,13
DA:38,13
DA:39,13
DA:40,13
DA:41,13
DA:42,13
DA:43,13
DA:44,13
DA:45,13
DA:46,13
DA:47,13
DA:48,13
DA:49,13
DA:50,13
DA:51,13
DA:52,13
DA:53,13
DA:54,13
DA:55,28
DA:56,13
DA:57,13
DA:58,13
DA:59,13
DA:60,13
DA:61,13
DA:62,13
DA:63,13
DA:64,28
DA:65,13
DA:66,13
DA:67,13
DA:68,13
DA:69,13
DA:70,13
DA:71,13
DA:72,13
DA:73,13
DA:74,28
DA:75,13
DA:76,1
DA:77,1
DA:78,1
DA:79,13
DA:80,13
DA:81,28
DA:82,13
DA:83,13
DA:84,13
DA:85,13
DA:86,13
DA:87,13
DA:88,13
DA:89,13
DA:90,28
DA:91,13
DA:92,13
DA:93,13
DA:94,13
DA:95,13
DA:96,13
DA:97,13
DA:98,13
DA:99,28
DA:100,13
DA:101,13
DA:102,1
DA:103,1
DA:104,13
DA:105,13
DA:106,13
DA:107,1
DA:108,1
DA:109,13
DA:110,13
DA:111,13
DA:112,13
DA:113,13
DA:114,28
DA:115,13
DA:116,13
DA:117,11
DA:118,13
DA:119,13
DA:120,13
DA:121,28
DA:122,1
DA:123,1
DA:124,1
DA:125,1
DA:126,1
DA:127,1
DA:128,28
DA:129,1
DA:130,1
DA:131,1
DA:132,1
DA:133,1
DA:134,1
DA:135,28
DA:136,1
DA:137,1
DA:138,1
DA:139,1
DA:140,1
DA:141,1
DA:142,1
DA:143,1
DA:144,1
DA:145,1
DA:146,1
DA:147,28
DA:148,2
DA:149,2
DA:150,2
DA:151,1
DA:152,1
DA:153,1
DA:154,2
DA:155,2
DA:156,2
DA:157,2
DA:158,2
DA:159,28
DA:160,2
DA:161,2
DA:162,2
DA:163,2
DA:164,2
DA:165,28
DA:166,13
DA:167,13
DA:168,13
DA:169,13
DA:170,13
DA:171,13
DA:172,13
DA:173,13
DA:174,13
DA:175,28
DA:176,13
DA:177,13
DA:178,13
DA:179,13
DA:180,13
DA:181,13
DA:182,13
DA:183,13
DA:184,13
DA:185,28
DA:186,13
DA:187,13
DA:188,13
DA:189,13
DA:190,13
DA:191,13
DA:192,13
DA:193,13
DA:194,13
DA:195,13
DA:196,13
DA:197,13
DA:198,13
DA:199,28
DA:200,13
DA:201,13
DA:202,13
DA:203,13
DA:204,13
DA:205,13
DA:206,13
DA:207,13
DA:208,13
DA:209,13
DA:210,13
DA:211,13
DA:212,13
DA:213,28
DA:214,13
DA:215,13
DA:216,13
DA:217,13
DA:218,13
DA:219,13
DA:220,13
DA:221,13
DA:222,13
DA:223,13
DA:224,13
DA:225,13
DA:226,13
DA:227,13
DA:228,13
DA:229,13
DA:230,28
DA:231,13
DA:232,13
DA:233,13
DA:234,13
DA:235,13
DA:236,13
DA:237,13
DA:238,13
DA:239,13
DA:240,13
DA:241,13
DA:242,13
DA:243,13
DA:244,13
DA:245,13
DA:246,13
DA:247,28
DA:248,28
DA:249,28
DA:250,28
DA:251,28
DA:252,28
DA:253,28
DA:254,28
DA:255,13
DA:256,28
DA:257,28
DA:258,28
DA:259,28
DA:260,28
DA:261,28
DA:262,28
DA:263,13
DA:264,28
DA:265,28
DA:266,28
DA:267,28
DA:268,28
DA:269,28
DA:270,28
DA:271,28
DA:272,28
DA:273,28
DA:274,28
DA:275,28
DA:276,28
DA:277,28
DA:278,28
DA:279,28
DA:280,28
DA:281,28
DA:282,28
LF:282
LH:282
BRDA:1,0,0,58
BRDA:8,1,0,19
BRDA:11,2,0,19
BRDA:15,3,0,19
BRDA:22,4,0,19
BRDA:30,5,0,19
BRDA:55,6,0,19
BRDA:64,7,0,19
BRDA:67,8,0,6
BRDA:74,9,0,19
BRDA:75,10,0,7
BRDA:81,11,0,19
BRDA:82,12,0,19
BRDA:90,13,0,19
BRDA:91,14,0,19
BRDA:99,15,0,19
BRDA:101,16,0,7
BRDA:104,17,0,7
BRDA:105,18,0,7
BRDA:106,19,0,7
BRDA:114,20,0,51
BRDA:118,21,0,11
BRDA:165,22,0,19
BRDA:166,23,0,19
BRDA:175,24,0,19
BRDA:176,25,0,19
BRDA:185,26,0,19
BRDA:199,27,0,19
BRDA:213,28,0,19
BRDA:230,29,0,19
BRDA:254,30,0,19
BRDA:262,31,0,19
BRDA:116,32,0,51
BRDA:119,33,0,51
BRDA:147,34,0,58
BRDA:150,35,0,58
BRDA:159,36,0,58
BRDA:121,37,0,58
BRDA:128,38,0,58
BRDA:135,39,0,58
BRF:40
BRH:40
end_of_record
TN:
SF:unit_test/base/datetime/mobile-calendar/header/style.js
FNF:0
FNH:0
DA:1,28
DA:2,28
DA:3,28
DA:4,28
DA:5,28
DA:6,28
DA:7,28
DA:8,28
DA:9,28
DA:10,28
DA:11,28
DA:12,28
DA:13,28
DA:14,28
DA:15,28
DA:16,28
DA:17,28
DA:18,28
DA:19,28
DA:20,28
DA:21,28
DA:22,28
DA:23,28
DA:24,28
DA:25,28
DA:26,28
DA:27,28
DA:28,28
DA:29,28
DA:30,28
DA:31,28
DA:32,28
DA:33,28
DA:34,28
DA:35,28
DA:36,28
DA:37,28
DA:38,28
DA:39,28
DA:40,28
DA:41,28
DA:42,28
DA:43,28
DA:44,28
DA:45,28
DA:46,28
DA:47,28
DA:48,28
DA:49,28
DA:50,28
DA:51,28
DA:52,28
DA:53,28
DA:54,28
DA:55,28
DA:56,28
DA:57,28
DA:58,28
DA:59,28
DA:60,28
DA:61,28
DA:62,28
DA:63,28
DA:64,28
DA:65,28
DA:66,28
DA:67,28
DA:68,28
DA:69,28
DA:70,28
DA:71,28
DA:72,28
DA:73,28
DA:74,28
DA:75,28
DA:76,28
DA:77,28
DA:78,28
DA:79,28
DA:80,28
DA:81,28
DA:82,28
DA:83,28
DA:84,28
DA:85,28
DA:86,28
DA:87,28
DA:88,28
DA:89,28
DA:90,28
DA:91,28
LF:91
LH:91
BRDA:1,0,0,8
BRF:1
BRH:1
end_of_record
TN:
SF:unit_test/base/datetime/mobile-date/index.js
FN:10,BaseMobileDate
FN:22,update
FN:31,render
FN:60,updated
FN:66,_setCalendarPosition
FN:75,_getGroupClass
FN:85,_handleClickOpenCalendar
FN:94,_updateValueProp
FN:106,_getNewCalendarValue
FN:114,_closeCalendar
FN:117,_openCalendar
FN:120,_handleClickCalendarClickDate
FN:129,_handleClickCalendarFooterButtonNone
FN:139,_handleClickCalendarFooterButtonToday
FN:144,_handleClickCalendarFooterButtonClose
FN:148,_handleCalendarBlurBody
FN:152,_dispathDateChangeCustomEvent
FN:158,_getCalendarTemplate
FN:180,_getCalendarIconTemplate
FNF:19
FNH:19
FNDA:21,BaseMobileDate
FNDA:21,update
FNDA:21,render
FNDA:21,updated
FNDA:6,_setCalendarPosition
FNDA:21,_getGroupClass
FNDA:6,_handleClickOpenCalendar
FNDA:21,_updateValueProp
FNDA:6,_getNewCalendarValue
FNDA:6,_closeCalendar
FNDA:6,_openCalendar
FNDA:4,_handleClickCalendarClickDate
FNDA:3,_handleClickCalendarFooterButtonNone
FNDA:4,_handleClickCalendarFooterButtonToday
FNDA:1,_handleClickCalendarFooterButtonClose
FNDA:3,_handleCalendarBlurBody
FNDA:5,_dispathDateChangeCustomEvent
FNDA:21,_getCalendarTemplate
FNDA:21,_getCalendarIconTemplate
DA:1,21
DA:2,21
DA:3,21
DA:4,21
DA:5,21
DA:6,21
DA:7,21
DA:8,21
DA:9,21
DA:10,21
DA:11,21
DA:12,21
DA:13,21
DA:14,21
DA:15,21
DA:16,21
DA:17,21
DA:18,21
DA:19,21
DA:20,21
DA:21,21
DA:22,21
DA:23,21
DA:24,21
DA:25,21
DA:26,21
DA:27,21
DA:28,21
DA:29,21
DA:30,21
DA:31,21
DA:32,21
DA:33,21
DA:34,21
DA:35,21
DA:36,21
DA:37,21
DA:38,21
DA:39,21
DA:40,21
DA:41,21
DA:42,21
DA:43,21
DA:44,21
DA:45,21
DA:46,21
DA:47,21
DA:48,21
DA:49,21
DA:50,21
DA:51,21
DA:52,21
DA:53,21
DA:54,21
DA:55,21
DA:56,21
DA:57,21
DA:58,21
DA:59,21
DA:60,21
DA:61,21
DA:62,6
DA:63,6
DA:64,21
DA:65,21
DA:66,21
DA:67,6
DA:68,6
DA:69,6
DA:70,6
DA:71,6
DA:72,0
DA:73,0
DA:74,6
DA:75,21
DA:76,21
DA:77,21
DA:78,3
DA:79,3
DA:80,21
DA:81,2
DA:82,2
DA:83,21
DA:84,21
DA:85,21
DA:86,6
DA:87,1
DA:88,1
DA:89,1
DA:90,1
DA:91,6
DA:92,6
DA:93,6
DA:94,21
DA:95,21
DA:96,11
DA:97,11
DA:98,11
DA:99,11
DA:100,17
DA:101,17
DA:102,17
DA:103,17
DA:104,21
DA:105,21
DA:106,21
DA:107,6
DA:108,6
DA:109,3
DA:110,3
DA:111,3
DA:112,3
DA:113,6
DA:114,21
DA:115,6
DA:116,6
DA:117,21
DA:118,6
DA:119,6
DA:120,21
DA:121,4
DA:122,4
DA:123,4
DA:124,4
DA:125,4
DA:126,4
DA:127,4
DA:128,4
DA:129,21
DA:130,3
DA:131,3
DA:132,3
DA:133,3
DA:134,2
DA:135,2
DA:136,3
DA:137,3
DA:138,3
DA:139,21
DA:140,4
DA:141,4
DA:142,4
DA:143,4
DA:144,21
DA:145,1
DA:146,1
DA:147,1
DA:148,21
DA:149,3
DA:150,3
DA:151,3
DA:152,21
DA:153,5
DA:154,5
DA:155,5
DA:156,5
DA:157,5
DA:158,21
DA:159,21
DA:160,21
DA:161,6
DA:162,6
DA:163,6
DA:164,6
DA:165,6
DA:166,6
DA:167,6
DA:168,6
DA:169,6
DA:170,6
DA:171,6
DA:172,6
DA:173,6
DA:174,6
DA:175,6
DA:176,6
DA:177,6
DA:178,21
DA:179,21
DA:180,21
DA:181,21
DA:182,21
DA:183,21
DA:184,21
DA:185,21
DA:186,21
DA:187,21
DA:188,21
DA:189,21
DA:190,21
DA:191,21
DA:192,21
DA:193,21
DA:194,21
DA:195,21
DA:196,21
DA:197,21
DA:198,21
DA:199,21
DA:200,21
DA:201,21
DA:202,21
DA:203,21
DA:204,21
DA:205,21
DA:206,21
DA:207,21
DA:208,21
DA:209,21
DA:210,21
DA:211,21
DA:212,21
DA:213,21
DA:214,21
DA:215,21
DA:216,21
DA:217,21
DA:218,21
DA:219,21
DA:220,21
DA:221,21
DA:222,21
DA:223,21
DA:224,21
DA:225,21
DA:226,21
LF:226
LH:224
BRDA:1,0,0,37
BRDA:10,1,0,21
BRDA:22,2,0,31
BRDA:31,3,0,21
BRDA:60,4,0,26
BRDA:66,5,0,12
BRDA:72,6,0,6
BRDA:75,7,0,21
BRDA:77,8,0,3
BRDA:80,9,0,2
BRDA:85,10,0,20
BRDA:86,11,0,7
BRDA:94,12,0,51
BRDA:104,13,0,15
BRDA:106,14,0,20
BRDA:114,15,0,12
BRDA:117,16,0,12
BRDA:120,17,0,10
BRDA:124,18,0,7
BRDA:129,19,0,26
BRDA:152,20,0,12
BRDA:158,21,0,26
BRDA:180,22,0,21
BRDA:26,23,0,31
BRDA:61,24,0,26
BRDA:95,25,0,51
BRDA:103,26,0,51
BRDA:160,27,0,26
BRDA:91,28,0,20
BRDA:109,29,0,20
BRDA:100,30,0,51
BRDA:139,31,0,37
BRDA:132,32,0,26
BRDA:133,33,0,26
BRDA:148,34,0,37
BRDA:144,35,0,37
BRF:36
BRH:36
end_of_record
TN:
SF:unit_test/base/datetime/mobile-date/style.js
FNF:0
FNH:0
DA:1,21
DA:2,21
DA:3,21
DA:4,21
DA:5,21
DA:6,21
DA:7,21
DA:8,21
DA:9,21
DA:10,21
DA:11,21
DA:12,21
DA:13,21
DA:14,21
DA:15,21
DA:16,21
DA:17,21
DA:18,21
DA:19,21
DA:20,21
DA:21,21
DA:22,21
DA:23,21
DA:24,21
DA:25,21
DA:26,21
DA:27,21
DA:28,21
DA:29,21
DA:30,21
DA:31,21
DA:32,21
DA:33,21
DA:34,21
DA:35,21
DA:36,21
DA:37,21
DA:38,21
DA:39,21
DA:40,21
DA:41,21
DA:42,21
DA:43,21
DA:44,21
DA:45,21
DA:46,21
DA:47,21
DA:48,21
DA:49,21
DA:50,21
DA:51,21
DA:52,21
DA:53,21
DA:54,21
DA:55,21
DA:56,21
DA:57,21
DA:58,21
DA:59,21
DA:60,21
DA:61,21
DA:62,21
DA:63,21
DA:64,21
DA:65,21
DA:66,21
DA:67,21
DA:68,21
DA:69,21
DA:70,21
DA:71,21
DA:72,21
LF:72
LH:72
BRDA:1,0,0,8
BRF:1
BRH:1
end_of_record
TN:
SF:unit_test/base/datetime/mobile-time/index.js
FN:10,BaseMobileTime
FN:29,update
FN:41,render
FN:73,updated
FN:79,_updateInputValue
FN:86,_setValueToInput
FN:94,_handleChangeMinutes
FN:105,_handleChangeHours
FN:123,_getTimeValueString
FN:129,_dispatchEventTimeChange
FN:141,_getOptionsMinuteTemplate
FN:144,_getOptionsHourTemplate
FNF:12
FNH:12
FNDA:20,BaseMobileTime
FNDA:20,update
FNDA:20,render
FNDA:20,updated
FNDA:20,_updateInputValue
FNDA:20,_setValueToInput
FNDA:5,_handleChangeMinutes
FNDA:3,_handleChangeHours
FNDA:6,_getTimeValueString
FNDA:6,_dispatchEventTimeChange
FNDA:20,_getOptionsMinuteTemplate
FNDA:20,_getOptionsHourTemplate
DA:1,20
DA:2,20
DA:3,20
DA:4,20
DA:5,20
DA:6,20
DA:7,20
DA:8,20
DA:9,20
DA:10,20
DA:11,20
DA:12,20
DA:13,20
DA:14,20
DA:15,20
DA:16,20
DA:17,20
DA:18,20
DA:19,20
DA:20,20
DA:21,20
DA:22,20
DA:23,20
DA:24,20
DA:25,20
DA:26,20
DA:27,20
DA:28,20
DA:29,20
DA:30,20
DA:31,20
DA:32,20
DA:33,20
DA:34,20
DA:35,20
DA:36,20
DA:37,20
DA:38,20
DA:39,20
DA:40,20
DA:41,20
DA:42,20
DA:43,20
DA:44,20
DA:45,20
DA:46,20
DA:47,20
DA:48,20
DA:49,20
DA:50,20
DA:51,20
DA:52,20
DA:53,20
DA:54,20
DA:55,20
DA:56,20
DA:57,20
DA:58,20
DA:59,20
DA:60,20
DA:61,20
DA:62,20
DA:63,20
DA:64,20
DA:65,20
DA:66,20
DA:67,20
DA:68,20
DA:69,20
DA:70,20
DA:71,20
DA:72,20
DA:73,20
DA:74,20
DA:75,20
DA:76,20
DA:77,20
DA:78,20
DA:79,20
DA:80,20
DA:81,20
DA:82,20
DA:83,20
DA:84,20
DA:85,20
DA:86,20
DA:87,20
DA:88,20
DA:89,5
DA:90,5
DA:91,5
DA:92,20
DA:93,20
DA:94,20
DA:95,5
DA:96,5
DA:97,5
DA:98,5
DA:99,5
DA:100,5
DA:101,5
DA:102,5
DA:103,5
DA:104,5
DA:105,20
DA:106,3
DA:107,3
DA:108,3
DA:109,3
DA:110,3
DA:111,3
DA:112,2
DA:113,2
DA:114,2
DA:115,3
DA:116,3
DA:117,3
DA:118,3
DA:119,3
DA:120,3
DA:121,3
DA:122,3
DA:123,20
DA:124,6
DA:125,6
DA:126,6
DA:127,6
DA:128,6
DA:129,20
DA:130,6
DA:131,6
DA:132,6
DA:133,6
DA:134,6
DA:135,6
DA:136,6
DA:137,6
DA:138,6
DA:139,6
DA:140,6
DA:141,20
DA:142,20
DA:143,20
DA:144,20
DA:145,20
DA:146,20
DA:147,20
DA:148,20
DA:149,20
DA:150,20
DA:151,20
DA:152,20
DA:153,20
DA:154,20
DA:155,20
DA:156,20
DA:157,20
DA:158,20
DA:159,20
DA:160,20
DA:161,20
DA:162,20
DA:163,20
DA:164,20
DA:165,20
DA:166,20
DA:167,20
DA:168,20
DA:169,20
DA:170,20
DA:171,20
DA:172,20
DA:173,20
DA:174,20
DA:175,20
DA:176,20
DA:177,20
DA:178,20
DA:179,20
DA:180,20
DA:181,20
DA:182,20
DA:183,20
DA:184,20
DA:185,20
DA:186,20
DA:187,20
DA:188,20
DA:189,20
DA:190,20
DA:191,20
DA:192,20
DA:193,20
LF:193
LH:193
BRDA:1,0,0,7
BRDA:10,1,0,20
BRDA:29,2,0,20
BRDA:41,3,0,20
BRDA:45,4,0,2
BRDA:46,5,0,1
BRDA:73,6,0,20
BRDA:79,7,0,20
BRDA:86,8,0,20
BRDA:88,9,0,5
BRDA:105,10,0,4
BRDA:111,11,0,3
BRDA:123,12,0,6
BRDA:126,13,0,2
BRDA:129,14,0,14
BRDA:130,15,0,0
BRDA:131,16,0,2
BRDA:138,17,0,3
BRDA:141,18,0,20
BRDA:142,19,0,20
BRDA:144,20,0,20
BRDA:145,21,0,20
BRDA:94,22,0,7
BRDA:131,23,0,14
BRDA:137,24,0,14
BRF:25
BRH:24
end_of_record
TN:
SF:unit_test/base/datetime/mobile-time/style.js
FNF:0
FNH:0
DA:1,20
DA:2,20
DA:3,20
DA:4,20
DA:5,20
DA:6,20
DA:7,20
DA:8,20
DA:9,20
DA:10,20
DA:11,20
DA:12,20
DA:13,20
DA:14,20
DA:15,20
DA:16,20
DA:17,20
DA:18,20
DA:19,20
DA:20,20
DA:21,20
DA:22,20
DA:23,20
DA:24,20
DA:25,20
DA:26,20
DA:27,20
DA:28,20
DA:29,20
DA:30,20
DA:31,20
DA:32,20
DA:33,20
DA:34,20
DA:35,20
DA:36,20
DA:37,20
DA:38,20
DA:39,20
DA:40,20
DA:41,20
DA:42,20
DA:43,20
DA:44,20
DA:45,20
DA:46,20
DA:47,20
DA:48,20
DA:49,20
DA:50,20
DA:51,20
DA:52,20
DA:53,20
DA:54,20
DA:55,20
DA:56,20
DA:57,20
DA:58,20
DA:59,20
DA:60,20
DA:61,20
DA:62,20
DA:63,20
DA:64,20
DA:65,20
DA:66,20
DA:67,20
DA:68,20
DA:69,20
DA:70,20
DA:71,20
DA:72,20
DA:73,20
DA:74,20
DA:75,20
DA:76,20
DA:77,20
DA:78,20
DA:79,20
DA:80,20
DA:81,20
DA:82,20
DA:83,20
DA:84,20
DA:85,20
DA:86,20
DA:87,20
DA:88,20
DA:89,20
DA:90,20
DA:91,20
DA:92,20
DA:93,20
LF:93
LH:93
BRDA:1,0,0,2
BRF:1
BRH:1
end_of_record
TN:
SF:unit_test/base/datetime/resource/constant.js
FNF:0
FNH:0
DA:1,399
DA:2,399
DA:3,399
DA:4,399
DA:5,399
DA:6,399
DA:7,399
DA:8,399
DA:9,399
DA:10,399
DA:11,399
DA:12,399
DA:13,399
DA:14,399
DA:15,399
DA:16,399
DA:17,399
DA:18,399
DA:19,399
LF:19
LH:19
BRDA:1,0,0,399
BRF:1
BRH:1
end_of_record
TN:
SF:unit_test/base/datetime/resource/locale.js
FNF:0
FNH:0
DA:1,399
DA:2,399
DA:3,399
DA:4,399
DA:5,399
DA:6,399
DA:7,399
DA:8,399
DA:9,399
DA:10,399
DA:11,399
DA:12,399
DA:13,399
DA:14,399
DA:15,399
DA:16,399
DA:17,399
DA:18,399
DA:19,399
DA:20,399
DA:21,399
DA:22,399
DA:23,399
DA:24,399
DA:25,399
DA:26,399
DA:27,399
DA:28,399
DA:29,399
DA:30,399
DA:31,399
DA:32,399
DA:33,399
DA:34,399
DA:35,399
DA:36,399
DA:37,399
DA:38,399
DA:39,399
DA:40,399
DA:41,399
DA:42,399
DA:43,399
DA:44,399
DA:45,399
DA:46,399
DA:47,399
DA:48,399
DA:49,399
DA:50,399
DA:51,399
DA:52,399
DA:53,399
DA:54,399
DA:55,399
DA:56,399
DA:57,399
DA:58,399
DA:59,399
DA:60,399
DA:61,399
DA:62,399
DA:63,399
DA:64,399
DA:65,399
DA:66,399
DA:67,399
DA:68,399
DA:69,399
DA:70,399
DA:71,399
DA:72,399
DA:73,399
DA:74,399
DA:75,399
DA:76,399
DA:77,399
DA:78,399
DA:79,399
DA:80,399
DA:81,399
DA:82,399
DA:83,399
DA:84,399
DA:85,399
DA:86,399
DA:87,399
DA:88,399
DA:89,399
DA:90,399
DA:91,399
DA:92,399
DA:93,399
DA:94,399
DA:95,399
DA:96,399
DA:97,399
DA:98,399
DA:99,399
DA:100,399
DA:101,399
DA:102,399
DA:103,399
DA:104,399
DA:105,399
DA:106,399
DA:107,399
DA:108,399
DA:109,399
DA:110,399
DA:111,399
DA:112,399
DA:113,399
DA:114,399
DA:115,399
DA:116,399
DA:117,399
DA:118,399
DA:119,399
DA:120,399
LF:120
LH:120
BRDA:1,0,0,12
BRF:1
BRH:1
end_of_record
TN:
SF:unit_test/base/datetime/time/index.js
FN:11,BaseTime
FN:29,update
FN:45,render
FN:91,updated
FN:97,_handleClickInputGroup
FN:113,_handleBlurListBox
FN:119,_toggleDisabledGroup
FN:124,_updateInputValue
FN:136,_getValueLabel
FN:144,_setValueToInput
FN:151,_handleKeyDownButton
FN:176,_handleBlurButton
FN:179,_handleFocusButton
FN:183,_openListBoxByKey
FN:192,_handleListBoxEscape
FN:202,_handleDefaultKeyButton
FN:210,_handleChangeListBox
FN:221,_handleListBoxFocusChange
FN:226,_handleFocusInput
FN:231,_handleBlurInput
FN:241,_handleTabKey
FN:246,_handleKeyDownInput
FN:252,_handlePasteInput
FN:255,_handleSupportedKey
FN:286,_actionUpdateInputValue
FN:295,_computeDeleteValue
FN:302,_computeArrowUpDownValue
FN:309,_computeKeyDownSuffixValue
FN:323,_computeArrowUpDownHourValue
FN:336,_computeArrowUpDownMinuteValue
FN:343,_computeDefaultKeyValue
FN:351,_computeNumberKeyValue
FN:358,_computeNumberKeyValueMinutes
FN:367,_computeNumberKeyValueHours
FN:374,_getPreviousMinutes
FN:381,_getPreviousHours
FN:390,_actionSelectNextRange
FN:399,_actionSelectPreviousRange
FN:408,_dispatchEventTimeChange
FN:418,_formatKeyDownValue
FN:427,_openListBox
FN:433,_closeListBox
FN:437,_getColonTemplate
FN:442,_getSuffixTemplate
FN:460,_getListBoxTemplate
FNF:45
FNH:45
FNDA:34,BaseTime
FNDA:34,update
FNDA:34,render
FNDA:34,updated
FNDA:12,_handleClickInputGroup
FNDA:8,_handleBlurListBox
FNDA:34,_toggleDisabledGroup
FNDA:34,_updateInputValue
FNDA:34,_getValueLabel
FNDA:9,_setValueToInput
FNDA:3,_handleKeyDownButton
FNDA:9,_handleBlurButton
FNDA:9,_handleFocusButton
FNDA:2,_openListBoxByKey
FNDA:2,_handleListBoxEscape
FNDA:2,_handleDefaultKeyButton
FNDA:2,_handleChangeListBox
FNDA:2,_handleListBoxFocusChange
FNDA:7,_handleFocusInput
FNDA:7,_handleBlurInput
FNDA:5,_handleTabKey
FNDA:5,_handleKeyDownInput
FNDA:1,_handlePasteInput
FNDA:5,_handleSupportedKey
FNDA:7,_actionUpdateInputValue
FNDA:3,_computeDeleteValue
FNDA:4,_computeArrowUpDownValue
FNDA:2,_computeKeyDownSuffixValue
FNDA:2,_computeArrowUpDownHourValue
FNDA:1,_computeArrowUpDownMinuteValue
FNDA:4,_computeDefaultKeyValue
FNDA:4,_computeNumberKeyValue
FNDA:2,_computeNumberKeyValueMinutes
FNDA:3,_computeNumberKeyValueHours
FNDA:2,_getPreviousMinutes
FNDA:3,_getPreviousHours
FNDA:1,_actionSelectNextRange
FNDA:2,_actionSelectPreviousRange
FNDA:7,_dispatchEventTimeChange
FNDA:7,_formatKeyDownValue
FNDA:12,_openListBox
FNDA:7,_closeListBox
FNDA:34,_getColonTemplate
FNDA:34,_getSuffixTemplate
FNDA:34,_getListBoxTemplate
DA:1,34
DA:2,34
DA:3,34
DA:4,34
DA:5,34
DA:6,34
DA:7,34
DA:8,34
DA:9,34
DA:10,34
DA:11,34
DA:12,34
DA:13,34
DA:14,34
DA:15,34
DA:16,34
DA:17,34
DA:18,34
DA:19,34
DA:20,34
DA:21,34
DA:22,34
DA:23,34
DA:24,34
DA:25,34
DA:26,34
DA:27,34
DA:28,34
DA:29,34
DA:30,34
DA:31,34
DA:32,34
DA:33,34
DA:34,34
DA:35,34
DA:36,34
DA:37,34
DA:38,34
DA:39,34
DA:40,34
DA:41,34
DA:42,34
DA:43,34
DA:44,34
DA:45,34
DA:46,34
DA:47,34
DA:48,34
DA:49,34
DA:50,34
DA:51,34
DA:52,34
DA:53,34
DA:54,34
DA:55,34
DA:56,34
DA:57,34
DA:58,34
DA:59,34
DA:60,34
DA:61,34
DA:62,34
DA:63,34
DA:64,34
DA:65,34
DA:66,34
DA:67,34
DA:68,34
DA:69,34
DA:70,34
DA:71,34
DA:72,34
DA:73,34
DA:74,34
DA:75,34
DA:76,34
DA:77,34
DA:78,34
DA:79,34
DA:80,34
DA:81,34
DA:82,34
DA:83,34
DA:84,34
DA:85,34
DA:86,34
DA:87,34
DA:88,34
DA:89,34
DA:90,34
DA:91,34
DA:92,34
DA:93,34
DA:94,34
DA:95,34
DA:96,34
DA:97,34
DA:98,12
DA:99,12
DA:100,12
DA:101,9
DA:102,9
DA:103,9
DA:104,9
DA:105,5
DA:106,5
DA:107,5
DA:108,4
DA:109,4
DA:110,4
DA:111,1
DA:112,12
DA:113,34
DA:114,8
DA:115,8
DA:116,8
DA:117,8
DA:118,8
DA:119,34
DA:120,34
DA:121,34
DA:122,34
DA:123,34
DA:124,34
DA:125,34
DA:126,34
DA:127,34
DA:128,34
DA:129,34
DA:130,34
DA:131,34
DA:132,34
DA:133,9
DA:134,34
DA:135,34
DA:136,34
DA:137,34
DA:138,34
DA:139,12
DA:140,12
DA:141,12
DA:142,5
DA:143,34
DA:144,34
DA:145,9
DA:146,9
DA:147,9
DA:148,9
DA:149,9
DA:150,9
DA:151,34
DA:152,3
DA:153,3
DA:154,3
DA:155,2
DA:156,2
DA:157,2
DA:158,2
DA:159,2
DA:160,2
DA:161,3
DA:162,3
DA:163,3
DA:164,3
DA:165,2
DA:166,2
DA:167,2
DA:168,2
DA:169,3
DA:170,2
DA:171,2
DA:172,2
DA:173,2
DA:174,3
DA:175,3
DA:176,34
DA:177,9
DA:178,9
DA:179,34
DA:180,9
DA:181,9
DA:182,9
DA:183,34
DA:184,2
DA:185,2
DA:186,2
DA:187,2
DA:188,2
DA:189,2
DA:190,2
DA:191,2
DA:192,34
DA:193,2
DA:194,2
DA:195,2
DA:196,2
DA:197,1
DA:198,1
DA:199,1
DA:200,1
DA:201,2
DA:202,34
DA:203,2
DA:204,2
DA:205,2
DA:206,1
DA:207,1
DA:208,1
DA:209,2
DA:210,34
DA:211,2
DA:212,2
DA:213,2
DA:214,2
DA:215,2
DA:216,2
DA:217,2
DA:218,2
DA:219,2
DA:220,2
DA:221,34
DA:222,2
DA:223,2
DA:224,2
DA:225,2
DA:226,34
DA:227,7
DA:228,7
DA:229,7
DA:230,7
DA:231,34
DA:232,7
DA:233,7
DA:234,7
DA:235,7
DA:236,7
DA:237,7
DA:238,7
DA:239,7
DA:240,7
DA:241,34
DA:242,5
DA:243,5
DA:244,5
DA:245,5
DA:246,34
DA:247,5
DA:248,5
DA:249,5
DA:250,5
DA:251,5
DA:252,34
DA:253,1
DA:254,1
DA:255,34
DA:256,5
DA:257,5
DA:258,5
DA:259,5
DA:260,5
DA:261,5
DA:262,1
DA:263,1
DA:264,5
DA:265,2
DA:266,2
DA:267,5
DA:268,4
DA:269,4
DA:270,4
DA:271,5
DA:272,2
DA:273,2
DA:274,2
DA:275,5
DA:276,5
DA:277,3
DA:278,3
DA:279,3
DA:280,5
DA:281,4
DA:282,4
DA:283,4
DA:284,5
DA:285,5
DA:286,34
DA:287,7
DA:288,7
DA:289,7
DA:290,7
DA:291,7
DA:292,7
DA:293,7
DA:294,7
DA:295,34
DA:296,3
DA:297,3
DA:298,2
DA:299,2
DA:300,1
DA:301,3
DA:302,34
DA:303,4
DA:304,4
DA:305,2
DA:306,2
DA:307,1
DA:308,4
DA:309,34
DA:310,2
DA:311,1
DA:312,1
DA:313,1
DA:314,2
DA:315,2
DA:316,2
DA:317,2
DA:318,2
DA:319,1
DA:320,1
DA:321,2
DA:322,2
DA:323,34
DA:324,2
DA:325,2
DA:326,2
DA:327,1
DA:328,1
DA:329,1
DA:330,2
DA:331,2
DA:332,2
DA:333,2
DA:334,2
DA:335,2
DA:336,34
DA:337,1
DA:338,1
DA:339,1
DA:340,1
DA:341,1
DA:342,1
DA:343,34
DA:344,4
DA:345,4
DA:346,4
DA:347,3
DA:348,3
DA:349,1
DA:350,4
DA:351,34
DA:352,4
DA:353,4
DA:354,2
DA:355,2
DA:356,1
DA:357,4
DA:358,34
DA:359,2
DA:360,2
DA:361,2
DA:362,1
DA:363,1
DA:364,1
DA:365,1
DA:366,2
DA:367,34
DA:368,3
DA:369,3
DA:370,3
DA:371,3
DA:372,1
DA:373,3
DA:374,34
DA:375,2
DA:376,2
DA:377,2
DA:378,2
DA:379,2
DA:380,2
DA:381,34
DA:382,3
DA:383,3
DA:384,3
DA:385,3
DA:386,3
DA:387,3
DA:388,3
DA:389,3
DA:390,34
DA:391,1
DA:392,1
DA:393,1
DA:394,1
DA:395,1
DA:396,1
DA:397,1
DA:398,1
DA:399,34
DA:400,2
DA:401,1
DA:402,1
DA:403,1
DA:404,1
DA:405,1
DA:406,1
DA:407,2
DA:408,34
DA:409,7
DA:410,7
DA:411,7
DA:412,7
DA:413,7
DA:414,1
DA:415,1
DA:416,7
DA:417,7
DA:418,34
DA:419,7
DA:420,7
DA:421,7
DA:422,7
DA:423,7
DA:424,7
DA:425,3
DA:426,7
DA:427,34
DA:428,12
DA:429,12
DA:430,12
DA:431,12
DA:432,12
DA:433,34
DA:434,7
DA:435,7
DA:436,7
DA:437,34
DA:438,34
DA:439,34
DA:440,34
DA:441,34
DA:442,34
DA:443,34
DA:444,34
DA:445,5
DA:446,5
DA:447,5
DA:448,5
DA:449,5
DA:450,5
DA:451,5
DA:452,5
DA:453,5
DA:454,5
DA:455,5
DA:456,5
DA:457,5
DA:458,34
DA:459,34
DA:460,34
DA:461,34
DA:462,34
DA:463,9
DA:464,9
DA:465,9
DA:466,9
DA:467,9
DA:468,9
DA:469,9
DA:470,9
DA:471,9
DA:472,9
DA:473,9
DA:474,9
DA:475,9
DA:476,34
DA:477,34
DA:478,34
DA:479,34
DA:480,34
DA:481,34
DA:482,34
DA:483,34
DA:484,34
DA:485,34
DA:486,34
DA:487,34
DA:488,34
DA:489,34
DA:490,34
DA:491,34
DA:492,34
DA:493,34
DA:494,34
DA:495,34
DA:496,34
DA:497,34
DA:498,34
DA:499,34
DA:500,34
DA:501,34
DA:502,34
DA:503,34
DA:504,34
DA:505,34
DA:506,34
DA:507,34
DA:508,34
DA:509,34
DA:510,34
DA:511,34
DA:512,34
DA:513,34
DA:514,34
DA:515,34
DA:516,34
DA:517,34
DA:518,34
DA:519,34
DA:520,34
DA:521,34
DA:522,34
DA:523,34
DA:524,34
DA:525,34
DA:526,34
DA:527,34
DA:528,34
DA:529,34
DA:530,34
DA:531,34
DA:532,34
DA:533,34
DA:534,34
DA:535,34
DA:536,34
DA:537,34
DA:538,34
DA:539,34
LF:539
LH:539
BRDA:1,0,0,361
BRDA:11,1,0,34
BRDA:29,2,0,76
BRDA:45,3,0,114
BRDA:91,4,0,34
BRDA:97,5,0,72
BRDA:111,6,0,10
BRDA:113,7,0,26
BRDA:119,8,0,36
BRDA:124,9,0,83
BRDA:136,10,0,98
BRDA:144,11,0,62
BRDA:151,12,0,48
BRDA:156,13,0,12
BRDA:161,14,0,13
BRDA:162,15,0,13
BRDA:163,16,0,13
BRDA:164,17,0,13
BRDA:169,18,0,13
BRDA:176,19,0,18
BRDA:179,20,0,18
BRDA:192,21,0,24
BRDA:200,22,0,12
BRDA:226,23,0,18
BRDA:231,24,0,62
BRDA:241,25,0,16
BRDA:243,26,0,12
BRDA:246,27,0,16
BRDA:249,28,0,12
BRDA:255,29,0,30
BRDA:260,30,0,12
BRDA:261,31,0,12
BRDA:264,32,0,13
BRDA:267,33,0,15
BRDA:271,34,0,13
BRDA:275,35,0,12
BRDA:276,36,0,14
BRDA:286,37,0,46
BRDA:287,38,0,17
BRDA:309,39,0,24
BRDA:310,40,0,12
BRDA:316,41,0,12
BRDA:317,42,0,12
BRDA:343,43,0,40
BRDA:349,44,0,12
BRDA:351,45,0,27
BRDA:354,46,0,37
BRDA:358,47,0,24
BRDA:365,48,0,12
BRDA:367,49,0,26
BRDA:372,50,0,12
BRDA:374,51,0,24
BRDA:377,52,0,12
BRDA:378,53,0,12
BRDA:381,54,0,50
BRDA:383,55,0,12
BRDA:385,56,0,12
BRDA:387,57,0,12
BRDA:408,58,0,18
BRDA:413,59,0,12
BRDA:418,60,0,90
BRDA:427,61,0,21
BRDA:429,62,0,11
BRDA:433,63,0,18
BRDA:437,64,0,74
BRDA:442,65,0,73
BRDA:460,66,0,42
BRDA:467,67,0,0
BRDA:30,68,0,76
BRDA:31,69,0,76
BRDA:32,70,0,76
BRDA:52,71,0,114
BRDA:66,72,0,114
BRDA:121,73,0,36
BRDA:133,74,0,83
BRDA:134,75,0,83
BRDA:134,76,0,83
BRDA:137,77,0,98
BRDA:139,78,0,98
BRDA:439,79,0,74
BRDA:444,80,0,73
BRDA:462,81,0,42
BRDA:52,82,0,114
BRDA:66,83,0,114
BRDA:129,84,0,83
BRDA:138,85,0,98
BRDA:141,86,0,98
BRDA:440,87,0,74
BRDA:448,88,0,73
BRDA:449,89,0,73
BRDA:458,90,0,73
BRDA:142,91,0,98
BRDA:99,92,0,72
BRDA:105,93,0,72
BRDA:116,94,0,26
BRDA:149,95,0,62
BRDA:100,96,0,72
BRDA:149,97,0,62
BRDA:287,98,0,46
BRDA:295,99,0,361
BRDA:297,100,0,361
BRDA:300,101,0,361
BRDA:302,102,0,361
BRDA:305,103,0,361
BRDA:323,104,0,361
BRDA:348,105,0,40
[...]
DA:170,9
DA:171,9
DA:172,9
DA:173,9
DA:174,9
DA:175,9
DA:176,9
DA:177,9
DA:178,9
DA:179,9
DA:180,9
DA:181,9
DA:182,9
DA:183,9
DA:184,9
DA:185,9
DA:186,9
DA:187,9
DA:188,9
DA:189,9
DA:190,9
DA:191,9
DA:192,9
DA:193,9
DA:194,9
DA:195,9
DA:196,9
DA:197,9
DA:198,9
DA:199,9
DA:200,9
DA:201,9
DA:202,9
LF:202
LH:191
BRDA:1,0,0,6
BRDA:13,1,0,68
BRDA:15,2,0,0
BRDA:19,3,0,14
BRDA:36,4,0,9
BRDA:38,5,0,1
BRDA:42,6,0,1
BRDA:47,7,0,1
BRDA:53,8,0,25
BRDA:62,9,0,14
BRDA:75,10,0,12
BRDA:103,11,0,17
BRDA:105,12,0,1
BRDA:56,13,0,25
BRDA:85,14,0,12
BRDA:111,15,0,68
BRDA:137,16,0,68
BRDA:140,17,0,68
BRDA:56,18,0,25
BRDA:65,19,0,14
BRDA:89,20,0,12
BRDA:108,21,0,17
BRDA:121,22,0,68
BRDA:126,23,0,68
BRDA:128,24,0,68
BRDA:32,25,0,14
BRDA:128,26,0,68
BRDA:152,27,0,68
BRDA:153,28,0,68
BRDA:158,29,0,68
BRF:30
BRH:29
end_of_record
TN:
SF:unit_test/readonly-table/style.js
FNF:0
FNH:0
DA:1,9
DA:2,9
DA:3,9
DA:4,9
DA:5,9
DA:6,9
DA:7,9
DA:8,9
DA:9,9
DA:10,9
DA:11,9
DA:12,9
DA:13,9
DA:14,9
DA:15,9
DA:16,9
DA:17,9
DA:18,9
DA:19,9
DA:20,9
DA:21,9
DA:22,9
DA:23,9
DA:24,9
DA:25,9
DA:26,9
DA:27,9
DA:28,9
DA:29,9
DA:30,9
DA:31,9
DA:32,9
DA:33,9
DA:34,9
DA:35,9
DA:36,9
DA:37,9
DA:38,9
DA:39,9
DA:40,9
DA:41,9
DA:42,9
DA:43,9
DA:44,9
DA:45,9
DA:46,9
DA:47,9
DA:48,9
DA:49,9
DA:50,9
DA:51,9
DA:52,9
DA:53,9
DA:54,9
DA:55,9
DA:56,9
DA:57,9
DA:58,9
DA:59,9
DA:60,9
DA:61,9
DA:62,9
DA:63,9
DA:64,9
DA:65,9
DA:66,9
DA:67,9
DA:68,9
DA:69,9
DA:70,9
DA:71,9
DA:72,9
DA:73,9
DA:74,9
DA:75,9
DA:76,9
DA:77,9
DA:78,9
DA:79,9
LF:79
LH:79
BRDA:1,0,0,6
BRF:1
BRH:1
end_of_record
TN:
SF:unit_test/spinner/index.js
FN:14,KucSpinner
FN:21,_getSpinnerSvgTemplate
FN:43,open
FN:49,close
FN:53,render
FNF:5
FNH:5
FNDA:4,KucSpinner
FNDA:3,_getSpinnerSvgTemplate
FNDA:3,open
FNDA:1,close
FNDA:3,render
DA:1,4
DA:2,4
DA:3,4
DA:4,4
DA:5,4
DA:6,4
DA:7,4
DA:8,4
DA:9,4
DA:10,4
DA:11,1
DA:12,1
DA:13,4
DA:14,4
DA:15,4
DA:16,4
DA:17,4
DA:18,4
DA:19,4
DA:20,4
DA:21,4
DA:22,3
DA:23,3
DA:24,3
DA:25,3
DA:26,3
DA:27,3
DA:28,3
DA:29,3
DA:30,3
DA:31,3
DA:32,3
DA:33,3
DA:34,3
DA:35,3
DA:36,3
DA:37,3
DA:38,3
DA:39,3
DA:40,3
DA:41,3
DA:42,3
DA:43,4
DA:44,3
DA:45,3
DA:46,3
DA:47,3
DA:48,3
DA:49,4
DA:50,1
DA:51,1
DA:52,1
DA:53,4
DA:54,3
DA:55,3
DA:56,3
DA:57,3
DA:58,3
DA:59,3
DA:60,3
DA:61,3
DA:62,3
DA:63,3
DA:64,3
DA:65,3
DA:66,3
DA:67,3
DA:68,4
DA:69,4
DA:70,4
DA:71,4
DA:72,4
DA:73,4
DA:74,4
DA:75,4
DA:76,4
DA:77,4
LF:77
LH:77
BRDA:1,0,0,3
BRDA:8,1,0,3
BRDA:10,2,0,0
BRDA:14,3,0,4
BRDA:21,4,0,4
BRDA:43,5,0,4
BRDA:49,6,0,3
BRDA:53,7,0,4
BRDA:60,8,0,2
BRDA:62,9,0,2
BRF:10
BRH:9
end_of_record
TN:
SF:unit_test/spinner/style.js
FNF:0
FNH:0
DA:1,4
DA:2,4
DA:3,4
DA:4,4
DA:5,4
DA:6,4
DA:7,4
DA:8,4
DA:9,4
DA:10,4
DA:11,4
DA:12,4
DA:13,4
DA:14,4
DA:15,4
DA:16,4
DA:17,4
DA:18,4
DA:19,4
DA:20,4
DA:21,4
DA:22,4
DA:23,4
DA:24,4
DA:25,4
DA:26,4
DA:27,4
DA:28,4
DA:29,4
DA:30,4
DA:31,4
DA:32,4
DA:33,4
DA:34,4
DA:35,4
DA:36,4
DA:37,4
DA:38,4
DA:39,4
DA:40,4
DA:41,4
DA:42,4
DA:43,4
DA:44,4
DA:45,4
DA:46,4
DA:47,4
DA:48,4
DA:49,4
DA:50,4
DA:51,4
DA:52,4
DA:53,4
DA:54,4
DA:55,4
DA:56,4
DA:57,4
DA:58,4
DA:59,4
DA:60,4
DA:61,4
DA:62,4
DA:63,4
DA:64,4
DA:65,4
DA:66,4
DA:67,4
DA:68,4
DA:69,4
DA:70,4
DA:71,4
DA:72,4
DA:73,4
DA:74,4
DA:75,4
DA:76,4
DA:77,4
DA:78,4
DA:79,4
DA:80,4
DA:81,4
DA:82,4
DA:83,4
LF:83
LH:83
BRDA:1,0,0,3
BRF:1
BRH:1
end_of_record
TN:
SF:unit_test/table/index.js
FN:27,KucTable
FN:41,shouldUpdate
FN:51,willUpdate
FN:56,_getErrorMessageWhenValidateColumns
FN:68,render
FN:87,updated
FN:94,_getTableHeaderTemplate
FN:101,_getColumnHeaderTemplate
FN:115,_getActionsCellWhenRemoveRow
FN:130,_getDefaultDataRow
FN:147,_addRowToTable
FN:173,_handleChangeCell
FN:196,_handleAddRow
FN:210,_handleRemoveRow
FN:227,_focusActionsButtonWhenRemoveRow
FN:235,_focusRemoveRowButton
FN:239,_focusFirstAddRowButton
FN:244,_toggleRemoveRowButton
FN:258,_getSvgDOM
FN:273,_addActionsCellToNewRow
FN:284,_getActionButtonDOM
FN:315,_getErrorValidateColumnsAndData
FN:323,_deepCloneObject
FN:326,_dispatchChangeEvent
FNF:24
FNH:24
FNDA:9,KucTable
FNDA:9,shouldUpdate
FNDA:9,willUpdate
FNDA:9,_getErrorMessageWhenValidateColumns
FNDA:9,render
FNDA:9,updated
FNDA:5,_getTableHeaderTemplate
FNDA:5,_getColumnHeaderTemplate
FNDA:2,_getActionsCellWhenRemoveRow
FNDA:1,_getDefaultDataRow
FNDA:5,_addRowToTable
FNDA:1,_handleChangeCell
FNDA:1,_handleAddRow
FNDA:2,_handleRemoveRow
FNDA:2,_focusActionsButtonWhenRemoveRow
FNDA:1,_focusRemoveRowButton
FNDA:2,_focusFirstAddRowButton
FNDA:2,_toggleRemoveRowButton
FNDA:5,_getSvgDOM
FNDA:5,_addActionsCellToNewRow
FNDA:5,_getActionButtonDOM
FNDA:9,_getErrorValidateColumnsAndData
FNDA:2,_deepCloneObject
FNDA:2,_dispatchChangeEvent
DA:1,9
DA:2,9
DA:3,9
DA:4,9
DA:5,9
DA:6,9
DA:7,9
DA:8,9
DA:9,9
DA:10,9
DA:11,9
DA:12,9
DA:13,9
DA:14,9
DA:15,9
DA:16,9
DA:17,9
DA:18,9
DA:19,9
DA:20,9
DA:21,9
DA:22,9
DA:23,9
DA:24,1
DA:25,1
DA:26,9
DA:27,9
DA:28,9
DA:29,9
DA:30,9
DA:31,9
DA:32,9
DA:33,9
DA:34,9
DA:35,9
DA:36,9
DA:37,9
DA:38,9
DA:39,9
DA:40,9
DA:41,9
DA:42,9
DA:43,9
DA:44,9
DA:45,2
DA:46,2
DA:47,2
DA:48,9
DA:49,9
DA:50,9
DA:51,9
DA:52,9
DA:53,9
DA:54,1
DA:55,9
DA:56,9
DA:57,9
DA:58,1
DA:59,1
DA:60,9
DA:61,1
DA:62,1
DA:63,9
DA:64,1
DA:65,1
DA:66,9
DA:67,9
DA:68,9
DA:69,9
DA:70,9
DA:71,5
DA:72,5
DA:73,5
DA:74,5
DA:75,9
DA:76,5
DA:77,5
DA:78,5
DA:79,5
DA:80,5
DA:81,5
DA:82,5
DA:83,5
DA:84,5
DA:85,9
DA:86,9
DA:87,9
DA:88,9
DA:89,9
DA:90,5
DA:91,5
DA:92,5
DA:93,9
DA:94,9
DA:95,5
DA:96,5
DA:97,5
DA:98,5
DA:99,5
DA:100,5
DA:101,9
DA:102,5
DA:103,5
DA:104,5
DA:105,5
DA:106,5
DA:107,5
DA:108,5
DA:109,5
DA:110,5
DA:111,5
DA:112,5
DA:113,5
DA:114,5
DA:115,9
DA:116,2
DA:117,2
DA:118,2
DA:119,1
DA:120,1
DA:121,0
DA:122,0
DA:123,1
DA:124,1
DA:125,1
DA:126,1
DA:127,1
DA:128,2
DA:129,2
DA:130,9
DA:131,1
DA:132,1
DA:133,1
DA:134,1
DA:135,1
DA:136,1
DA:137,1
DA:138,1
DA:139,1
DA:140,1
DA:141,1
DA:142,1
DA:143,1
DA:144,1
DA:145,1
DA:146,1
DA:147,9
DA:148,5
DA:149,5
DA:150,5
DA:151,5
DA:152,5
DA:153,5
DA:154,5
DA:155,5
DA:156,1
DA:157,5
DA:158,5
DA:159,5
DA:160,5
DA:161,5
DA:162,5
DA:163,2
DA:164,2
DA:165,5
DA:166,5
DA:167,5
DA:168,5
DA:169,5
DA:170,5
DA:171,5
DA:172,5
DA:173,9
DA:174,1
DA:175,1
DA:176,1
DA:177,1
DA:178,1
DA:179,1
DA:180,1
DA:181,1
DA:182,1
DA:183,1
DA:184,1
DA:185,1
DA:186,1
DA:187,1
DA:188,1
DA:189,1
DA:190,1
DA:191,1
DA:192,1
DA:193,1
DA:194,1
DA:195,1
DA:196,9
DA:197,1
DA:198,1
DA:199,1
DA:200,1
DA:201,1
DA:202,1
DA:203,1
DA:204,1
DA:205,1
DA:206,1
DA:207,1
DA:208,1
DA:209,1
DA:210,9
DA:211,2
DA:212,2
DA:213,2
DA:214,2
DA:215,2
DA:216,2
DA:217,2
DA:218,2
DA:219,2
DA:220,2
DA:221,2
DA:222,2
DA:223,2
DA:224,2
DA:225,2
DA:226,2
DA:227,9
DA:228,2
DA:229,2
DA:230,1
DA:231,1
DA:232,1
DA:233,2
DA:234,2
DA:235,9
DA:236,1
DA:237,1
DA:238,1
DA:239,9
DA:240,2
DA:241,2
DA:242,2
DA:243,2
DA:244,9
DA:245,2
DA:246,2
DA:247,2
DA:248,2
DA:249,2
DA:250,2
DA:251,2
DA:252,2
DA:253,1
DA:254,1
DA:255,1
DA:256,1
DA:257,2
DA:258,9
DA:259,5
DA:260,5
DA:261,5
DA:262,5
DA:263,5
DA:264,5
DA:265,5
DA:266,5
DA:267,5
DA:268,5
DA:269,5
DA:270,5
DA:271,5
DA:272,5
DA:273,9
DA:274,5
DA:275,5
DA:276,5
DA:277,5
DA:278,5
DA:279,5
DA:280,5
DA:281,1
DA:282,1
DA:283,5
DA:284,9
DA:285,5
DA:286,5
DA:287,5
DA:288,5
DA:289,5
DA:290,5
DA:291,5
DA:292,5
DA:293,5
DA:294,5
DA:295,5
DA:296,5
DA:297,5
DA:298,5
DA:299,5
DA:300,5
DA:301,5
DA:302,2
DA:303,2
DA:304,0
DA:305,0
DA:306,0
DA:307,2
DA:308,1
DA:309,1
DA:310,1
DA:311,2
DA:312,5
DA:313,5
DA:314,5
DA:315,9
DA:316,9
DA:317,9
DA:318,9
DA:319,9
DA:320,9
DA:321,9
DA:322,9
DA:323,9
DA:324,2
DA:325,2
DA:326,9
DA:327,2
DA:328,2
DA:329,2
DA:330,9
DA:331,9
DA:332,9
DA:333,9
DA:334,9
DA:335,9
DA:336,9
DA:337,9
DA:338,9
DA:339,9
DA:340,9
DA:341,9
DA:342,9
DA:343,9
DA:344,9
DA:345,9
DA:346,9
DA:347,9
DA:348,9
DA:349,9
DA:350,9
DA:351,9
DA:352,9
DA:353,9
DA:354,9
DA:355,9
DA:356,9
DA:357,9
DA:358,9
DA:359,9
DA:360,9
DA:361,9
DA:362,9
DA:363,9
DA:364,9
DA:365,9
DA:366,9
DA:367,9
DA:368,9
LF:368
LH:363
BRDA:1,0,0,8
BRDA:21,1,0,36
BRDA:23,2,0,0
BRDA:27,3,0,9
BRDA:37,4,0,4
BRDA:41,5,0,9
BRDA:42,6,0,2
BRDA:44,7,0,2
BRDA:51,8,0,9
BRDA:54,9,0,1
BRDA:56,10,0,9
BRDA:57,11,0,1
BRDA:60,12,0,1
BRDA:63,13,0,1
BRDA:68,14,0,13
BRDA:70,15,0,5
BRDA:87,16,0,13
BRDA:89,17,0,5
BRDA:94,18,0,8
BRDA:97,19,0,8
BRDA:101,20,0,8
BRDA:107,21,0,4
BRDA:115,22,0,8
BRDA:118,23,0,13
BRDA:147,24,0,15
BRDA:158,25,0,3
BRDA:160,26,0,5
BRDA:162,27,0,5
BRDA:166,28,0,4
BRDA:170,29,0,4
BRDA:210,30,0,8
BRDA:212,31,0,6
BRDA:227,32,0,8
BRDA:229,33,0,7
BRDA:239,34,0,8
BRDA:244,35,0,8
BRDA:253,36,0,13
BRDA:258,37,0,8
BRDA:273,38,0,8
BRDA:280,39,0,4
BRDA:284,40,0,8
BRDA:301,41,0,8
BRDA:303,42,0,6
BRDA:307,43,0,7
BRDA:315,44,0,9
BRDA:318,45,0,1
BRDA:320,46,0,1
BRDA:323,47,0,8
BRDA:326,48,0,8
BRDA:120,49,0,13
BRDA:130,50,0,36
BRDA:155,51,0,15
BRDA:173,52,0,36
BRDA:196,53,0,36
BRDA:235,54,0,36
BRDA:254,55,0,13
BRDA:75,56,0,13
BRDA:90,57,0,13
BRF:58
BRH:57
end_of_record
TN:
SF:unit_test/table/style.js
FNF:0
FNH:0
DA:1,9
DA:2,9
DA:3,9
DA:4,9
DA:5,9
DA:6,9
DA:7,9
DA:8,9
DA:9,9
DA:10,9
DA:11,9
DA:12,9
DA:13,9
DA:14,9
DA:15,9
DA:16,9
DA:17,9
DA:18,9
DA:19,9
DA:20,9
DA:21,9
DA:22,9
DA:23,9
DA:24,9
DA:25,9
DA:26,9
DA:27,9
DA:28,9
DA:29,9
DA:30,9
DA:31,9
DA:32,9
DA:33,9
DA:34,9
DA:35,9
DA:36,9
DA:37,9
DA:38,9
DA:39,9
DA:40,9
DA:41,9
DA:42,9
DA:43,9
DA:44,9
DA:45,9
DA:46,9
DA:47,9
DA:48,9
DA:49,9
DA:50,9
DA:51,9
DA:52,9
DA:53,9
DA:54,9
DA:55,9
DA:56,9
DA:57,9
DA:58,9
DA:59,9
DA:60,9
DA:61,9
DA:62,9
DA:63,9
DA:64,9
DA:65,9
DA:66,9
DA:67,9
DA:68,9
DA:69,9
DA:70,9
DA:71,9
DA:72,9
DA:73,9
DA:74,9
DA:75,9
DA:76,9
DA:77,9
DA:78,9
DA:79,9
DA:80,9
DA:81,9
DA:82,9
DA:83,9
DA:84,9
DA:85,9
DA:86,9
DA:87,9
DA:88,9
DA:89,9
DA:90,9
DA:91,9
DA:92,9
DA:93,9
DA:94,9
DA:95,9
DA:96,9
DA:97,9
DA:98,9
DA:99,9
DA:100,9
DA:101,9
DA:102,9
DA:103,9
DA:104,9
DA:105,9
DA:106,9
LF:106
LH:106
BRDA:1,0,0,6
BRF:1
BRH:1
end_of_record
TN:
SF:unit_test/text/index.js
FN:18,KucText
FN:36,_handleFocusInput
FN:40,_handleChangeInput
FN:48,_handleInputText
FN:57,render
FNF:5
FNH:5
FNDA:18,KucText
FNDA:1,_handleFocusInput
FNDA:2,_handleChangeInput
FNDA:1,_handleInputText
FNDA:18,render
DA:1,18
DA:2,18
DA:3,18
DA:4,18
DA:5,18
DA:6,18
DA:7,18
DA:8,18
DA:9,18
DA:10,18
DA:11,18
DA:12,18
DA:13,18
DA:14,18
DA:15,16
DA:16,16
DA:17,18
DA:18,18
DA:19,18
DA:20,18
DA:21,18
DA:22,18
DA:23,18
DA:24,18
DA:25,18
DA:26,18
DA:27,18
DA:28,18
DA:29,18
DA:30,18
DA:31,18
DA:32,18
DA:33,18
DA:34,18
DA:35,18
DA:36,18
DA:37,1
DA:38,1
DA:39,1
DA:40,18
DA:41,2
DA:42,2
DA:43,2
DA:44,2
DA:45,2
DA:46,2
DA:47,2
DA:48,18
DA:49,1
DA:50,1
DA:51,1
DA:52,1
DA:53,1
DA:54,1
DA:55,1
DA:56,1
DA:57,18
DA:58,18
DA:59,18
DA:60,18
DA:61,18
DA:62,18
DA:63,18
DA:64,18
DA:65,18
DA:66,18
DA:67,18
DA:68,18
DA:69,18
DA:70,18
DA:71,18
DA:72,18
DA:73,18
DA:74,18
DA:75,18
DA:76,18
DA:77,18
DA:78,18
DA:79,18
DA:80,18
DA:81,18
DA:82,18
DA:83,18
DA:84,18
DA:85,18
DA:86,18
DA:87,18
DA:88,18
DA:89,18
DA:90,18
DA:91,18
DA:92,18
DA:93,18
DA:94,18
DA:95,18
DA:96,18
DA:97,18
DA:98,18
DA:99,18
DA:100,18
DA:101,18
DA:102,18
DA:103,18
DA:104,18
DA:105,18
DA:106,18
DA:107,18
DA:108,18
DA:109,18
DA:110,18
DA:111,18
DA:112,18
DA:113,18
DA:114,18
DA:115,18
DA:116,18
DA:117,18
DA:118,18
DA:119,18
DA:120,18
DA:121,18
DA:122,18
DA:123,18
DA:124,18
DA:125,18
DA:126,18
DA:127,18
DA:128,18
DA:129,18
DA:130,18
DA:131,18
DA:132,18
DA:133,18
DA:134,18
DA:135,18
DA:136,18
DA:137,18
DA:138,18
DA:139,18
DA:140,18
DA:141,18
DA:142,18
DA:143,18
DA:144,18
DA:145,18
DA:146,18
DA:147,18
DA:148,18
DA:149,18
DA:150,18
DA:151,18
DA:152,18
DA:153,18
DA:154,18
DA:155,18
DA:156,18
DA:157,18
DA:158,18
LF:158
LH:158
BRDA:1,0,0,2
BRDA:12,1,0,6
BRDA:14,2,0,0
BRDA:18,3,0,18
BRDA:40,4,0,3
BRDA:57,5,0,18
BRDA:36,6,0,6
BRDA:48,7,0,6
BRF:8
BRH:7
end_of_record
TN:
SF:unit_test/text/style.js
FNF:0
FNH:0
DA:1,18
DA:2,18
DA:3,18
DA:4,18
DA:5,18
DA:6,18
DA:7,18
DA:8,18
DA:9,18
DA:10,18
DA:11,18
DA:12,18
DA:13,18
DA:14,18
DA:15,18
DA:16,18
DA:17,18
DA:18,18
DA:19,18
DA:20,18
DA:21,18
DA:22,18
DA:23,18
DA:24,18
DA:25,18
DA:26,18
DA:27,18
DA:28,18
DA:29,18
DA:30,18
DA:31,18
DA:32,18
DA:33,18
DA:34,18
DA:35,18
DA:36,18
DA:37,18
DA:38,18
DA:39,18
DA:40,18
DA:41,18
DA:42,18
DA:43,18
DA:44,18
DA:45,18
DA:46,18
DA:47,18
DA:48,18
DA:49,18
DA:50,18
DA:51,18
DA:52,18
DA:53,18
DA:54,18
DA:55,18
DA:56,18
DA:57,18
DA:58,18
DA:59,18
DA:60,18
DA:61,18
DA:62,18
DA:63,18
DA:64,18
DA:65,18
DA:66,18
DA:67,18
DA:68,18
DA:69,18
DA:70,18
DA:71,18
DA:72,18
DA:73,18
DA:74,18
DA:75,18
DA:76,18
DA:77,18
DA:78,18
DA:79,18
DA:80,18
DA:81,18
DA:82,18
DA:83,18
DA:84,18
DA:85,18
DA:86,18
DA:87,18
DA:88,18
DA:89,18
DA:90,18
DA:91,18
DA:92,18
DA:93,18
DA:94,18
DA:95,18
DA:96,18
LF:96
LH:96
BRDA:1,0,0,2
BRF:1
BRH:1
end_of_record
TN:
SF:unit_test/textarea/index.js
FN:22,KucTextArea
FN:38,_handleFocusTextarea
FN:42,_handleChangeTextarea
FN:53,_handleInputTextArea
FN:62,_handleMouseDownResize
FN:65,_handleMouseUpDocument
FN:68,_handleMouseMoveDocument
FN:81,_getResizerButtonSvgTemplate
FN:95,firstUpdated
FN:99,render
FNF:10
FNH:10
FNDA:14,KucTextArea
FNDA:1,_handleFocusTextarea
FNDA:1,_handleChangeTextarea
FNDA:1,_handleInputTextArea
FNDA:1,_handleMouseDownResize
FNDA:1,_handleMouseUpDocument
FNDA:1,_handleMouseMoveDocument
FNDA:14,_getResizerButtonSvgTemplate
FNDA:14,firstUpdated
FNDA:14,render
DA:1,14
DA:2,14
DA:3,14
DA:4,14
DA:5,14
DA:6,14
DA:7,14
DA:8,14
DA:9,14
DA:10,14
DA:11,14
DA:12,14
DA:13,14
DA:14,14
DA:15,12
DA:16,12
DA:17,14
DA:18,14
DA:19,14
DA:20,14
DA:21,14
DA:22,14
DA:23,14
DA:24,14
DA:25,14
DA:26,14
DA:27,14
DA:28,14
DA:29,14
DA:30,14
DA:31,14
DA:32,14
DA:33,14
DA:34,14
DA:35,14
DA:36,14
DA:37,14
DA:38,14
DA:39,1
DA:40,1
DA:41,1
DA:42,14
DA:43,1
DA:44,1
DA:45,1
DA:46,1
DA:47,1
DA:48,1
DA:49,1
DA:50,1
DA:51,1
DA:52,1
DA:53,14
DA:54,1
DA:55,1
DA:56,1
DA:57,1
DA:58,1
DA:59,1
DA:60,1
DA:61,1
DA:62,14
DA:63,1
DA:64,1
DA:65,14
DA:66,1
DA:67,1
DA:68,14
DA:69,1
DA:70,1
DA:71,1
DA:72,1
DA:73,1
DA:74,1
DA:75,1
DA:76,1
DA:77,1
DA:78,1
DA:79,1
DA:80,1
DA:81,14
DA:82,14
DA:83,14
DA:84,14
DA:85,14
DA:86,14
DA:87,14
DA:88,14
DA:89,14
DA:90,14
DA:91,14
DA:92,14
DA:93,14
DA:94,14
DA:95,14
DA:96,14
DA:97,14
DA:98,14
DA:99,14
DA:100,14
DA:101,14
DA:102,14
DA:103,14
DA:104,14
DA:105,14
DA:106,14
DA:107,14
DA:108,14
DA:109,14
DA:110,14
DA:111,14
DA:112,14
DA:113,14
DA:114,14
DA:115,14
DA:116,14
DA:117,14
DA:118,14
DA:119,14
DA:120,14
DA:121,14
DA:122,14
DA:123,14
DA:124,14
DA:125,14
DA:126,14
DA:127,14
DA:128,14
DA:129,14
DA:130,14
DA:131,14
DA:132,14
DA:133,14
DA:134,14
DA:135,14
DA:136,14
DA:137,14
DA:138,14
DA:139,14
DA:140,14
DA:141,14
DA:142,14
DA:143,14
DA:144,14
DA:145,14
DA:146,14
DA:147,14
DA:148,14
DA:149,14
DA:150,14
DA:151,14
DA:152,14
DA:153,14
DA:154,14
DA:155,14
DA:156,14
DA:157,14
DA:158,14
DA:159,14
DA:160,14
DA:161,14
DA:162,14
DA:163,14
DA:164,14
DA:165,14
DA:166,14
DA:167,14
DA:168,14
DA:169,14
DA:170,14
DA:171,14
DA:172,14
DA:173,14
DA:174,14
DA:175,14
DA:176,14
DA:177,14
DA:178,14
DA:179,14
DA:180,14
DA:181,14
DA:182,14
LF:182
LH:182
BRDA:1,0,0,2
BRDA:12,1,0,7
BRDA:14,2,0,0
BRDA:22,3,0,14
BRDA:62,4,0,2
BRDA:65,5,0,2
BRDA:68,6,0,2
BRDA:70,7,0,1
BRDA:75,8,0,1
BRDA:77,9,0,1
BRDA:81,10,0,14
BRDA:95,11,0,14
BRDA:96,12,0,14
BRDA:97,13,0,14
BRDA:99,14,0,14
BRDA:42,15,0,7
BRDA:38,16,0,7
BRDA:53,17,0,7
BRF:18
BRH:17
end_of_record
TN:
SF:unit_test/textarea/style.js
FNF:0
FNH:0
DA:1,14
DA:2,14
DA:3,14
DA:4,14
DA:5,14
DA:6,14
DA:7,14
DA:8,14
DA:9,14
DA:10,14
DA:11,14
DA:12,14
DA:13,14
DA:14,14
DA:15,14
DA:16,14
DA:17,14
DA:18,14
DA:19,14
DA:20,14
DA:21,14
DA:22,14
DA:23,14
DA:24,14
DA:25,14
DA:26,14
DA:27,14
DA:28,14
DA:29,14
DA:30,14
DA:31,14
DA:32,14
DA:33,14
DA:34,14
DA:35,14
DA:36,14
DA:37,14
DA:38,14
DA:39,14
DA:40,14
DA:41,14
DA:42,14
DA:43,14
DA:44,14
DA:45,14
DA:46,14
DA:47,14
DA:48,14
DA:49,14
DA:50,14
DA:51,14
DA:52,14
DA:53,14
DA:54,14
DA:55,14
DA:56,14
DA:57,14
DA:58,14
DA:59,14
DA:60,14
DA:61,14
DA:62,14
DA:63,14
DA:64,14
DA:65,14
DA:66,14
DA:67,14
DA:68,14
DA:69,14
DA:70,14
DA:71,14
DA:72,14
DA:73,14
DA:74,14
DA:75,14
DA:76,14
DA:77,14
DA:78,14
DA:79,14
DA:80,14
DA:81,14
DA:82,14
DA:83,14
DA:84,14
DA:85,14
DA:86,14
DA:87,14
DA:88,14
LF:88
LH:88
BRDA:1,0,0,2
BRF:1
BRH:1
end_of_record
TN:
SF:unit_test/time-picker/index.js
FN:22,KucTimePicker
FN:48,shouldUpdate
FN:105,update
FN:126,render
FN:161,updated
FN:166,_updateErrorWidth
FN:175,_handleTimeChange
FN:195,_getLanguage
FNF:8
FNH:8
FNDA:19,KucTimePicker
FNDA:19,shouldUpdate
FNDA:19,update
FNDA:19,render
FNDA:19,updated
FNDA:19,_updateErrorWidth
FNDA:6,_handleTimeChange
FNDA:19,_getLanguage
DA:1,19
DA:2,19
DA:3,19
DA:4,19
DA:5,19
DA:6,19
DA:7,19
DA:8,19
DA:9,19
DA:10,19
DA:11,19
DA:12,19
DA:13,19
DA:14,19
DA:15,19
DA:16,19
DA:17,19
DA:18,19
DA:19,16
DA:20,16
DA:21,19
DA:22,19
DA:23,19
DA:24,19
DA:25,19
DA:26,19
DA:27,19
DA:28,19
DA:29,19
DA:30,19
DA:31,19
DA:32,19
DA:33,19
DA:34,19
DA:35,19
DA:36,19
DA:37,19
DA:38,19
DA:39,19
DA:40,19
DA:41,19
DA:42,19
DA:43,19
DA:44,19
DA:45,19
DA:46,19
DA:47,19
DA:48,19
DA:49,19
DA:50,19
DA:51,19
DA:52,19
DA:53,18
DA:54,18
DA:55,3
DA:56,3
DA:57,1
DA:58,1
DA:59,1
DA:60,3
DA:61,3
DA:62,19
DA:63,18
DA:64,18
DA:65,5
DA:66,5
DA:67,1
DA:68,1
DA:69,1
DA:70,5
DA:71,5
DA:72,19
DA:73,1
DA:74,1
DA:75,1
DA:76,19
DA:77,19
DA:78,19
DA:79,19
DA:80,19
DA:81,1
DA:82,1
DA:83,1
DA:84,19
DA:85,1
DA:86,1
DA:87,1
DA:88,19
DA:89,19
DA:90,19
DA:91,19
DA:92,8
DA:93,1
DA:94,1
DA:95,1
DA:96,8
DA:97,8
DA:98,8
DA:99,19
DA:100,1
DA:101,1
DA:102,1
DA:103,8
DA:104,19
DA:105,19
DA:106,19
DA:107,19
DA:108,2
DA:109,1
DA:110,1
DA:111,2
DA:112,19
DA:113,19
DA:114,19
DA:115,19
DA:116,19
DA:117,19
DA:118,19
DA:119,19
DA:120,19
DA:121,19
DA:122,19
DA:123,19
DA:124,19
DA:125,19
DA:126,19
DA:127,19
DA:128,19
DA:129,19
DA:130,19
DA:131,19
DA:132,19
DA:133,19
DA:134,19
DA:135,19
DA:136,19
DA:137,19
DA:138,19
DA:139,19
DA:140,19
DA:141,19
DA:142,19
DA:143,19
DA:144,19
DA:145,19
DA:146,19
DA:147,19
DA:148,19
DA:149,19
DA:150,19
DA:151,19
DA:152,19
DA:153,19
DA:154,19
DA:155,19
DA:156,19
DA:157,19
DA:158,19
DA:159,19
DA:160,19
DA:161,19
DA:162,19
DA:163,19
DA:164,19
DA:165,19
DA:166,19
DA:167,19
DA:168,19
DA:169,19
DA:170,1
DA:171,1
DA:172,1
DA:173,19
DA:174,19
DA:175,19
DA:176,6
DA:177,6
DA:178,6
DA:179,6
DA:180,6
DA:181,6
DA:182,6
DA:183,1
DA:184,1
DA:185,1
DA:186,1
DA:187,1
DA:188,5
DA:189,5
DA:190,5
DA:191,5
DA:192,6
DA:193,6
DA:194,6
DA:195,19
DA:196,19
DA:197,19
DA:198,19
DA:199,19
DA:200,19
DA:201,19
DA:202,19
DA:203,19
DA:204,19
DA:205,19
DA:206,19
DA:207,19
DA:208,19
DA:209,19
DA:210,19
DA:211,19
DA:212,19
DA:213,19
DA:214,19
DA:215,19
DA:216,19
DA:217,19
DA:218,19
DA:219,19
DA:220,19
DA:221,19
DA:222,19
DA:223,19
DA:224,19
DA:225,19
DA:226,19
DA:227,19
DA:228,19
DA:229,19
DA:230,19
DA:231,19
DA:232,19
DA:233,19
DA:234,19
DA:235,19
DA:236,19
DA:237,19
DA:238,19
DA:239,19
DA:240,19
DA:241,19
DA:242,19
DA:243,19
DA:244,19
DA:245,19
DA:246,19
DA:247,19
DA:248,19
DA:249,19
DA:250,19
DA:251,19
DA:252,19
DA:253,19
DA:254,19
DA:255,19
DA:256,19
DA:257,19
DA:258,19
DA:259,19
DA:260,19
DA:261,19
DA:262,19
DA:263,19
DA:264,19
LF:264
LH:264
BRDA:1,0,0,3
BRDA:16,1,0,3
BRDA:18,2,0,0
BRDA:22,3,0,19
BRDA:48,4,0,91
BRDA:55,5,0,4
BRDA:65,6,0,6
BRDA:72,7,0,1
BRDA:80,8,0,1
BRDA:84,9,0,1
BRDA:92,10,0,1
BRDA:99,11,0,1
BRDA:105,12,0,56
BRDA:107,13,0,3
BRDA:126,14,0,19
BRDA:161,15,0,19
BRDA:162,16,0,19
BRDA:166,17,0,19
BRDA:169,18,0,1
BRDA:175,19,0,12
BRDA:182,20,0,2
BRDA:195,21,0,19
BRDA:198,22,0,1
BRDA:200,23,0,1
BRDA:49,24,0,91
BRDA:92,25,0,91
BRDA:99,26,0,91
BRDA:113,27,0,56
BRDA:117,28,0,56
BRDA:118,29,0,56
BRDA:91,30,0,91
BRDA:113,31,0,56
BRDA:52,32,0,91
BRDA:56,33,0,4
BRDA:62,34,0,91
BRDA:66,35,0,6
BRDA:108,36,0,3
BRDA:188,37,0,12
BRF:38
BRH:37
end_of_record
TN:
SF:unit_test/time-picker/style.js
FNF:0
FNH:0
DA:1,19
DA:2,19
DA:3,19
DA:4,19
DA:5,19
DA:6,19
DA:7,19
DA:8,19
DA:9,19
DA:10,19
DA:11,19
DA:12,19
DA:13,19
DA:14,19
DA:15,19
DA:16,19
DA:17,19
DA:18,19
DA:19,19
DA:20,19
DA:21,19
DA:22,19
DA:23,19
DA:24,19
DA:25,19
DA:26,19
DA:27,19
DA:28,19
DA:29,19
DA:30,19
DA:31,19
DA:32,19
DA:33,19
DA:34,19
DA:35,19
DA:36,19
DA:37,19
DA:38,19
DA:39,19
DA:40,19
DA:41,19
DA:42,19
DA:43,19
DA:44,19
DA:45,19
DA:46,19
DA:47,19
DA:48,19
DA:49,19
DA:50,19
DA:51,19
DA:52,19
DA:53,19
LF:53
LH:53
BRDA:1,0,0,3
BRF:1
BRH:1
end_of_record
